2024-10-25 17:21:11,613 file.manager INFO 2.0.0
2024-10-25 17:21:11,613 file.manager INFO Copyright (C) 2003-2022, Noriaki Ando and OpenRTM development team,
2024-10-25 17:21:11,613 file.manager INFO   Intelligent Systems Research Institute, AIST,
2024-10-25 17:21:11,613 file.manager INFO Copyright (C) 2022, Noriaki Ando and OpenRTM development team,
2024-10-25 17:21:11,615 file.manager INFO   Industrial Cyber-Physical Research Center, AIST,
2024-10-25 17:21:11,615 file.manager INFO   All right reserved.
2024-10-25 17:21:11,615 file.manager INFO Manager starting.
2024-10-25 17:21:11,615 file.manager INFO Starting local logging.
2024-10-25 17:21:11,624 file.manager.namingmanager INFO NameServer connection succeeded: corba/localhost
2024-10-25 17:21:15,744 file.ManagerServant INFO Master manager not found
2024-10-25 17:21:15,747 file.LocalServiceAdmin INFO All the local services are enabled.
2024-10-25 17:21:15,752 file.manager INFO Component type conf file: sound.conf loaded.
2024-10-25 17:21:15,755 file.ec_base INFO setRate(1000000.000000) done
2024-10-25 17:21:15,755 file.ec_base INFO setRate(1000.000000) done
2024-10-25 17:21:15,756 file.rtobject INFO 1 execution context was created.
2024-10-25 17:21:15,758 file.rtobject INFO Initial active configuration set is default.
2024-10-25 17:21:29,957 file.ManagerServant INFO Master manager not found
2024-10-25 17:21:40,007 file.ManagerServant INFO Master manager not found
2024-10-25 17:21:50,085 file.ManagerServant INFO Master manager not found
2024-10-25 17:22:00,156 file.ManagerServant INFO Master manager not found
2024-10-25 17:22:10,198 file.ManagerServant INFO Master manager not found
2024-10-25 17:22:20,276 file.ManagerServant INFO Master manager not found
2024-10-25 17:22:30,341 file.ManagerServant INFO Master manager not found
2024-10-25 17:22:40,386 file.ManagerServant INFO Master manager not found
2024-10-25 17:22:50,464 file.ManagerServant INFO Master manager not found
2024-10-25 17:23:00,533 file.ManagerServant INFO Master manager not found
2024-10-25 17:23:10,621 file.ManagerServant INFO Master manager not found
2024-10-25 17:23:20,707 file.ManagerServant INFO Master manager not found
2024-10-25 17:23:30,750 file.ManagerServant INFO Master manager not found
2024-10-25 17:23:40,863 file.ManagerServant INFO Master manager not found
2024-10-25 17:23:50,937 file.ManagerServant INFO Master manager not found
2024-10-25 17:24:01,022 file.ManagerServant INFO Master manager not found
2024-10-25 17:24:11,112 file.ManagerServant INFO Master manager not found
2024-10-25 17:24:21,190 file.ManagerServant INFO Master manager not found
2024-10-25 17:24:31,234 file.ManagerServant INFO Master manager not found
2024-10-25 17:24:41,316 file.ManagerServant INFO Master manager not found
2024-10-25 17:24:51,376 file.ManagerServant INFO Master manager not found
2024-10-25 17:25:01,447 file.ManagerServant INFO Master manager not found
2024-10-25 17:25:11,488 file.ManagerServant INFO Master manager not found
2024-10-25 17:25:21,534 file.ManagerServant INFO Master manager not found
2024-10-25 17:25:24,430 file.SdoServiceAdmin WARNING No available SDO service in the factory: 
2024-10-25 17:25:24,430 file.SdoServiceAdmin ERROR type  not exists.
2024-10-25 17:25:31,594 file.ManagerServant INFO Master manager not found
2024-10-25 17:25:41,676 file.ManagerServant INFO Master manager not found
2024-10-25 17:25:51,774 file.ManagerServant INFO Master manager not found
2024-10-25 17:26:01,829 file.ManagerServant INFO Master manager not found
2024-10-25 17:26:11,903 file.ManagerServant INFO Master manager not found
2024-10-25 17:26:21,982 file.ManagerServant INFO Master manager not found
2024-10-25 17:26:32,048 file.ManagerServant INFO Master manager not found
2024-10-25 17:26:42,106 file.ManagerServant INFO Master manager not found
2024-10-25 17:26:52,181 file.ManagerServant INFO Master manager not found
2024-10-25 17:27:02,231 file.ManagerServant INFO Master manager not found
2024-10-25 17:27:12,330 file.ManagerServant INFO Master manager not found
2024-10-25 17:27:22,343 file.ManagerServant INFO Master manager not found
2024-10-25 17:27:32,337 file.ManagerServant INFO Master manager not found
2024-10-25 17:27:42,413 file.ManagerServant INFO Master manager not found
2024-10-25 17:27:52,513 file.ManagerServant INFO Master manager not found
2024-10-25 17:28:02,609 file.ManagerServant INFO Master manager not found
2024-10-25 17:28:12,738 file.ManagerServant INFO Master manager not found
2024-10-25 17:28:22,728 file.ManagerServant INFO Master manager not found
2024-10-25 17:28:32,841 file.ManagerServant INFO Master manager not found
2024-10-25 17:28:42,984 file.ManagerServant INFO Master manager not found
2024-10-25 17:28:52,953 file.ManagerServant INFO Master manager not found
2024-10-25 17:29:03,000 file.ManagerServant INFO Master manager not found
2024-10-25 17:29:13,101 file.ManagerServant INFO Master manager not found
2024-10-25 17:29:23,184 file.ManagerServant INFO Master manager not found
2024-10-25 17:29:33,265 file.ManagerServant INFO Master manager not found
2024-10-25 17:29:43,355 file.ManagerServant INFO Master manager not found
2024-10-25 17:29:53,423 file.ManagerServant INFO Master manager not found
2024-10-25 17:30:03,502 file.ManagerServant INFO Master manager not found
2024-10-25 17:30:13,619 file.ManagerServant INFO Master manager not found
2024-10-25 17:30:23,606 file.ManagerServant INFO Master manager not found
2024-10-25 17:30:33,663 file.ManagerServant INFO Master manager not found
2024-10-25 17:30:43,789 file.ManagerServant INFO Master manager not found
2024-10-25 17:30:53,866 file.ManagerServant INFO Master manager not found
2024-10-25 17:33:34,390 file.ManagerServant INFO Master manager not found
2024-10-25 17:33:38,609 file.ManagerServant INFO Master manager not found
2024-10-25 17:33:48,568 file.ManagerServant INFO Master manager not found
2024-10-25 17:33:58,694 file.ManagerServant INFO Master manager not found
2024-10-25 17:34:08,735 file.ManagerServant INFO Master manager not found
2024-10-25 17:34:18,844 file.ManagerServant INFO Master manager not found
2024-10-25 17:34:28,935 file.ManagerServant INFO Master manager not found
2024-10-25 17:34:38,993 file.ManagerServant INFO Master manager not found
2024-10-25 17:34:49,060 file.ManagerServant INFO Master manager not found
2024-10-25 17:34:59,142 file.ManagerServant INFO Master manager not found
2024-10-25 17:35:09,218 file.ManagerServant INFO Master manager not found
2024-10-25 17:35:19,306 file.ManagerServant INFO Master manager not found
2024-10-25 17:35:29,372 file.ManagerServant INFO Master manager not found
2024-10-25 17:35:39,471 file.ManagerServant INFO Master manager not found
