2024-11-28 18:59:35,741 file.manager INFO 2.0.0
2024-11-28 18:59:35,741 file.manager INFO Copyright (C) 2003-2022, Noriaki Ando and OpenRTM development team,
2024-11-28 18:59:35,742 file.manager INFO   Intelligent Systems Research Institute, AIST,
2024-11-28 18:59:35,742 file.manager INFO Copyright (C) 2022, Noriaki Ando and OpenRTM development team,
2024-11-28 18:59:35,742 file.manager INFO   Industrial Cyber-Physical Research Center, AIST,
2024-11-28 18:59:35,742 file.manager INFO   All right reserved.
2024-11-28 18:59:35,742 file.manager INFO Manager starting.
2024-11-28 18:59:35,742 file.manager INFO Starting local logging.
2024-11-28 18:59:35,775 file.manager.namingmanager INFO NameServer connection succeeded: corba/localhost
2024-11-28 18:59:39,833 file.ManagerServant INFO Master manager not found
2024-11-28 18:59:39,833 file.LocalServiceAdmin INFO All the local services are enabled.
2024-11-28 18:59:39,864 file.manager INFO Component type conf file: sound.conf loaded.
2024-11-28 18:59:39,864 file.ec_base INFO setRate(1000000.000000) done
2024-11-28 18:59:39,864 file.ec_base INFO setRate(1000.000000) done
2024-11-28 18:59:39,864 file.rtobject INFO 1 execution context was created.
2024-11-28 18:59:39,864 file.rtobject INFO Initial active configuration set is default.
2024-11-28 18:59:54,025 file.ManagerServant INFO Master manager not found
2024-11-28 19:00:04,074 file.ManagerServant INFO Master manager not found
2024-11-28 19:00:14,151 file.ManagerServant INFO Master manager not found
2024-11-28 19:00:24,231 file.ManagerServant INFO Master manager not found
2024-11-28 19:00:34,333 file.ManagerServant INFO Master manager not found
2024-11-28 19:00:44,419 file.ManagerServant INFO Master manager not found
2024-11-28 19:00:54,482 file.ManagerServant INFO Master manager not found
2024-11-28 19:01:04,557 file.ManagerServant INFO Master manager not found
