2024-11-21 17:54:02,761 file.manager INFO 2.0.0
2024-11-21 17:54:02,761 file.manager INFO Copyright (C) 2003-2022, Noriaki Ando and OpenRTM development team,
2024-11-21 17:54:02,761 file.manager INFO   Intelligent Systems Research Institute, AIST,
2024-11-21 17:54:02,761 file.manager INFO Copyright (C) 2022, Noriaki Ando and OpenRTM development team,
2024-11-21 17:54:02,761 file.manager INFO   Industrial Cyber-Physical Research Center, AIST,
2024-11-21 17:54:02,761 file.manager INFO   All right reserved.
2024-11-21 17:54:02,761 file.manager INFO Manager starting.
2024-11-21 17:54:02,761 file.manager INFO Starting local logging.
2024-11-21 17:54:02,761 file.manager.namingmanager INFO NameServer connection succeeded: corba/localhost
2024-11-21 17:54:06,854 file.ManagerServant INFO Master manager not found
2024-11-21 17:54:06,854 file.LocalServiceAdmin INFO All the local services are enabled.
2024-11-21 17:54:06,857 file.manager INFO Component type conf file: calculator_mass.conf loaded.
2024-11-21 17:54:06,859 file.ec_base INFO setRate(1000000.000000) done
2024-11-21 17:54:06,859 file.ec_base INFO setRate(1000.000000) done
2024-11-21 17:54:06,859 file.rtobject INFO 1 execution context was created.
2024-11-21 17:54:06,861 file.rtobject INFO Initial active configuration set is default.
2024-11-21 17:54:12,237 file.rtobject ERROR Traceback (most recent call last):
  File "C:\Users\enshu\AppData\Local\Programs\Python\Python310\lib\site-packages\OpenRTM_aist\DataFlowComponentBase.py", line 123, in on_execute
    ret = self.onExecute(ec_id)
  File "C:\Users\enshu\workspace\calculator_mass\calculator_mass.py", line 206, in onExecute
    if m_massIn.isNew():
NameError: name 'm_massIn' is not defined

2024-11-21 17:54:12,252 file.ec_base ERROR State of the RTC transitioned to ERROR_STATE.
