2024-11-28 08:23:58,309 file.manager INFO 2.0.0
2024-11-28 08:23:58,311 file.manager INFO Copyright (C) 2003-2022, Noriaki Ando and OpenRTM development team,
2024-11-28 08:23:58,311 file.manager INFO   Intelligent Systems Research Institute, AIST,
2024-11-28 08:23:58,311 file.manager INFO Copyright (C) 2022, Noriaki Ando and OpenRTM development team,
2024-11-28 08:23:58,311 file.manager INFO   Industrial Cyber-Physical Research Center, AIST,
2024-11-28 08:23:58,311 file.manager INFO   All right reserved.
2024-11-28 08:23:58,311 file.manager INFO Manager starting.
2024-11-28 08:23:58,311 file.manager INFO Starting local logging.
2024-11-28 08:23:58,320 file.manager.namingmanager INFO NameServer connection succeeded: corba/localhost
2024-11-28 08:24:02,416 file.ManagerServant INFO Master manager not found
2024-11-28 08:24:02,418 file.LocalServiceAdmin INFO All the local services are enabled.
2024-11-28 08:24:02,424 file.manager INFO Component type conf file: calculator_temperature.conf loaded.
2024-11-28 08:24:02,425 file.ec_base INFO setRate(1000000.000000) done
2024-11-28 08:24:02,425 file.ec_base INFO setRate(1000.000000) done
2024-11-28 08:24:02,425 file.rtobject INFO 1 execution context was created.
2024-11-28 08:24:02,428 file.rtobject INFO Initial active configuration set is default.
2024-11-28 08:24:16,550 file.ManagerServant INFO Master manager not found
2024-11-28 08:24:26,652 file.ManagerServant INFO Master manager not found
2024-11-28 08:24:36,762 file.ManagerServant INFO Master manager not found
2024-11-28 08:24:46,853 file.ManagerServant INFO Master manager not found
2024-11-28 08:24:56,914 file.ManagerServant INFO Master manager not found
2024-11-28 08:25:07,043 file.ManagerServant INFO Master manager not found
2024-11-28 08:25:17,060 file.ManagerServant INFO Master manager not found
2024-11-28 08:25:27,055 file.ManagerServant INFO Master manager not found
2024-11-28 08:25:37,153 file.ManagerServant INFO Master manager not found
2024-11-28 08:25:47,277 file.ManagerServant INFO Master manager not found
2024-11-28 08:25:57,295 file.ManagerServant INFO Master manager not found
