2024-11-28 08:15:46,956 file.manager INFO 2.0.0
2024-11-28 08:15:46,956 file.manager INFO Copyright (C) 2003-2022, Noriaki Ando and OpenRTM development team,
2024-11-28 08:15:46,956 file.manager INFO   Intelligent Systems Research Institute, AIST,
2024-11-28 08:15:46,956 file.manager INFO Copyright (C) 2022, Noriaki Ando and OpenRTM development team,
2024-11-28 08:15:46,956 file.manager INFO   Industrial Cyber-Physical Research Center, AIST,
2024-11-28 08:15:46,956 file.manager INFO   All right reserved.
2024-11-28 08:15:46,956 file.manager INFO Manager starting.
2024-11-28 08:15:46,956 file.manager INFO Starting local logging.
2024-11-28 08:15:46,971 file.manager.namingmanager INFO NameServer connection succeeded: corba/localhost
2024-11-28 08:15:51,055 file.ManagerServant INFO Master manager not found
2024-11-28 08:15:51,057 file.LocalServiceAdmin INFO All the local services are enabled.
2024-11-28 08:15:51,061 file.manager INFO Component type conf file: calculator_temperature.conf loaded.
2024-11-28 08:15:51,063 file.ec_base INFO setRate(1000000.000000) done
2024-11-28 08:15:51,063 file.ec_base INFO setRate(1000.000000) done
2024-11-28 08:15:51,063 file.rtobject INFO 1 execution context was created.
2024-11-28 08:15:51,065 file.rtobject INFO Initial active configuration set is default.
2024-11-28 08:16:05,237 file.ManagerServant INFO Master manager not found
2024-11-28 08:17:03,101 file.ManagerServant INFO Master manager not found
2024-11-28 08:17:13,173 file.ManagerServant INFO Master manager not found
2024-11-28 08:17:13,731 file.SdoServiceAdmin WARNING No available SDO service in the factory: 
2024-11-28 08:17:13,731 file.SdoServiceAdmin ERROR type  not exists.
2024-11-28 08:17:23,283 file.ManagerServant INFO Master manager not found
2024-11-28 08:17:33,372 file.ManagerServant INFO Master manager not found
2024-11-28 08:17:43,450 file.ManagerServant INFO Master manager not found
2024-11-28 08:17:53,559 file.ManagerServant INFO Master manager not found
2024-11-28 08:18:03,629 file.ManagerServant INFO Master manager not found
2024-11-28 08:18:13,722 file.ManagerServant INFO Master manager not found
