2024-11-28 08:10:21,107 file.manager INFO 2.0.0
2024-11-28 08:10:21,109 file.manager INFO Copyright (C) 2003-2022, Noriaki Ando and OpenRTM development team,
2024-11-28 08:10:21,109 file.manager INFO   Intelligent Systems Research Institute, AIST,
2024-11-28 08:10:21,109 file.manager INFO Copyright (C) 2022, Noriaki Ando and OpenRTM development team,
2024-11-28 08:10:21,109 file.manager INFO   Industrial Cyber-Physical Research Center, AIST,
2024-11-28 08:10:21,109 file.manager INFO   All right reserved.
2024-11-28 08:10:21,109 file.manager INFO Manager starting.
2024-11-28 08:10:21,109 file.manager INFO Starting local logging.
2024-11-28 08:10:21,135 file.manager.namingmanager INFO NameServer connection succeeded: corba/localhost
2024-11-28 08:10:25,219 file.ManagerServant INFO Master manager not found
2024-11-28 08:10:25,220 file.LocalServiceAdmin INFO All the local services are enabled.
2024-11-28 08:10:25,225 file.manager INFO Component type conf file: calculator_temperature.conf loaded.
2024-11-28 08:10:25,227 file.ec_base INFO setRate(1000000.000000) done
2024-11-28 08:10:25,227 file.ec_base INFO setRate(1000.000000) done
2024-11-28 08:10:25,228 file.rtobject INFO 1 execution context was created.
2024-11-28 08:10:25,230 file.rtobject INFO Initial active configuration set is default.
2024-11-28 08:10:39,323 file.ManagerServant INFO Master manager not found
2024-11-28 08:10:48,904 file.SdoServiceAdmin WARNING No available SDO service in the factory: 
2024-11-28 08:10:48,905 file.SdoServiceAdmin ERROR type  not exists.
2024-11-28 08:10:49,418 file.ManagerServant INFO Master manager not found
2024-11-28 08:10:59,472 file.ManagerServant INFO Master manager not found
2024-11-28 08:11:09,568 file.ManagerServant INFO Master manager not found
2024-11-28 08:11:19,628 file.ManagerServant INFO Master manager not found
2024-11-28 08:11:29,685 file.ManagerServant INFO Master manager not found
2024-11-28 08:11:39,731 file.ManagerServant INFO Master manager not found
2024-11-28 08:11:49,804 file.ManagerServant INFO Master manager not found
2024-11-28 08:11:59,839 file.ManagerServant INFO Master manager not found
2024-11-28 08:12:09,906 file.ManagerServant INFO Master manager not found
2024-11-28 08:12:19,998 file.ManagerServant INFO Master manager not found
2024-11-28 08:12:30,047 file.ManagerServant INFO Master manager not found
2024-11-28 08:12:40,089 file.ManagerServant INFO Master manager not found
2024-11-28 08:12:50,207 file.ManagerServant INFO Master manager not found
2024-11-28 08:13:00,302 file.ManagerServant INFO Master manager not found
2024-11-28 08:13:10,390 file.ManagerServant INFO Master manager not found
2024-11-28 08:13:13,241 file.ec_worker ERROR State of the RTC is not INACTIVE_STATE.
2024-11-28 08:13:20,437 file.ManagerServant INFO Master manager not found
2024-11-28 08:13:30,528 file.ManagerServant INFO Master manager not found
2024-11-28 08:13:40,523 file.ManagerServant INFO Master manager not found
2024-11-28 08:13:50,615 file.ManagerServant INFO Master manager not found
2024-11-28 08:14:00,699 file.ManagerServant INFO Master manager not found
2024-11-28 08:14:10,687 file.ManagerServant INFO Master manager not found
2024-11-28 08:14:20,769 file.ManagerServant INFO Master manager not found
2024-11-28 08:14:30,806 file.ManagerServant INFO Master manager not found
2024-11-28 08:14:40,875 file.ManagerServant INFO Master manager not found
2024-11-28 08:14:50,877 file.ManagerServant INFO Master manager not found
2024-11-28 08:15:00,976 file.ManagerServant INFO Master manager not found
2024-11-28 08:15:11,058 file.ManagerServant INFO Master manager not found
2024-11-28 08:15:21,122 file.ManagerServant INFO Master manager not found
