2024-11-27 18:22:05,866 file.manager INFO 2.0.0
2024-11-27 18:22:05,866 file.manager INFO Copyright (C) 2003-2022, Noriaki Ando and OpenRTM development team,
2024-11-27 18:22:05,866 file.manager INFO   Intelligent Systems Research Institute, AIST,
2024-11-27 18:22:05,866 file.manager INFO Copyright (C) 2022, Noriaki Ando and OpenRTM development team,
2024-11-27 18:22:05,866 file.manager INFO   Industrial Cyber-Physical Research Center, AIST,
2024-11-27 18:22:05,866 file.manager INFO   All right reserved.
2024-11-27 18:22:05,866 file.manager INFO Manager starting.
2024-11-27 18:22:05,866 file.manager INFO Starting local logging.
2024-11-27 18:22:05,885 file.manager.namingmanager INFO NameServer connection succeeded: corba/localhost
2024-11-27 18:22:09,972 file.ManagerServant INFO Master manager not found
2024-11-27 18:22:09,973 file.LocalServiceAdmin INFO All the local services are enabled.
2024-11-27 18:22:09,978 file.manager INFO Component type conf file: calculator_temperature.conf loaded.
2024-11-27 18:22:09,980 file.ec_base INFO setRate(1000000.000000) done
2024-11-27 18:22:09,980 file.ec_base INFO setRate(1000.000000) done
2024-11-27 18:22:09,981 file.rtobject INFO 1 execution context was created.
2024-11-27 18:22:09,983 file.rtobject INFO Initial active configuration set is default.
2024-11-27 18:22:24,110 file.ManagerServant INFO Master manager not found
2024-11-27 18:22:34,180 file.ManagerServant INFO Master manager not found
2024-11-27 18:22:44,254 file.ManagerServant INFO Master manager not found
2024-11-27 18:22:54,282 file.ManagerServant INFO Master manager not found
2024-11-27 18:23:04,318 file.ManagerServant INFO Master manager not found
2024-11-27 18:23:14,349 file.ManagerServant INFO Master manager not found
2024-11-27 18:23:24,379 file.ManagerServant INFO Master manager not found
2024-11-27 18:23:34,403 file.ManagerServant INFO Master manager not found
2024-11-27 18:23:44,449 file.ManagerServant INFO Master manager not found
2024-11-27 18:23:54,457 file.ManagerServant INFO Master manager not found
2024-11-27 18:24:04,480 file.ManagerServant INFO Master manager not found
2024-11-27 18:24:14,546 file.ManagerServant INFO Master manager not found
2024-11-27 18:24:24,519 file.ManagerServant INFO Master manager not found
