2024-11-27 18:19:48,310 file.manager INFO 2.0.0
2024-11-27 18:19:48,311 file.manager INFO Copyright (C) 2003-2022, Noriaki Ando and OpenRTM development team,
2024-11-27 18:19:48,311 file.manager INFO   Intelligent Systems Research Institute, AIST,
2024-11-27 18:19:48,311 file.manager INFO Copyright (C) 2022, Noriaki Ando and OpenRTM development team,
2024-11-27 18:19:48,311 file.manager INFO   Industrial Cyber-Physical Research Center, AIST,
2024-11-27 18:19:48,311 file.manager INFO   All right reserved.
2024-11-27 18:19:48,311 file.manager INFO Manager starting.
2024-11-27 18:19:48,311 file.manager INFO Starting local logging.
2024-11-27 18:19:48,341 file.manager.namingmanager INFO NameServer connection succeeded: corba/localhost
2024-11-27 18:19:52,454 file.ManagerServant INFO Master manager not found
2024-11-27 18:19:52,456 file.LocalServiceAdmin INFO All the local services are enabled.
2024-11-27 18:19:52,460 file.manager INFO Component type conf file: calculator_temperature.conf loaded.
2024-11-27 18:19:52,462 file.ec_base INFO setRate(1000000.000000) done
2024-11-27 18:19:52,462 file.ec_base INFO setRate(1000.000000) done
2024-11-27 18:19:52,463 file.rtobject INFO 1 execution context was created.
2024-11-27 18:19:52,465 file.rtobject INFO Initial active configuration set is default.
2024-11-27 18:20:06,602 file.ManagerServant INFO Master manager not found
2024-11-27 18:20:08,405 file.rtobject ERROR Traceback (most recent call last):
  File "C:\Users\enshu\AppData\Local\Programs\Python\Python310\lib\site-packages\OpenRTM_aist\DataFlowComponentBase.py", line 123, in on_execute
    ret = self.onExecute(ec_id)
  File "C:\Users\enshu\workspace\calculator_temperature\calculator_temperature.py", line 199, in onExecute
    temp_0 = self._temp_list[0].data
AttributeError: 'int' object has no attribute 'data'

