2024-11-28 15:34:35,498 file.manager INFO 2.0.0
2024-11-28 15:34:35,498 file.manager INFO Copyright (C) 2003-2022, Noriaki Ando and OpenRTM development team,
2024-11-28 15:34:35,498 file.manager INFO   Intelligent Systems Research Institute, AIST,
2024-11-28 15:34:35,498 file.manager INFO Copyright (C) 2022, Noriaki Ando and OpenRTM development team,
2024-11-28 15:34:35,498 file.manager INFO   Industrial Cyber-Physical Research Center, AIST,
2024-11-28 15:34:35,498 file.manager INFO   All right reserved.
2024-11-28 15:34:35,498 file.manager INFO Manager starting.
2024-11-28 15:34:35,498 file.manager INFO Starting local logging.
2024-11-28 15:34:35,498 file.manager.namingmanager INFO NameServer connection succeeded: corba/localhost
2024-11-28 15:34:39,624 file.ManagerServant INFO Master manager not found
2024-11-28 15:34:39,626 file.LocalServiceAdmin INFO All the local services are enabled.
2024-11-28 15:34:39,629 file.manager INFO Component type conf file: calculator_temperature.conf loaded.
2024-11-28 15:34:39,630 file.ec_base INFO setRate(1000000.000000) done
2024-11-28 15:34:39,630 file.ec_base INFO setRate(1000.000000) done
2024-11-28 15:34:39,630 file.rtobject INFO 1 execution context was created.
2024-11-28 15:34:39,632 file.rtobject INFO Initial active configuration set is default.
2024-11-28 15:34:53,791 file.ManagerServant INFO Master manager not found
2024-11-28 15:35:03,880 file.ManagerServant INFO Master manager not found
2024-11-28 15:35:13,959 file.ManagerServant INFO Master manager not found
2024-11-28 15:35:24,030 file.ManagerServant INFO Master manager not found
2024-11-28 15:35:34,096 file.ManagerServant INFO Master manager not found
2024-11-28 15:35:44,184 file.ManagerServant INFO Master manager not found
2024-11-28 15:35:54,227 file.ManagerServant INFO Master manager not found
2024-11-28 15:36:04,279 file.ManagerServant INFO Master manager not found
