2024-11-28 17:14:07,143 file.manager INFO 2.0.0
2024-11-28 17:14:07,143 file.manager INFO Copyright (C) 2003-2022, Noriaki Ando and OpenRTM development team,
2024-11-28 17:14:07,143 file.manager INFO   Intelligent Systems Research Institute, AIST,
2024-11-28 17:14:07,143 file.manager INFO Copyright (C) 2022, Noriaki Ando and OpenRTM development team,
2024-11-28 17:14:07,143 file.manager INFO   Industrial Cyber-Physical Research Center, AIST,
2024-11-28 17:14:07,143 file.manager INFO   All right reserved.
2024-11-28 17:14:07,143 file.manager INFO Manager starting.
2024-11-28 17:14:07,143 file.manager INFO Starting local logging.
2024-11-28 17:14:07,152 file.manager.namingmanager INFO NameServer connection succeeded: corba/localhost
2024-11-28 17:14:11,235 file.ManagerServant INFO Master manager not found
2024-11-28 17:14:11,235 file.LocalServiceAdmin INFO All the local services are enabled.
2024-11-28 17:14:11,235 file.manager INFO Component type conf file: calculator_temperature.conf loaded.
2024-11-28 17:14:11,235 file.ec_base INFO setRate(1000000.000000) done
2024-11-28 17:14:11,235 file.ec_base INFO setRate(1000.000000) done
2024-11-28 17:14:11,235 file.rtobject INFO 1 execution context was created.
2024-11-28 17:14:11,242 file.rtobject INFO Initial active configuration set is default.
2024-11-28 17:14:25,417 file.ManagerServant INFO Master manager not found
2024-11-28 17:14:35,476 file.ManagerServant INFO Master manager not found
2024-11-28 17:14:45,541 file.ManagerServant INFO Master manager not found
2024-11-28 17:14:55,607 file.ManagerServant INFO Master manager not found
2024-11-28 17:15:05,769 file.ManagerServant INFO Master manager not found
2024-11-28 17:15:15,879 file.ManagerServant INFO Master manager not found
