2024-11-27 18:21:00,822 file.manager INFO 2.0.0
2024-11-27 18:21:00,822 file.manager INFO Copyright (C) 2003-2022, Noriaki Ando and OpenRTM development team,
2024-11-27 18:21:00,823 file.manager INFO   Intelligent Systems Research Institute, AIST,
2024-11-27 18:21:00,824 file.manager INFO Copyright (C) 2022, Noriaki Ando and OpenRTM development team,
2024-11-27 18:21:00,824 file.manager INFO   Industrial Cyber-Physical Research Center, AIST,
2024-11-27 18:21:00,824 file.manager INFO   All right reserved.
2024-11-27 18:21:00,824 file.manager INFO Manager starting.
2024-11-27 18:21:00,824 file.manager INFO Starting local logging.
2024-11-27 18:21:00,838 file.manager.namingmanager INFO NameServer connection succeeded: corba/localhost
2024-11-27 18:21:04,897 file.ManagerServant INFO Master manager not found
2024-11-27 18:21:04,898 file.LocalServiceAdmin INFO All the local services are enabled.
2024-11-27 18:21:04,903 file.manager INFO Component type conf file: calculator_temperature.conf loaded.
2024-11-27 18:21:04,905 file.ec_base INFO setRate(1000000.000000) done
2024-11-27 18:21:04,905 file.ec_base INFO setRate(1000.000000) done
2024-11-27 18:21:04,905 file.rtobject INFO 1 execution context was created.
2024-11-27 18:21:04,908 file.rtobject INFO Initial active configuration set is default.
2024-11-27 18:21:19,018 file.ManagerServant INFO Master manager not found
2024-11-27 18:21:29,124 file.ManagerServant INFO Master manager not found
2024-11-27 18:21:39,182 file.ManagerServant INFO Master manager not found
2024-11-27 18:21:49,198 file.ManagerServant INFO Master manager not found
