2024-11-27 17:54:09,419 file.manager INFO 2.0.0
2024-11-27 17:54:09,420 file.manager INFO Copyright (C) 2003-2022, Noriaki Ando and OpenRTM development team,
2024-11-27 17:54:09,420 file.manager INFO   Intelligent Systems Research Institute, AIST,
2024-11-27 17:54:09,420 file.manager INFO Copyright (C) 2022, Noriaki Ando and OpenRTM development team,
2024-11-27 17:54:09,420 file.manager INFO   Industrial Cyber-Physical Research Center, AIST,
2024-11-27 17:54:09,420 file.manager INFO   All right reserved.
2024-11-27 17:54:09,420 file.manager INFO Manager starting.
2024-11-27 17:54:09,420 file.manager INFO Starting local logging.
2024-11-27 17:54:09,453 file.manager.namingmanager INFO NameServer connection succeeded: corba/localhost
2024-11-27 17:54:13,511 file.ManagerServant INFO Master manager not found
2024-11-27 17:54:13,511 file.LocalServiceAdmin INFO All the local services are enabled.
2024-11-27 17:54:13,511 file.manager INFO Component type conf file: calculator_temperature.conf loaded.
2024-11-27 17:54:13,511 file.ec_base INFO setRate(1000000.000000) done
2024-11-27 17:54:13,511 file.ec_base INFO setRate(1000.000000) done
2024-11-27 17:54:13,511 file.rtobject INFO 1 execution context was created.
2024-11-27 17:54:13,511 file.rtobject INFO Initial active configuration set is default.
2024-11-27 17:54:27,649 file.ManagerServant INFO Master manager not found
2024-11-27 17:54:31,316 file.SdoServiceAdmin WARNING No available SDO service in the factory: 
2024-11-27 17:54:31,316 file.SdoServiceAdmin ERROR type  not exists.
2024-11-27 17:54:37,623 file.ManagerServant INFO Master manager not found
2024-11-27 17:54:47,716 file.ManagerServant INFO Master manager not found
2024-11-27 17:54:57,700 file.ManagerServant INFO Master manager not found
2024-11-27 17:55:07,780 file.ManagerServant INFO Master manager not found
2024-11-27 17:55:17,886 file.ManagerServant INFO Master manager not found
2024-11-27 17:55:27,946 file.ManagerServant INFO Master manager not found
2024-11-27 17:55:38,010 file.ManagerServant INFO Master manager not found
2024-11-27 17:55:48,074 file.ManagerServant INFO Master manager not found
2024-11-27 17:55:58,074 file.ManagerServant INFO Master manager not found
2024-11-27 17:56:08,181 file.ManagerServant INFO Master manager not found
2024-11-27 17:56:18,210 file.ManagerServant INFO Master manager not found
2024-11-27 17:56:28,188 file.ManagerServant INFO Master manager not found
2024-11-27 17:56:38,259 file.ManagerServant INFO Master manager not found
2024-11-27 17:56:48,362 file.ManagerServant INFO Master manager not found
2024-11-27 17:56:58,483 file.ManagerServant INFO Master manager not found
2024-11-27 17:57:08,566 file.ManagerServant INFO Master manager not found
2024-11-27 17:57:18,642 file.ManagerServant INFO Master manager not found
2024-11-27 17:57:28,700 file.ManagerServant INFO Master manager not found
2024-11-27 17:57:38,695 file.ManagerServant INFO Master manager not found
2024-11-27 17:57:48,768 file.ManagerServant INFO Master manager not found
2024-11-27 17:57:58,828 file.ManagerServant INFO Master manager not found
2024-11-27 17:58:08,840 file.ManagerServant INFO Master manager not found
2024-11-27 17:58:18,874 file.ManagerServant INFO Master manager not found
2024-11-27 17:58:28,941 file.ManagerServant INFO Master manager not found
2024-11-27 17:58:39,028 file.ManagerServant INFO Master manager not found
2024-11-27 17:58:49,057 file.ManagerServant INFO Master manager not found
2024-11-27 17:58:59,072 file.ManagerServant INFO Master manager not found
2024-11-27 17:59:09,083 file.ManagerServant INFO Master manager not found
2024-11-27 17:59:19,128 file.ManagerServant INFO Master manager not found
2024-11-27 17:59:29,227 file.ManagerServant INFO Master manager not found
2024-11-27 17:59:39,205 file.ManagerServant INFO Master manager not found
2024-11-27 17:59:49,318 file.ManagerServant INFO Master manager not found
2024-11-27 17:59:59,393 file.ManagerServant INFO Master manager not found
2024-11-27 18:00:09,410 file.ManagerServant INFO Master manager not found
2024-11-27 18:00:19,439 file.ManagerServant INFO Master manager not found
2024-11-27 18:00:29,491 file.ManagerServant INFO Master manager not found
2024-11-27 18:00:39,483 file.ManagerServant INFO Master manager not found
2024-11-27 18:00:49,496 file.ManagerServant INFO Master manager not found
2024-11-27 18:00:59,538 file.ManagerServant INFO Master manager not found
2024-11-27 18:01:01,637 file.result_t WARNING Traceback (most recent call last):
  File "C:\Users\enshu\AppData\Local\Programs\Python\Python310\lib\site-packages\OpenRTM_aist\PortBase.py", line 2305, in checkPorts
    if port._non_existent():
  File "C:\Users\enshu\AppData\Local\Programs\Python\Python310\lib\site-packages\omniORB\CORBA.py", line 559, in _non_existent
    return self._obj.nonExistent()
omniORB.CORBA._omni_sys_exc: CORBA.TRANSIENT(omniORB.TRANSIENT_ConnectFailed, CORBA.COMPLETED_NO)

2024-11-27 18:01:01,638 file.result_t WARNING Dead connection: 613da9cc-ac9d-11ef-bdd2-f0f7b08dcc27
2024-11-27 18:01:03,681 file.result_t WARNING Traceback (most recent call last):
  File "C:\Users\enshu\AppData\Local\Programs\Python\Python310\lib\site-packages\OpenRTM_aist\PortBase.py", line 1664, in disconnectNext
    return p.notify_disconnect(connector_profile.connector_id)
  File "C:\Users\enshu\AppData\Local\Programs\Python\Python310\lib\site-packages\OpenRTM_aist\RTM_IDL\RTC_idl.py", line 1207, in notify_disconnect
    return self._obj.invoke("notify_disconnect", _0_RTC.PortService._d_notify_disconnect, args)
omniORB.CORBA._omni_sys_exc: CORBA.TRANSIENT(omniORB.TRANSIENT_ConnectFailed, CORBA.COMPLETED_NO)

2024-11-27 18:01:09,617 file.ManagerServant INFO Master manager not found
