2024-11-27 18:24:34,179 file.manager INFO 2.0.0
2024-11-27 18:24:34,179 file.manager INFO Copyright (C) 2003-2022, Noriaki Ando and OpenRTM development team,
2024-11-27 18:24:34,179 file.manager INFO   Intelligent Systems Research Institute, AIST,
2024-11-27 18:24:34,179 file.manager INFO Copyright (C) 2022, Noriaki Ando and OpenRTM development team,
2024-11-27 18:24:34,179 file.manager INFO   Industrial Cyber-Physical Research Center, AIST,
2024-11-27 18:24:34,180 file.manager INFO   All right reserved.
2024-11-27 18:24:34,180 file.manager INFO Manager starting.
2024-11-27 18:24:34,180 file.manager INFO Starting local logging.
2024-11-27 18:24:34,192 file.manager.namingmanager INFO NameServer connection succeeded: corba/localhost
2024-11-27 18:24:38,255 file.ManagerServant INFO Master manager not found
2024-11-27 18:24:38,257 file.LocalServiceAdmin INFO All the local services are enabled.
2024-11-27 18:24:38,262 file.manager INFO Component type conf file: calculator_temperature.conf loaded.
2024-11-27 18:24:38,263 file.ec_base INFO setRate(1000000.000000) done
2024-11-27 18:24:38,264 file.ec_base INFO setRate(1000.000000) done
2024-11-27 18:24:38,264 file.rtobject INFO 1 execution context was created.
2024-11-27 18:24:38,266 file.rtobject INFO Initial active configuration set is default.
2024-11-27 18:24:52,428 file.ManagerServant INFO Master manager not found
2024-11-27 18:25:02,497 file.ManagerServant INFO Master manager not found
2024-11-27 18:25:12,603 file.ManagerServant INFO Master manager not found
2024-11-27 18:25:22,654 file.ManagerServant INFO Master manager not found
