2024-11-27 18:26:46,243 file.manager INFO 2.0.0
2024-11-27 18:26:46,243 file.manager INFO Copyright (C) 2003-2022, Noriaki Ando and OpenRTM development team,
2024-11-27 18:26:46,243 file.manager INFO   Intelligent Systems Research Institute, AIST,
2024-11-27 18:26:46,244 file.manager INFO Copyright (C) 2022, Noriaki Ando and OpenRTM development team,
2024-11-27 18:26:46,244 file.manager INFO   Industrial Cyber-Physical Research Center, AIST,
2024-11-27 18:26:46,244 file.manager INFO   All right reserved.
2024-11-27 18:26:46,244 file.manager INFO Manager starting.
2024-11-27 18:26:46,244 file.manager INFO Starting local logging.
2024-11-27 18:26:46,256 file.manager.namingmanager INFO NameServer connection succeeded: corba/localhost
2024-11-27 18:26:50,322 file.ManagerServant INFO Master manager not found
2024-11-27 18:26:50,323 file.LocalServiceAdmin INFO All the local services are enabled.
2024-11-27 18:26:50,328 file.manager INFO Component type conf file: calculator_temperature.conf loaded.
2024-11-27 18:26:50,329 file.ec_base INFO setRate(1000000.000000) done
2024-11-27 18:26:50,329 file.ec_base INFO setRate(1000.000000) done
2024-11-27 18:26:50,330 file.rtobject INFO 1 execution context was created.
2024-11-27 18:26:50,332 file.rtobject INFO Initial active configuration set is default.
2024-11-27 18:27:04,499 file.ManagerServant INFO Master manager not found
2024-11-27 18:27:14,601 file.ManagerServant INFO Master manager not found
2024-11-27 18:27:24,558 file.ManagerServant INFO Master manager not found
2024-11-27 18:27:34,677 file.ManagerServant INFO Master manager not found
2024-11-27 18:27:44,699 file.ManagerServant INFO Master manager not found
2024-11-27 18:27:54,776 file.ManagerServant INFO Master manager not found
