2024-11-28 18:55:04,923 file.manager INFO 2.0.0
2024-11-28 18:55:04,923 file.manager INFO Copyright (C) 2003-2022, Noriaki Ando and OpenRTM development team,
2024-11-28 18:55:04,923 file.manager INFO   Intelligent Systems Research Institute, AIST,
2024-11-28 18:55:04,923 file.manager INFO Copyright (C) 2022, Noriaki Ando and OpenRTM development team,
2024-11-28 18:55:04,923 file.manager INFO   Industrial Cyber-Physical Research Center, AIST,
2024-11-28 18:55:04,923 file.manager INFO   All right reserved.
2024-11-28 18:55:04,923 file.manager INFO Manager starting.
2024-11-28 18:55:04,923 file.manager INFO Starting local logging.
2024-11-28 18:55:04,938 file.manager.namingmanager INFO NameServer connection succeeded: corba/localhost
2024-11-28 18:55:08,997 file.ManagerServant INFO Master manager not found
2024-11-28 18:55:08,997 file.LocalServiceAdmin INFO All the local services are enabled.
2024-11-28 18:55:08,997 file.manager INFO Component type conf file: calculator_temperature.conf loaded.
2024-11-28 18:55:08,997 file.ec_base INFO setRate(1000000.000000) done
2024-11-28 18:55:08,997 file.ec_base INFO setRate(1000.000000) done
2024-11-28 18:55:08,997 file.rtobject INFO 1 execution context was created.
2024-11-28 18:55:08,997 file.rtobject INFO Initial active configuration set is default.
2024-11-28 18:55:23,091 file.ManagerServant INFO Master manager not found
2024-11-28 18:55:33,127 file.ManagerServant INFO Master manager not found
2024-11-28 18:55:43,183 file.ManagerServant INFO Master manager not found
2024-11-28 18:55:53,334 file.ManagerServant INFO Master manager not found
2024-11-28 18:56:03,312 file.ManagerServant INFO Master manager not found
2024-11-28 18:56:13,399 file.ManagerServant INFO Master manager not found
2024-11-28 18:56:23,479 file.ManagerServant INFO Master manager not found
2024-11-28 18:56:33,535 file.ManagerServant INFO Master manager not found
2024-11-28 18:56:43,613 file.ManagerServant INFO Master manager not found
2024-11-28 18:56:53,655 file.ManagerServant INFO Master manager not found
2024-11-28 18:57:03,760 file.ManagerServant INFO Master manager not found
2024-11-28 18:57:13,349 file.SdoServiceAdmin WARNING No available SDO service in the factory: 
2024-11-28 18:57:13,349 file.SdoServiceAdmin ERROR type  not exists.
2024-11-28 18:57:13,860 file.ManagerServant INFO Master manager not found
