2024-11-27 18:28:00,806 file.manager INFO 2.0.0
2024-11-27 18:28:00,807 file.manager INFO Copyright (C) 2003-2022, Noriaki Ando and OpenRTM development team,
2024-11-27 18:28:00,807 file.manager INFO   Intelligent Systems Research Institute, AIST,
2024-11-27 18:28:00,807 file.manager INFO Copyright (C) 2022, Noriaki Ando and OpenRTM development team,
2024-11-27 18:28:00,807 file.manager INFO   Industrial Cyber-Physical Research Center, AIST,
2024-11-27 18:28:00,807 file.manager INFO   All right reserved.
2024-11-27 18:28:00,807 file.manager INFO Manager starting.
2024-11-27 18:28:00,807 file.manager INFO Starting local logging.
2024-11-27 18:28:00,820 file.manager.namingmanager INFO NameServer connection succeeded: corba/localhost
2024-11-27 18:28:04,929 file.ManagerServant INFO Master manager not found
2024-11-27 18:28:04,930 file.LocalServiceAdmin INFO All the local services are enabled.
2024-11-27 18:28:04,934 file.manager INFO Component type conf file: calculator_temperature.conf loaded.
2024-11-27 18:28:04,936 file.ec_base INFO setRate(1000000.000000) done
2024-11-27 18:28:04,937 file.ec_base INFO setRate(1000.000000) done
2024-11-27 18:28:04,937 file.rtobject INFO 1 execution context was created.
2024-11-27 18:28:04,941 file.rtobject INFO Initial active configuration set is default.
2024-11-27 18:28:19,028 file.ManagerServant INFO Master manager not found
2024-11-27 18:28:29,089 file.ManagerServant INFO Master manager not found
2024-11-27 18:28:39,190 file.ManagerServant INFO Master manager not found
2024-11-27 18:28:49,267 file.ManagerServant INFO Master manager not found
2024-11-27 18:28:59,390 file.ManagerServant INFO Master manager not found
2024-11-27 18:29:09,488 file.ManagerServant INFO Master manager not found
2024-11-27 18:29:19,484 file.ManagerServant INFO Master manager not found
2024-11-27 18:29:29,573 file.ManagerServant INFO Master manager not found
2024-11-27 18:29:39,643 file.ManagerServant INFO Master manager not found
2024-11-27 18:29:49,645 file.ManagerServant INFO Master manager not found
2024-11-27 18:29:59,727 file.ManagerServant INFO Master manager not found
2024-11-27 18:30:09,852 file.ManagerServant INFO Master manager not found
2024-11-27 18:30:19,826 file.ManagerServant INFO Master manager not found
2024-11-27 18:30:29,905 file.ManagerServant INFO Master manager not found
2024-11-27 18:30:40,003 file.ManagerServant INFO Master manager not found
2024-11-27 18:30:50,095 file.ManagerServant INFO Master manager not found
2024-11-27 18:31:00,164 file.ManagerServant INFO Master manager not found
2024-11-27 18:31:12,532 file.ManagerServant INFO Master manager not found
2024-11-27 18:31:20,257 file.ManagerServant INFO Master manager not found
2024-11-27 18:31:30,296 file.ManagerServant INFO Master manager not found
2024-11-27 18:31:40,356 file.ManagerServant INFO Master manager not found
2024-11-27 18:31:50,400 file.ManagerServant INFO Master manager not found
2024-11-27 18:32:00,489 file.ManagerServant INFO Master manager not found
2024-11-27 18:32:10,505 file.ManagerServant INFO Master manager not found
2024-11-27 18:32:20,617 file.ManagerServant INFO Master manager not found
2024-11-27 18:32:30,632 file.ManagerServant INFO Master manager not found
2024-11-27 18:32:40,652 file.ManagerServant INFO Master manager not found
2024-11-27 18:32:50,658 file.ManagerServant INFO Master manager not found
2024-11-27 18:33:00,773 file.ManagerServant INFO Master manager not found
2024-11-27 18:33:10,786 file.ManagerServant INFO Master manager not found
2024-11-27 18:33:20,782 file.ManagerServant INFO Master manager not found
2024-11-27 18:33:30,922 file.ManagerServant INFO Master manager not found
2024-11-27 18:33:40,999 file.ManagerServant INFO Master manager not found
2024-11-27 18:33:51,030 file.ManagerServant INFO Master manager not found
2024-11-27 18:34:01,062 file.ManagerServant INFO Master manager not found
2024-11-27 18:34:11,083 file.ManagerServant INFO Master manager not found
2024-11-27 18:34:21,203 file.ManagerServant INFO Master manager not found
2024-11-27 18:34:31,219 file.ManagerServant INFO Master manager not found
2024-11-27 18:34:41,203 file.ManagerServant INFO Master manager not found
2024-11-27 18:34:51,313 file.ManagerServant INFO Master manager not found
2024-11-27 18:35:01,356 file.ManagerServant INFO Master manager not found
2024-11-27 18:35:11,447 file.ManagerServant INFO Master manager not found
2024-11-27 18:35:21,568 file.ManagerServant INFO Master manager not found
2024-11-27 18:35:31,635 file.ManagerServant INFO Master manager not found
2024-11-27 18:35:32,705 file.ec_worker ERROR State of the RTC is not INACTIVE_STATE.
2024-11-27 18:35:41,702 file.ManagerServant INFO Master manager not found
2024-11-27 18:35:51,772 file.ManagerServant INFO Master manager not found
2024-11-27 18:36:01,775 file.ManagerServant INFO Master manager not found
2024-11-27 18:36:11,807 file.ManagerServant INFO Master manager not found
2024-11-27 18:36:21,925 file.ManagerServant INFO Master manager not found
2024-11-27 18:36:32,043 file.ManagerServant INFO Master manager not found
2024-11-27 18:36:42,149 file.ManagerServant INFO Master manager not found
2024-11-27 18:36:52,208 file.ManagerServant INFO Master manager not found
2024-11-27 18:37:02,343 file.ManagerServant INFO Master manager not found
2024-11-27 18:37:12,446 file.ManagerServant INFO Master manager not found
2024-11-27 18:37:22,448 file.ManagerServant INFO Master manager not found
2024-11-27 18:37:32,460 file.ManagerServant INFO Master manager not found
2024-11-27 18:37:42,577 file.ManagerServant INFO Master manager not found
2024-11-27 18:37:52,707 file.ManagerServant INFO Master manager not found
2024-11-27 18:38:02,718 file.ManagerServant INFO Master manager not found
2024-11-27 18:38:12,733 file.ManagerServant INFO Master manager not found
2024-11-27 18:38:22,782 file.ManagerServant INFO Master manager not found
2024-11-27 18:38:32,858 file.ManagerServant INFO Master manager not found
2024-11-27 18:38:42,862 file.ManagerServant INFO Master manager not found
2024-11-27 18:38:52,986 file.ManagerServant INFO Master manager not found
2024-11-27 18:39:03,000 file.ManagerServant INFO Master manager not found
2024-11-27 18:39:13,050 file.ManagerServant INFO Master manager not found
2024-11-27 18:39:23,081 file.ManagerServant INFO Master manager not found
2024-11-27 18:39:33,124 file.ManagerServant INFO Master manager not found
2024-11-27 18:39:43,144 file.ManagerServant INFO Master manager not found
2024-11-27 18:39:53,187 file.ManagerServant INFO Master manager not found
2024-11-27 18:40:03,284 file.ManagerServant INFO Master manager not found
2024-11-27 18:40:13,400 file.ManagerServant INFO Master manager not found
2024-11-27 18:40:23,411 file.ManagerServant INFO Master manager not found
2024-11-27 18:40:32,720 file.SdoServiceAdmin WARNING No available SDO service in the factory: 
2024-11-27 18:40:32,720 file.SdoServiceAdmin ERROR type  not exists.
2024-11-27 18:40:33,499 file.ManagerServant INFO Master manager not found
2024-11-27 18:40:43,584 file.ManagerServant INFO Master manager not found
2024-11-27 18:40:53,642 file.ManagerServant INFO Master manager not found
2024-11-27 18:41:03,756 file.ManagerServant INFO Master manager not found
2024-11-27 18:41:13,800 file.ManagerServant INFO Master manager not found
2024-11-27 18:41:23,908 file.ManagerServant INFO Master manager not found
2024-11-27 18:41:33,967 file.ManagerServant INFO Master manager not found
2024-11-27 18:41:44,041 file.ManagerServant INFO Master manager not found
2024-11-27 18:41:54,063 file.ManagerServant INFO Master manager not found
2024-11-27 18:42:04,112 file.ManagerServant INFO Master manager not found
2024-11-27 18:42:14,187 file.ManagerServant INFO Master manager not found
2024-11-27 18:42:24,218 file.ManagerServant INFO Master manager not found
2024-11-27 18:42:34,234 file.ManagerServant INFO Master manager not found
2024-11-27 18:42:44,252 file.ManagerServant INFO Master manager not found
2024-11-27 18:42:54,259 file.ManagerServant INFO Master manager not found
2024-11-27 18:43:04,358 file.ManagerServant INFO Master manager not found
2024-11-27 18:43:14,412 file.ManagerServant INFO Master manager not found
2024-11-27 18:43:24,459 file.ManagerServant INFO Master manager not found
2024-11-27 18:43:34,477 file.ManagerServant INFO Master manager not found
2024-11-27 18:43:44,489 file.ManagerServant INFO Master manager not found
2024-11-27 18:43:54,503 file.ManagerServant INFO Master manager not found
2024-11-27 18:44:04,586 file.ManagerServant INFO Master manager not found
2024-11-27 18:44:14,705 file.ManagerServant INFO Master manager not found
2024-11-27 18:44:24,746 file.ManagerServant INFO Master manager not found
2024-11-27 18:44:34,731 file.ManagerServant INFO Master manager not found
2024-11-27 18:44:44,856 file.ManagerServant INFO Master manager not found
2024-11-27 18:44:54,835 file.ManagerServant INFO Master manager not found
2024-11-27 18:45:04,940 file.ManagerServant INFO Master manager not found
2024-11-27 18:45:15,062 file.ManagerServant INFO Master manager not found
2024-11-27 18:45:25,107 file.ManagerServant INFO Master manager not found
2024-11-27 18:45:35,137 file.ManagerServant INFO Master manager not found
2024-11-27 18:45:45,133 file.ManagerServant INFO Master manager not found
2024-11-27 18:45:55,204 file.ManagerServant INFO Master manager not found
2024-11-27 18:46:05,316 file.ManagerServant INFO Master manager not found
2024-11-27 18:46:15,327 file.ManagerServant INFO Master manager not found
2024-11-27 18:46:25,408 file.ManagerServant INFO Master manager not found
2024-11-27 18:46:35,414 file.ManagerServant INFO Master manager not found
2024-11-27 18:46:45,539 file.ManagerServant INFO Master manager not found
2024-11-27 18:46:55,534 file.ManagerServant INFO Master manager not found
2024-11-27 18:47:05,564 file.ManagerServant INFO Master manager not found
2024-11-27 18:47:15,655 file.ManagerServant INFO Master manager not found
2024-11-27 18:47:25,680 file.ManagerServant INFO Master manager not found
2024-11-27 18:47:35,682 file.ManagerServant INFO Master manager not found
2024-11-27 18:47:45,699 file.ManagerServant INFO Master manager not found
2024-11-28 07:06:26,003 file.ManagerServant INFO Master manager not found
2024-11-28 07:06:30,159 file.ManagerServant INFO Master manager not found
2024-11-28 07:06:40,211 file.ManagerServant INFO Master manager not found
2024-11-28 07:06:50,295 file.ManagerServant INFO Master manager not found
2024-11-28 07:07:00,308 file.ManagerServant INFO Master manager not found
2024-11-28 07:07:10,348 file.ManagerServant INFO Master manager not found
2024-11-28 07:07:20,412 file.ManagerServant INFO Master manager not found
2024-11-28 07:07:30,526 file.ManagerServant INFO Master manager not found
2024-11-28 07:07:40,627 file.ManagerServant INFO Master manager not found
2024-11-28 07:07:50,626 file.ManagerServant INFO Master manager not found
2024-11-28 07:08:00,766 file.ManagerServant INFO Master manager not found
2024-11-28 07:08:10,766 file.ManagerServant INFO Master manager not found
2024-11-28 07:08:20,845 file.ManagerServant INFO Master manager not found
2024-11-28 07:08:30,828 file.ManagerServant INFO Master manager not found
2024-11-28 07:08:40,959 file.ManagerServant INFO Master manager not found
2024-11-28 07:08:50,941 file.ManagerServant INFO Master manager not found
2024-11-28 07:09:01,028 file.ManagerServant INFO Master manager not found
2024-11-28 07:09:11,105 file.ManagerServant INFO Master manager not found
2024-11-28 07:09:21,233 file.ManagerServant INFO Master manager not found
2024-11-28 07:09:31,234 file.ManagerServant INFO Master manager not found
2024-11-28 07:09:41,257 file.ManagerServant INFO Master manager not found
2024-11-28 07:09:51,311 file.ManagerServant INFO Master manager not found
2024-11-28 07:10:01,374 file.ManagerServant INFO Master manager not found
2024-11-28 07:10:11,403 file.ManagerServant INFO Master manager not found
2024-11-28 07:10:21,392 file.ManagerServant INFO Master manager not found
2024-11-28 07:10:31,471 file.ManagerServant INFO Master manager not found
2024-11-28 07:10:41,597 file.ManagerServant INFO Master manager not found
2024-11-28 07:10:51,625 file.ManagerServant INFO Master manager not found
2024-11-28 07:11:01,647 file.ManagerServant INFO Master manager not found
2024-11-28 07:11:11,740 file.ManagerServant INFO Master manager not found
2024-11-28 07:11:21,793 file.ManagerServant INFO Master manager not found
2024-11-28 07:11:31,838 file.ManagerServant INFO Master manager not found
2024-11-28 07:11:41,864 file.ManagerServant INFO Master manager not found
2024-11-28 07:11:51,865 file.ManagerServant INFO Master manager not found
2024-11-28 07:12:01,987 file.ManagerServant INFO Master manager not found
2024-11-28 07:12:12,091 file.ManagerServant INFO Master manager not found
2024-11-28 07:12:22,085 file.ManagerServant INFO Master manager not found
2024-11-28 07:12:32,100 file.ManagerServant INFO Master manager not found
2024-11-28 07:12:42,228 file.ManagerServant INFO Master manager not found
2024-11-28 07:12:52,292 file.ManagerServant INFO Master manager not found
2024-11-28 07:13:02,332 file.ManagerServant INFO Master manager not found
2024-11-28 07:13:12,433 file.ManagerServant INFO Master manager not found
2024-11-28 07:13:22,430 file.ManagerServant INFO Master manager not found
2024-11-28 07:13:32,531 file.ManagerServant INFO Master manager not found
2024-11-28 07:13:42,524 file.ManagerServant INFO Master manager not found
2024-11-28 07:13:52,646 file.ManagerServant INFO Master manager not found
2024-11-28 07:14:02,656 file.ManagerServant INFO Master manager not found
2024-11-28 07:14:12,693 file.ManagerServant INFO Master manager not found
2024-11-28 07:14:22,778 file.ManagerServant INFO Master manager not found
2024-11-28 07:14:32,888 file.ManagerServant INFO Master manager not found
2024-11-28 07:14:42,895 file.ManagerServant INFO Master manager not found
2024-11-28 07:14:52,928 file.ManagerServant INFO Master manager not found
2024-11-28 07:15:03,031 file.ManagerServant INFO Master manager not found
2024-11-28 07:15:13,064 file.ManagerServant INFO Master manager not found
2024-11-28 07:15:23,170 file.ManagerServant INFO Master manager not found
2024-11-28 07:15:33,265 file.ManagerServant INFO Master manager not found
2024-11-28 07:15:43,280 file.ManagerServant INFO Master manager not found
2024-11-28 07:15:53,282 file.ManagerServant INFO Master manager not found
2024-11-28 07:16:03,414 file.ManagerServant INFO Master manager not found
2024-11-28 07:16:13,485 file.ManagerServant INFO Master manager not found
2024-11-28 07:16:23,470 file.ManagerServant INFO Master manager not found
2024-11-28 07:16:33,608 file.ManagerServant INFO Master manager not found
2024-11-28 07:16:43,626 file.ManagerServant INFO Master manager not found
2024-11-28 07:16:53,648 file.ManagerServant INFO Master manager not found
2024-11-28 07:17:03,674 file.ManagerServant INFO Master manager not found
2024-11-28 07:17:13,782 file.ManagerServant INFO Master manager not found
2024-11-28 07:17:23,777 file.ManagerServant INFO Master manager not found
2024-11-28 07:17:33,787 file.ManagerServant INFO Master manager not found
2024-11-28 07:17:43,772 file.ManagerServant INFO Master manager not found
2024-11-28 07:17:53,869 file.ManagerServant INFO Master manager not found
2024-11-28 07:18:03,982 file.ManagerServant INFO Master manager not found
2024-11-28 07:18:14,072 file.ManagerServant INFO Master manager not found
2024-11-28 07:18:24,191 file.ManagerServant INFO Master manager not found
2024-11-28 07:18:34,232 file.ManagerServant INFO Master manager not found
2024-11-28 07:18:44,329 file.ManagerServant INFO Master manager not found
2024-11-28 07:18:54,325 file.ManagerServant INFO Master manager not found
2024-11-28 07:19:04,349 file.ManagerServant INFO Master manager not found
2024-11-28 07:19:14,440 file.ManagerServant INFO Master manager not found
2024-11-28 07:19:24,504 file.ManagerServant INFO Master manager not found
2024-11-28 07:19:34,596 file.ManagerServant INFO Master manager not found
2024-11-28 07:19:44,730 file.ManagerServant INFO Master manager not found
2024-11-28 07:19:54,790 file.ManagerServant INFO Master manager not found
2024-11-28 07:20:04,883 file.ManagerServant INFO Master manager not found
2024-11-28 07:20:14,911 file.ManagerServant INFO Master manager not found
2024-11-28 07:20:24,921 file.ManagerServant INFO Master manager not found
2024-11-28 07:20:35,020 file.ManagerServant INFO Master manager not found
2024-11-28 07:20:45,024 file.ManagerServant INFO Master manager not found
2024-11-28 07:20:55,059 file.ManagerServant INFO Master manager not found
2024-11-28 07:21:05,125 file.ManagerServant INFO Master manager not found
2024-11-28 07:21:15,120 file.ManagerServant INFO Master manager not found
2024-11-28 07:21:25,188 file.ManagerServant INFO Master manager not found
2024-11-28 07:21:35,202 file.ManagerServant INFO Master manager not found
2024-11-28 07:21:45,262 file.ManagerServant INFO Master manager not found
2024-11-28 07:21:55,336 file.ManagerServant INFO Master manager not found
2024-11-28 07:22:05,436 file.ManagerServant INFO Master manager not found
2024-11-28 07:22:15,537 file.ManagerServant INFO Master manager not found
2024-11-28 07:22:25,533 file.ManagerServant INFO Master manager not found
2024-11-28 07:22:35,621 file.ManagerServant INFO Master manager not found
2024-11-28 07:22:45,648 file.ManagerServant INFO Master manager not found
2024-11-28 07:22:55,744 file.ManagerServant INFO Master manager not found
2024-11-28 07:23:05,863 file.ManagerServant INFO Master manager not found
2024-11-28 07:23:15,858 file.ManagerServant INFO Master manager not found
2024-11-28 07:23:26,011 file.ManagerServant INFO Master manager not found
2024-11-28 07:23:35,973 file.ManagerServant INFO Master manager not found
2024-11-28 07:23:46,083 file.ManagerServant INFO Master manager not found
2024-11-28 07:23:56,101 file.ManagerServant INFO Master manager not found
2024-11-28 07:24:06,083 file.ManagerServant INFO Master manager not found
2024-11-28 07:24:16,215 file.ManagerServant INFO Master manager not found
2024-11-28 07:24:26,234 file.ManagerServant INFO Master manager not found
2024-11-28 07:24:36,345 file.ManagerServant INFO Master manager not found
2024-11-28 07:24:46,326 file.ManagerServant INFO Master manager not found
2024-11-28 07:24:56,430 file.ManagerServant INFO Master manager not found
2024-11-28 07:25:06,444 file.ManagerServant INFO Master manager not found
2024-11-28 07:25:16,483 file.ManagerServant INFO Master manager not found
2024-11-28 07:25:26,521 file.ManagerServant INFO Master manager not found
2024-11-28 07:25:36,527 file.ManagerServant INFO Master manager not found
2024-11-28 07:25:46,556 file.ManagerServant INFO Master manager not found
2024-11-28 07:25:56,634 file.ManagerServant INFO Master manager not found
2024-11-28 07:26:06,715 file.ManagerServant INFO Master manager not found
2024-11-28 07:26:16,720 file.ManagerServant INFO Master manager not found
2024-11-28 07:26:26,846 file.ManagerServant INFO Master manager not found
2024-11-28 07:26:36,889 file.ManagerServant INFO Master manager not found
2024-11-28 07:26:46,884 file.ManagerServant INFO Master manager not found
2024-11-28 07:26:57,028 file.ManagerServant INFO Master manager not found
2024-11-28 07:27:07,100 file.ManagerServant INFO Master manager not found
2024-11-28 07:27:17,106 file.ManagerServant INFO Master manager not found
2024-11-28 07:27:27,136 file.ManagerServant INFO Master manager not found
2024-11-28 07:27:37,216 file.ManagerServant INFO Master manager not found
2024-11-28 07:27:47,323 file.ManagerServant INFO Master manager not found
2024-11-28 07:27:57,328 file.ManagerServant INFO Master manager not found
2024-11-28 07:28:07,312 file.ManagerServant INFO Master manager not found
2024-11-28 07:28:17,414 file.ManagerServant INFO Master manager not found
2024-11-28 07:28:27,500 file.ManagerServant INFO Master manager not found
2024-11-28 07:28:37,534 file.ManagerServant INFO Master manager not found
2024-11-28 07:28:47,596 file.ManagerServant INFO Master manager not found
2024-11-28 07:28:57,620 file.ManagerServant INFO Master manager not found
2024-11-28 07:29:07,636 file.ManagerServant INFO Master manager not found
2024-11-28 07:29:17,716 file.ManagerServant INFO Master manager not found
2024-11-28 07:29:27,834 file.ManagerServant INFO Master manager not found
2024-11-28 07:29:37,854 file.ManagerServant INFO Master manager not found
2024-11-28 07:29:47,874 file.ManagerServant INFO Master manager not found
2024-11-28 07:29:57,896 file.ManagerServant INFO Master manager not found
2024-11-28 07:30:07,963 file.ManagerServant INFO Master manager not found
2024-11-28 07:30:17,943 file.ManagerServant INFO Master manager not found
2024-11-28 07:30:28,076 file.ManagerServant INFO Master manager not found
2024-11-28 07:30:38,229 file.ManagerServant INFO Master manager not found
2024-11-28 07:30:48,206 file.ManagerServant INFO Master manager not found
2024-11-28 07:30:58,317 file.ManagerServant INFO Master manager not found
2024-11-28 07:31:08,357 file.ManagerServant INFO Master manager not found
2024-11-28 07:31:18,432 file.ManagerServant INFO Master manager not found
2024-11-28 07:31:28,417 file.ManagerServant INFO Master manager not found
2024-11-28 07:31:38,540 file.ManagerServant INFO Master manager not found
2024-11-28 07:31:48,565 file.ManagerServant INFO Master manager not found
2024-11-28 07:31:58,565 file.ManagerServant INFO Master manager not found
2024-11-28 07:32:08,702 file.ManagerServant INFO Master manager not found
2024-11-28 07:32:18,701 file.ManagerServant INFO Master manager not found
2024-11-28 07:32:28,706 file.ManagerServant INFO Master manager not found
2024-11-28 07:32:38,766 file.ManagerServant INFO Master manager not found
2024-11-28 07:32:48,759 file.ManagerServant INFO Master manager not found
2024-11-28 07:32:58,748 file.ManagerServant INFO Master manager not found
2024-11-28 07:33:08,743 file.ManagerServant INFO Master manager not found
2024-11-28 07:33:18,858 file.ManagerServant INFO Master manager not found
2024-11-28 07:33:28,928 file.ManagerServant INFO Master manager not found
2024-11-28 07:33:39,052 file.ManagerServant INFO Master manager not found
2024-11-28 07:33:49,088 file.ManagerServant INFO Master manager not found
2024-11-28 07:33:59,123 file.ManagerServant INFO Master manager not found
2024-11-28 07:34:09,232 file.ManagerServant INFO Master manager not found
2024-11-28 07:34:19,261 file.ManagerServant INFO Master manager not found
2024-11-28 07:34:29,309 file.ManagerServant INFO Master manager not found
2024-11-28 07:34:39,402 file.ManagerServant INFO Master manager not found
2024-11-28 07:34:49,438 file.ManagerServant INFO Master manager not found
2024-11-28 07:34:59,425 file.ManagerServant INFO Master manager not found
2024-11-28 07:35:09,424 file.ManagerServant INFO Master manager not found
2024-11-28 07:35:19,424 file.ManagerServant INFO Master manager not found
2024-11-28 07:35:29,566 file.ManagerServant INFO Master manager not found
2024-11-28 07:35:39,564 file.ManagerServant INFO Master manager not found
2024-11-28 07:35:49,589 file.ManagerServant INFO Master manager not found
2024-11-28 07:35:59,685 file.ManagerServant INFO Master manager not found
2024-11-28 07:36:09,786 file.ManagerServant INFO Master manager not found
2024-11-28 07:36:19,788 file.ManagerServant INFO Master manager not found
2024-11-28 07:36:29,793 file.ManagerServant INFO Master manager not found
2024-11-28 07:36:39,862 file.ManagerServant INFO Master manager not found
2024-11-28 07:36:49,873 file.ManagerServant INFO Master manager not found
2024-11-28 07:36:59,965 file.ManagerServant INFO Master manager not found
2024-11-28 07:37:10,023 file.ManagerServant INFO Master manager not found
2024-11-28 07:37:20,043 file.ManagerServant INFO Master manager not found
2024-11-28 07:37:30,075 file.ManagerServant INFO Master manager not found
2024-11-28 07:37:40,129 file.ManagerServant INFO Master manager not found
