2024-11-28 07:41:27,247 file.manager INFO 2.0.0
2024-11-28 07:41:27,247 file.manager INFO Copyright (C) 2003-2022, Noriaki Ando and OpenRTM development team,
2024-11-28 07:41:27,247 file.manager INFO   Intelligent Systems Research Institute, AIST,
2024-11-28 07:41:27,247 file.manager INFO Copyright (C) 2022, Noriaki Ando and OpenRTM development team,
2024-11-28 07:41:27,247 file.manager INFO   Industrial Cyber-Physical Research Center, AIST,
2024-11-28 07:41:27,247 file.manager INFO   All right reserved.
2024-11-28 07:41:27,247 file.manager INFO Manager starting.
2024-11-28 07:41:27,247 file.manager INFO Starting local logging.
2024-11-28 07:41:27,263 file.manager.namingmanager INFO NameServer connection succeeded: corba/localhost
2024-11-28 07:41:31,399 file.ManagerServant INFO Master manager not found
2024-11-28 07:41:31,401 file.LocalServiceAdmin INFO All the local services are enabled.
2024-11-28 07:41:31,421 file.manager INFO Component type conf file: calculator_temperature.conf loaded.
2024-11-28 07:41:31,425 file.ec_base INFO setRate(1000000.000000) done
2024-11-28 07:41:31,425 file.ec_base INFO setRate(1000.000000) done
2024-11-28 07:41:31,426 file.rtobject INFO 1 execution context was created.
2024-11-28 07:41:31,428 file.rtobject INFO Initial active configuration set is default.
2024-11-28 07:41:45,617 file.ManagerServant INFO Master manager not found
2024-11-28 07:41:55,672 file.ManagerServant INFO Master manager not found
2024-11-28 07:42:05,763 file.ManagerServant INFO Master manager not found
2024-11-28 07:42:15,756 file.ManagerServant INFO Master manager not found
2024-11-28 07:42:25,769 file.ManagerServant INFO Master manager not found
2024-11-28 07:42:35,849 file.ManagerServant INFO Master manager not found
2024-11-28 07:42:45,935 file.ManagerServant INFO Master manager not found
2024-11-28 07:42:55,985 file.ManagerServant INFO Master manager not found
2024-11-28 07:43:06,102 file.ManagerServant INFO Master manager not found
2024-11-28 07:43:16,089 file.ManagerServant INFO Master manager not found
2024-11-28 07:43:26,226 file.ManagerServant INFO Master manager not found
2024-11-28 07:43:36,238 file.ManagerServant INFO Master manager not found
2024-11-28 07:43:46,218 file.ManagerServant INFO Master manager not found
2024-11-28 07:43:56,276 file.ManagerServant INFO Master manager not found
2024-11-28 07:43:56,709 file.SdoServiceAdmin WARNING No available SDO service in the factory: 
2024-11-28 07:43:56,709 file.SdoServiceAdmin ERROR type  not exists.
2024-11-28 07:44:06,401 file.ManagerServant INFO Master manager not found
2024-11-28 07:44:16,416 file.ManagerServant INFO Master manager not found
2024-11-28 07:44:26,530 file.ManagerServant INFO Master manager not found
2024-11-28 07:44:36,490 file.ManagerServant INFO Master manager not found
