2024-11-27 18:25:38,143 file.manager INFO 2.0.0
2024-11-27 18:25:38,144 file.manager INFO Copyright (C) 2003-2022, Noriaki Ando and OpenRTM development team,
2024-11-27 18:25:38,144 file.manager INFO   Intelligent Systems Research Institute, AIST,
2024-11-27 18:25:38,144 file.manager INFO Copyright (C) 2022, Noriaki Ando and OpenRTM development team,
2024-11-27 18:25:38,144 file.manager INFO   Industrial Cyber-Physical Research Center, AIST,
2024-11-27 18:25:38,144 file.manager INFO   All right reserved.
2024-11-27 18:25:38,144 file.manager INFO Manager starting.
2024-11-27 18:25:38,144 file.manager INFO Starting local logging.
2024-11-27 18:25:38,155 file.manager.namingmanager INFO NameServer connection succeeded: corba/localhost
2024-11-27 18:25:42,240 file.ManagerServant INFO Master manager not found
2024-11-27 18:25:42,241 file.LocalServiceAdmin INFO All the local services are enabled.
2024-11-27 18:25:42,245 file.manager INFO Component type conf file: calculator_temperature.conf loaded.
2024-11-27 18:25:42,247 file.ec_base INFO setRate(1000000.000000) done
2024-11-27 18:25:42,247 file.ec_base INFO setRate(1000.000000) done
2024-11-27 18:25:42,248 file.rtobject INFO 1 execution context was created.
2024-11-27 18:25:42,250 file.rtobject INFO Initial active configuration set is default.
2024-11-27 18:25:56,356 file.ManagerServant INFO Master manager not found
2024-11-27 18:26:06,466 file.ManagerServant INFO Master manager not found
2024-11-27 18:26:16,435 file.ManagerServant INFO Master manager not found
2024-11-27 18:26:26,418 file.ManagerServant INFO Master manager not found
2024-11-27 18:26:36,507 file.ManagerServant INFO Master manager not found
