2024-11-27 18:14:31,519 file.manager INFO 2.0.0
2024-11-27 18:14:31,519 file.manager INFO Copyright (C) 2003-2022, Noriaki Ando and OpenRTM development team,
2024-11-27 18:14:31,519 file.manager INFO   Intelligent Systems Research Institute, AIST,
2024-11-27 18:14:31,519 file.manager INFO Copyright (C) 2022, Noriaki Ando and OpenRTM development team,
2024-11-27 18:14:31,519 file.manager INFO   Industrial Cyber-Physical Research Center, AIST,
2024-11-27 18:14:31,519 file.manager INFO   All right reserved.
2024-11-27 18:14:31,519 file.manager INFO Manager starting.
2024-11-27 18:14:31,519 file.manager INFO Starting local logging.
2024-11-27 18:14:31,534 file.manager.namingmanager INFO NameServer connection succeeded: corba/localhost
2024-11-27 18:14:35,621 file.ManagerServant INFO Master manager not found
2024-11-27 18:14:35,622 file.LocalServiceAdmin INFO All the local services are enabled.
2024-11-27 18:14:35,627 file.manager INFO Component type conf file: calculator_temperature.conf loaded.
2024-11-27 18:14:35,628 file.ec_base INFO setRate(1000000.000000) done
2024-11-27 18:14:35,628 file.ec_base INFO setRate(1000.000000) done
2024-11-27 18:14:35,629 file.rtobject INFO 1 execution context was created.
2024-11-27 18:14:35,631 file.rtobject INFO Initial active configuration set is default.
2024-11-27 18:14:49,768 file.ManagerServant INFO Master manager not found
2024-11-27 18:14:59,906 file.ManagerServant INFO Master manager not found
2024-11-27 18:15:09,912 file.ManagerServant INFO Master manager not found
2024-11-27 18:15:19,899 file.ManagerServant INFO Master manager not found
2024-11-27 18:15:29,934 file.ManagerServant INFO Master manager not found
2024-11-27 18:15:39,965 file.ManagerServant INFO Master manager not found
