2024-11-28 15:36:14,272 file.manager INFO 2.0.0
2024-11-28 15:36:14,272 file.manager INFO Copyright (C) 2003-2022, Noriaki Ando and OpenRTM development team,
2024-11-28 15:36:14,272 file.manager INFO   Intelligent Systems Research Institute, AIST,
2024-11-28 15:36:14,272 file.manager INFO Copyright (C) 2022, Noriaki Ando and OpenRTM development team,
2024-11-28 15:36:14,272 file.manager INFO   Industrial Cyber-Physical Research Center, AIST,
2024-11-28 15:36:14,272 file.manager INFO   All right reserved.
2024-11-28 15:36:14,272 file.manager INFO Manager starting.
2024-11-28 15:36:14,272 file.manager INFO Starting local logging.
2024-11-28 15:36:14,292 file.manager.namingmanager INFO NameServer connection succeeded: corba/localhost
2024-11-28 15:36:18,419 file.ManagerServant INFO Master manager not found
2024-11-28 15:36:18,419 file.LocalServiceAdmin INFO All the local services are enabled.
2024-11-28 15:36:18,419 file.manager INFO Component type conf file: calculator_temperature.conf loaded.
2024-11-28 15:36:18,419 file.ec_base INFO setRate(1000000.000000) done
2024-11-28 15:36:18,419 file.ec_base INFO setRate(1000.000000) done
2024-11-28 15:36:18,419 file.rtobject INFO 1 execution context was created.
2024-11-28 15:36:18,419 file.rtobject INFO Initial active configuration set is default.
2024-11-28 15:36:32,574 file.ManagerServant INFO Master manager not found
2024-11-28 15:36:42,614 file.ManagerServant INFO Master manager not found
2024-11-28 15:36:52,633 file.ManagerServant INFO Master manager not found
2024-11-28 15:37:02,711 file.ManagerServant INFO Master manager not found
2024-11-28 15:37:12,808 file.ManagerServant INFO Master manager not found
2024-11-28 15:37:22,909 file.ManagerServant INFO Master manager not found
2024-11-28 15:37:32,874 file.ManagerServant INFO Master manager not found
2024-11-28 15:37:42,969 file.ManagerServant INFO Master manager not found
2024-11-28 15:37:52,959 file.ManagerServant INFO Master manager not found
2024-11-28 15:38:02,959 file.ManagerServant INFO Master manager not found
2024-11-28 15:38:13,049 file.ManagerServant INFO Master manager not found
2024-11-28 15:38:23,120 file.ManagerServant INFO Master manager not found
2024-11-28 15:38:33,197 file.ManagerServant INFO Master manager not found
2024-11-28 15:38:43,290 file.ManagerServant INFO Master manager not found
2024-11-28 15:38:53,311 file.ManagerServant INFO Master manager not found
2024-11-28 15:39:03,375 file.ManagerServant INFO Master manager not found
2024-11-28 15:39:13,468 file.ManagerServant INFO Master manager not found
2024-11-28 15:39:23,529 file.ManagerServant INFO Master manager not found
2024-11-28 15:39:33,558 file.ManagerServant INFO Master manager not found
2024-11-28 15:39:43,661 file.ManagerServant INFO Master manager not found
2024-11-28 15:39:53,693 file.ManagerServant INFO Master manager not found
2024-11-28 15:40:03,716 file.ManagerServant INFO Master manager not found
2024-11-28 15:40:13,796 file.ManagerServant INFO Master manager not found
2024-11-28 15:40:23,878 file.ManagerServant INFO Master manager not found
2024-11-28 15:40:33,920 file.ManagerServant INFO Master manager not found
2024-11-28 15:40:44,023 file.ManagerServant INFO Master manager not found
2024-11-28 15:40:54,113 file.ManagerServant INFO Master manager not found
2024-11-28 15:41:04,146 file.ManagerServant INFO Master manager not found
2024-11-28 15:41:14,208 file.ManagerServant INFO Master manager not found
2024-11-28 15:41:24,214 file.ManagerServant INFO Master manager not found
2024-11-28 15:41:30,933 file.result_t WARNING Traceback (most recent call last):
  File "C:\Users\enshu\AppData\Local\Programs\Python\Python310\lib\site-packages\OpenRTM_aist\PortBase.py", line 2305, in checkPorts
    if port._non_existent():
  File "C:\Users\enshu\AppData\Local\Programs\Python\Python310\lib\site-packages\omniORB\CORBA.py", line 559, in _non_existent
    return self._obj.nonExistent()
omniORB.CORBA._omni_sys_exc: CORBA.TRANSIENT(omniORB.TRANSIENT_ConnectFailed, CORBA.COMPLETED_NO)

2024-11-28 15:41:30,933 file.result_t WARNING Dead connection: 350c2229-ad53-11ef-a481-f0f7b08dcc27
2024-11-28 15:41:32,965 file.result_t WARNING Traceback (most recent call last):
  File "C:\Users\enshu\AppData\Local\Programs\Python\Python310\lib\site-packages\OpenRTM_aist\PortBase.py", line 1664, in disconnectNext
    return p.notify_disconnect(connector_profile.connector_id)
  File "C:\Users\enshu\AppData\Local\Programs\Python\Python310\lib\site-packages\OpenRTM_aist\RTM_IDL\RTC_idl.py", line 1207, in notify_disconnect
    return self._obj.invoke("notify_disconnect", _0_RTC.PortService._d_notify_disconnect, args)
omniORB.CORBA._omni_sys_exc: CORBA.TRANSIENT(omniORB.TRANSIENT_ConnectFailed, CORBA.COMPLETED_NO)

2024-11-28 15:41:34,299 file.ManagerServant INFO Master manager not found
2024-11-28 15:41:44,419 file.ManagerServant INFO Master manager not found
2024-11-28 15:41:54,521 file.ManagerServant INFO Master manager not found
2024-11-28 15:42:04,610 file.ManagerServant INFO Master manager not found
2024-11-28 15:42:14,717 file.ManagerServant INFO Master manager not found
2024-11-28 15:42:24,708 file.ManagerServant INFO Master manager not found
2024-11-28 15:42:32,605 file.ec_worker ERROR State of the RTC is not INACTIVE_STATE.
2024-11-28 15:42:34,745 file.ManagerServant INFO Master manager not found
2024-11-28 15:42:44,847 file.ManagerServant INFO Master manager not found
2024-11-28 15:42:54,851 file.ManagerServant INFO Master manager not found
2024-11-28 15:43:04,985 file.ManagerServant INFO Master manager not found
2024-11-28 15:43:14,947 file.ManagerServant INFO Master manager not found
2024-11-28 15:43:25,024 file.ManagerServant INFO Master manager not found
2024-11-28 15:43:30,383 file.result_t WARNING Traceback (most recent call last):
  File "C:\Users\enshu\AppData\Local\Programs\Python\Python310\lib\site-packages\OpenRTM_aist\PortBase.py", line 2305, in checkPorts
    if port._non_existent():
  File "C:\Users\enshu\AppData\Local\Programs\Python\Python310\lib\site-packages\omniORB\CORBA.py", line 559, in _non_existent
    return self._obj.nonExistent()
omniORB.CORBA._omni_sys_exc: CORBA.TRANSIENT(omniORB.TRANSIENT_ConnectFailed, CORBA.COMPLETED_NO)

2024-11-28 15:43:30,383 file.result_t WARNING Dead connection: ea0e547f-ad53-11ef-a25f-f0f7b08dcc27
2024-11-28 15:43:32,452 file.result_t WARNING Traceback (most recent call last):
  File "C:\Users\enshu\AppData\Local\Programs\Python\Python310\lib\site-packages\OpenRTM_aist\PortBase.py", line 1664, in disconnectNext
    return p.notify_disconnect(connector_profile.connector_id)
  File "C:\Users\enshu\AppData\Local\Programs\Python\Python310\lib\site-packages\OpenRTM_aist\RTM_IDL\RTC_idl.py", line 1207, in notify_disconnect
    return self._obj.invoke("notify_disconnect", _0_RTC.PortService._d_notify_disconnect, args)
omniORB.CORBA._omni_sys_exc: CORBA.TRANSIENT(omniORB.TRANSIENT_ConnectFailed, CORBA.COMPLETED_NO)

2024-11-28 15:43:35,009 file.ManagerServant INFO Master manager not found
2024-11-28 15:43:45,079 file.ManagerServant INFO Master manager not found
2024-11-28 15:43:55,103 file.ManagerServant INFO Master manager not found
2024-11-28 15:44:05,226 file.ManagerServant INFO Master manager not found
2024-11-28 15:44:15,342 file.ManagerServant INFO Master manager not found
2024-11-28 15:44:25,354 file.ManagerServant INFO Master manager not found
2024-11-28 15:44:35,388 file.ManagerServant INFO Master manager not found
2024-11-28 15:44:38,335 file.ec_worker ERROR State of the RTC is not INACTIVE_STATE.
2024-11-28 15:44:45,390 file.ManagerServant INFO Master manager not found
2024-11-28 15:44:55,387 file.ManagerServant INFO Master manager not found
2024-11-28 15:45:05,492 file.ManagerServant INFO Master manager not found
2024-11-28 15:45:14,075 file.result_t WARNING Traceback (most recent call last):
  File "C:\Users\enshu\AppData\Local\Programs\Python\Python310\lib\site-packages\OpenRTM_aist\PortBase.py", line 2305, in checkPorts
    if port._non_existent():
  File "C:\Users\enshu\AppData\Local\Programs\Python\Python310\lib\site-packages\omniORB\CORBA.py", line 559, in _non_existent
    return self._obj.nonExistent()
omniORB.CORBA._omni_sys_exc: CORBA.TRANSIENT(omniORB.TRANSIENT_ConnectFailed, CORBA.COMPLETED_NO)

2024-11-28 15:45:14,076 file.result_t WARNING Dead connection: 38e27678-ad54-11ef-8eb0-f0f7b08dcc27
2024-11-28 15:45:15,479 file.ManagerServant INFO Master manager not found
2024-11-28 15:45:16,091 file.result_t WARNING Traceback (most recent call last):
  File "C:\Users\enshu\AppData\Local\Programs\Python\Python310\lib\site-packages\OpenRTM_aist\PortBase.py", line 1664, in disconnectNext
    return p.notify_disconnect(connector_profile.connector_id)
  File "C:\Users\enshu\AppData\Local\Programs\Python\Python310\lib\site-packages\OpenRTM_aist\RTM_IDL\RTC_idl.py", line 1207, in notify_disconnect
    return self._obj.invoke("notify_disconnect", _0_RTC.PortService._d_notify_disconnect, args)
omniORB.CORBA._omni_sys_exc: CORBA.TRANSIENT(omniORB.TRANSIENT_ConnectFailed, CORBA.COMPLETED_NO)

2024-11-28 15:45:25,527 file.ManagerServant INFO Master manager not found
2024-11-28 15:45:35,555 file.ManagerServant INFO Master manager not found
2024-11-28 15:45:45,667 file.ManagerServant INFO Master manager not found
2024-11-28 15:45:55,751 file.ManagerServant INFO Master manager not found
2024-11-28 15:46:05,878 file.ManagerServant INFO Master manager not found
2024-11-28 15:46:15,967 file.ManagerServant INFO Master manager not found
2024-11-28 15:46:26,098 file.ManagerServant INFO Master manager not found
2024-11-28 15:46:36,075 file.ManagerServant INFO Master manager not found
2024-11-28 15:46:46,161 file.ManagerServant INFO Master manager not found
2024-11-28 15:46:56,180 file.ManagerServant INFO Master manager not found
2024-11-28 15:47:06,224 file.ManagerServant INFO Master manager not found
2024-11-28 15:47:16,270 file.ManagerServant INFO Master manager not found
2024-11-28 15:47:26,354 file.ManagerServant INFO Master manager not found
2024-11-28 15:47:36,313 file.ManagerServant INFO Master manager not found
2024-11-28 15:47:38,120 file.ec_worker ERROR State of the RTC is not INACTIVE_STATE.
2024-11-28 15:47:46,428 file.ManagerServant INFO Master manager not found
2024-11-28 15:47:56,429 file.ManagerServant INFO Master manager not found
2024-11-28 15:48:06,568 file.ManagerServant INFO Master manager not found
2024-11-28 15:48:16,554 file.ManagerServant INFO Master manager not found
2024-11-28 15:48:26,657 file.ManagerServant INFO Master manager not found
2024-11-28 15:48:36,674 file.ManagerServant INFO Master manager not found
2024-11-28 15:48:46,706 file.ManagerServant INFO Master manager not found
2024-11-28 15:48:56,784 file.ManagerServant INFO Master manager not found
2024-11-28 15:49:06,828 file.ManagerServant INFO Master manager not found
2024-11-28 15:49:16,907 file.ManagerServant INFO Master manager not found
2024-11-28 15:49:25,797 file.result_t WARNING Traceback (most recent call last):
  File "C:\Users\enshu\AppData\Local\Programs\Python\Python310\lib\site-packages\OpenRTM_aist\PortBase.py", line 2305, in checkPorts
    if port._non_existent():
  File "C:\Users\enshu\AppData\Local\Programs\Python\Python310\lib\site-packages\omniORB\CORBA.py", line 559, in _non_existent
    return self._obj.nonExistent()
omniORB.CORBA._omni_sys_exc: CORBA.TRANSIENT(omniORB.TRANSIENT_ConnectFailed, CORBA.COMPLETED_NO)

2024-11-28 15:49:25,797 file.result_t WARNING Dead connection: a6fa1216-ad54-11ef-b226-f0f7b08dcc27
2024-11-28 15:49:26,906 file.ManagerServant INFO Master manager not found
2024-11-28 15:49:27,830 file.result_t WARNING Traceback (most recent call last):
  File "C:\Users\enshu\AppData\Local\Programs\Python\Python310\lib\site-packages\OpenRTM_aist\PortBase.py", line 1664, in disconnectNext
    return p.notify_disconnect(connector_profile.connector_id)
  File "C:\Users\enshu\AppData\Local\Programs\Python\Python310\lib\site-packages\OpenRTM_aist\RTM_IDL\RTC_idl.py", line 1207, in notify_disconnect
    return self._obj.invoke("notify_disconnect", _0_RTC.PortService._d_notify_disconnect, args)
omniORB.CORBA._omni_sys_exc: CORBA.TRANSIENT(omniORB.TRANSIENT_ConnectFailed, CORBA.COMPLETED_NO)

2024-11-28 15:49:36,945 file.ManagerServant INFO Master manager not found
2024-11-28 15:49:46,907 file.ManagerServant INFO Master manager not found
2024-11-28 15:49:54,499 file.ec_worker ERROR State of the RTC is not INACTIVE_STATE.
2024-11-28 15:49:57,016 file.ManagerServant INFO Master manager not found
2024-11-28 15:50:07,102 file.ManagerServant INFO Master manager not found
2024-11-28 15:50:17,221 file.ManagerServant INFO Master manager not found
2024-11-28 15:50:27,078 file.result_t WARNING Traceback (most recent call last):
  File "C:\Users\enshu\AppData\Local\Programs\Python\Python310\lib\site-packages\OpenRTM_aist\PortBase.py", line 2305, in checkPorts
    if port._non_existent():
  File "C:\Users\enshu\AppData\Local\Programs\Python\Python310\lib\site-packages\omniORB\CORBA.py", line 559, in _non_existent
    return self._obj.nonExistent()
omniORB.CORBA._omni_sys_exc: CORBA.TRANSIENT(omniORB.TRANSIENT_ConnectFailed, CORBA.COMPLETED_NO)

2024-11-28 15:50:27,078 file.result_t WARNING Dead connection: f78f2ed0-ad54-11ef-a975-f0f7b08dcc27
2024-11-28 15:50:27,345 file.ManagerServant INFO Master manager not found
2024-11-28 15:50:29,137 file.result_t WARNING Traceback (most recent call last):
  File "C:\Users\enshu\AppData\Local\Programs\Python\Python310\lib\site-packages\OpenRTM_aist\PortBase.py", line 1664, in disconnectNext
    return p.notify_disconnect(connector_profile.connector_id)
  File "C:\Users\enshu\AppData\Local\Programs\Python\Python310\lib\site-packages\OpenRTM_aist\RTM_IDL\RTC_idl.py", line 1207, in notify_disconnect
    return self._obj.invoke("notify_disconnect", _0_RTC.PortService._d_notify_disconnect, args)
omniORB.CORBA._omni_sys_exc: CORBA.TRANSIENT(omniORB.TRANSIENT_ConnectFailed, CORBA.COMPLETED_NO)

2024-11-28 15:50:37,324 file.ManagerServant INFO Master manager not found
2024-11-28 15:50:41,432 file.SdoServiceAdmin WARNING No available SDO service in the factory: 
2024-11-28 15:50:41,432 file.SdoServiceAdmin ERROR type  not exists.
2024-11-28 15:50:47,463 file.ManagerServant INFO Master manager not found
2024-11-28 15:50:48,091 file.ec_worker ERROR State of the RTC is not INACTIVE_STATE.
2024-11-28 15:50:57,486 file.ManagerServant INFO Master manager not found
2024-11-28 15:51:07,481 file.ManagerServant INFO Master manager not found
2024-11-28 15:51:17,597 file.ManagerServant INFO Master manager not found
2024-11-28 15:51:27,707 file.ManagerServant INFO Master manager not found
2024-11-28 15:51:37,729 file.ManagerServant INFO Master manager not found
2024-11-28 15:51:47,693 file.ManagerServant INFO Master manager not found
2024-11-28 15:51:56,673 file.result_t WARNING Traceback (most recent call last):
  File "C:\Users\enshu\AppData\Local\Programs\Python\Python310\lib\site-packages\OpenRTM_aist\PortBase.py", line 2305, in checkPorts
    if port._non_existent():
  File "C:\Users\enshu\AppData\Local\Programs\Python\Python310\lib\site-packages\omniORB\CORBA.py", line 559, in _non_existent
    return self._obj.nonExistent()
omniORB.CORBA._omni_sys_exc: CORBA.TRANSIENT(omniORB.TRANSIENT_ConnectFailed, CORBA.COMPLETED_NO)

2024-11-28 15:51:56,673 file.result_t WARNING Dead connection: 17995355-ad55-11ef-a749-f0f7b08dcc27
2024-11-28 15:51:57,796 file.ManagerServant INFO Master manager not found
2024-11-28 15:51:58,702 file.result_t WARNING Traceback (most recent call last):
  File "C:\Users\enshu\AppData\Local\Programs\Python\Python310\lib\site-packages\OpenRTM_aist\PortBase.py", line 1664, in disconnectNext
    return p.notify_disconnect(connector_profile.connector_id)
  File "C:\Users\enshu\AppData\Local\Programs\Python\Python310\lib\site-packages\OpenRTM_aist\RTM_IDL\RTC_idl.py", line 1207, in notify_disconnect
    return self._obj.invoke("notify_disconnect", _0_RTC.PortService._d_notify_disconnect, args)
omniORB.CORBA._omni_sys_exc: CORBA.TRANSIENT(omniORB.TRANSIENT_ConnectFailed, CORBA.COMPLETED_NO)

2024-11-28 15:52:07,863 file.ManagerServant INFO Master manager not found
2024-11-28 15:52:17,996 file.ManagerServant INFO Master manager not found
2024-11-28 15:52:19,766 file.ec_worker ERROR State of the RTC is not INACTIVE_STATE.
2024-11-28 15:52:27,991 file.ManagerServant INFO Master manager not found
2024-11-28 15:52:38,095 file.ManagerServant INFO Master manager not found
2024-11-28 15:52:48,083 file.ManagerServant INFO Master manager not found
2024-11-28 15:52:57,073 file.result_t WARNING Traceback (most recent call last):
  File "C:\Users\enshu\AppData\Local\Programs\Python\Python310\lib\site-packages\OpenRTM_aist\PortBase.py", line 2305, in checkPorts
    if port._non_existent():
  File "C:\Users\enshu\AppData\Local\Programs\Python\Python310\lib\site-packages\omniORB\CORBA.py", line 559, in _non_existent
    return self._obj.nonExistent()
omniORB.CORBA._omni_sys_exc: CORBA.TRANSIENT(omniORB.TRANSIENT_ConnectFailed, CORBA.COMPLETED_NO)

2024-11-28 15:52:57,073 file.result_t WARNING Dead connection: 4e8bcef9-ad55-11ef-b37e-f0f7b08dcc27
2024-11-28 15:52:58,062 file.ManagerServant INFO Master manager not found
2024-11-28 15:52:59,124 file.result_t WARNING Traceback (most recent call last):
  File "C:\Users\enshu\AppData\Local\Programs\Python\Python310\lib\site-packages\OpenRTM_aist\PortBase.py", line 1664, in disconnectNext
    return p.notify_disconnect(connector_profile.connector_id)
  File "C:\Users\enshu\AppData\Local\Programs\Python\Python310\lib\site-packages\OpenRTM_aist\RTM_IDL\RTC_idl.py", line 1207, in notify_disconnect
    return self._obj.invoke("notify_disconnect", _0_RTC.PortService._d_notify_disconnect, args)
omniORB.CORBA._omni_sys_exc: CORBA.TRANSIENT(omniORB.TRANSIENT_ConnectFailed, CORBA.COMPLETED_NO)

2024-11-28 15:53:08,143 file.ManagerServant INFO Master manager not found
2024-11-28 15:53:18,216 file.ManagerServant INFO Master manager not found
2024-11-28 15:53:28,260 file.ManagerServant INFO Master manager not found
2024-11-28 15:53:38,347 file.ManagerServant INFO Master manager not found
2024-11-28 15:53:48,295 file.ManagerServant INFO Master manager not found
2024-11-28 15:53:58,391 file.ManagerServant INFO Master manager not found
2024-11-28 15:54:07,552 file.ec_worker ERROR State of the RTC is not INACTIVE_STATE.
2024-11-28 15:54:08,501 file.ManagerServant INFO Master manager not found
2024-11-28 15:54:18,491 file.ManagerServant INFO Master manager not found
2024-11-28 15:54:28,562 file.ManagerServant INFO Master manager not found
2024-11-28 15:54:38,688 file.ManagerServant INFO Master manager not found
2024-11-28 15:54:48,692 file.ManagerServant INFO Master manager not found
2024-11-28 15:54:58,746 file.ManagerServant INFO Master manager not found
2024-11-28 15:55:08,840 file.ManagerServant INFO Master manager not found
2024-11-28 15:55:18,914 file.ManagerServant INFO Master manager not found
2024-11-28 15:55:28,991 file.ManagerServant INFO Master manager not found
2024-11-28 15:55:39,056 file.ManagerServant INFO Master manager not found
2024-11-28 15:55:49,047 file.ManagerServant INFO Master manager not found
2024-11-28 15:55:57,340 file.result_t WARNING Traceback (most recent call last):
  File "C:\Users\enshu\AppData\Local\Programs\Python\Python310\lib\site-packages\OpenRTM_aist\PortBase.py", line 2305, in checkPorts
    if port._non_existent():
  File "C:\Users\enshu\AppData\Local\Programs\Python\Python310\lib\site-packages\omniORB\CORBA.py", line 559, in _non_existent
    return self._obj.nonExistent()
omniORB.CORBA._omni_sys_exc: CORBA.TRANSIENT(omniORB.TRANSIENT_ConnectFailed, CORBA.COMPLETED_NO)

2024-11-28 15:55:57,340 file.result_t WARNING Dead connection: 8ed3a424-ad55-11ef-b22f-f0f7b08dcc27
2024-11-28 15:55:59,153 file.ManagerServant INFO Master manager not found
2024-11-28 15:55:59,387 file.result_t WARNING Traceback (most recent call last):
  File "C:\Users\enshu\AppData\Local\Programs\Python\Python310\lib\site-packages\OpenRTM_aist\PortBase.py", line 1664, in disconnectNext
    return p.notify_disconnect(connector_profile.connector_id)
  File "C:\Users\enshu\AppData\Local\Programs\Python\Python310\lib\site-packages\OpenRTM_aist\RTM_IDL\RTC_idl.py", line 1207, in notify_disconnect
    return self._obj.invoke("notify_disconnect", _0_RTC.PortService._d_notify_disconnect, args)
omniORB.CORBA._omni_sys_exc: CORBA.TRANSIENT(omniORB.TRANSIENT_ConnectFailed, CORBA.COMPLETED_NO)

2024-11-28 15:56:09,257 file.ManagerServant INFO Master manager not found
2024-11-28 15:56:19,247 file.ManagerServant INFO Master manager not found
2024-11-28 15:56:29,290 file.ManagerServant INFO Master manager not found
2024-11-28 15:56:39,294 file.ManagerServant INFO Master manager not found
2024-11-28 15:56:49,326 file.ManagerServant INFO Master manager not found
2024-11-28 15:56:59,366 file.ManagerServant INFO Master manager not found
2024-11-28 15:57:09,363 file.ManagerServant INFO Master manager not found
2024-11-28 15:57:12,887 file.ec_worker ERROR State of the RTC is not INACTIVE_STATE.
2024-11-28 15:57:19,494 file.ManagerServant INFO Master manager not found
2024-11-28 15:57:29,508 file.ManagerServant INFO Master manager not found
2024-11-28 15:57:39,499 file.ManagerServant INFO Master manager not found
2024-11-28 15:57:49,599 file.ManagerServant INFO Master manager not found
2024-11-28 15:57:59,707 file.ManagerServant INFO Master manager not found
2024-11-28 15:58:09,709 file.ManagerServant INFO Master manager not found
2024-11-28 15:58:19,695 file.ManagerServant INFO Master manager not found
2024-11-28 15:58:29,808 file.ManagerServant INFO Master manager not found
2024-11-28 15:58:39,783 file.ManagerServant INFO Master manager not found
2024-11-28 15:58:49,856 file.ManagerServant INFO Master manager not found
2024-11-28 15:58:53,119 file.result_t WARNING Traceback (most recent call last):
  File "C:\Users\enshu\AppData\Local\Programs\Python\Python310\lib\site-packages\OpenRTM_aist\PortBase.py", line 2305, in checkPorts
    if port._non_existent():
  File "C:\Users\enshu\AppData\Local\Programs\Python\Python310\lib\site-packages\omniORB\CORBA.py", line 559, in _non_existent
    return self._obj.nonExistent()
omniORB.CORBA._omni_sys_exc: CORBA.TRANSIENT(omniORB.TRANSIENT_ConnectFailed, CORBA.COMPLETED_NO)

2024-11-28 15:58:53,119 file.result_t WARNING Dead connection: fdfb2bbe-ad55-11ef-80b6-f0f7b08dcc27
2024-11-28 15:58:55,126 file.result_t WARNING Traceback (most recent call last):
  File "C:\Users\enshu\AppData\Local\Programs\Python\Python310\lib\site-packages\OpenRTM_aist\PortBase.py", line 1664, in disconnectNext
    return p.notify_disconnect(connector_profile.connector_id)
  File "C:\Users\enshu\AppData\Local\Programs\Python\Python310\lib\site-packages\OpenRTM_aist\RTM_IDL\RTC_idl.py", line 1207, in notify_disconnect
    return self._obj.invoke("notify_disconnect", _0_RTC.PortService._d_notify_disconnect, args)
omniORB.CORBA._omni_sys_exc: CORBA.TRANSIENT(omniORB.TRANSIENT_ConnectFailed, CORBA.COMPLETED_NO)

2024-11-28 15:58:59,996 file.ManagerServant INFO Master manager not found
2024-11-28 15:59:09,987 file.ManagerServant INFO Master manager not found
2024-11-28 15:59:20,124 file.ManagerServant INFO Master manager not found
2024-11-28 15:59:30,092 file.ManagerServant INFO Master manager not found
2024-11-28 15:59:40,226 file.ManagerServant INFO Master manager not found
2024-11-28 15:59:50,224 file.ManagerServant INFO Master manager not found
2024-11-28 16:00:00,324 file.ManagerServant INFO Master manager not found
2024-11-28 16:00:01,417 file.result_t WARNING Traceback (most recent call last):
  File "C:\Users\enshu\AppData\Local\Programs\Python\Python310\lib\site-packages\OpenRTM_aist\PortBase.py", line 2305, in checkPorts
    if port._non_existent():
  File "C:\Users\enshu\AppData\Local\Programs\Python\Python310\lib\site-packages\omniORB\CORBA.py", line 559, in _non_existent
    return self._obj.nonExistent()
omniORB.CORBA._omni_sys_exc: CORBA.TRANSIENT(omniORB.TRANSIENT_ConnectFailed, CORBA.COMPLETED_NO)

2024-11-28 16:00:01,417 file.result_t WARNING Dead connection: 49b5be57-ad56-11ef-868d-f0f7b08dcc27
2024-11-28 16:00:03,449 file.result_t WARNING Traceback (most recent call last):
  File "C:\Users\enshu\AppData\Local\Programs\Python\Python310\lib\site-packages\OpenRTM_aist\PortBase.py", line 1664, in disconnectNext
    return p.notify_disconnect(connector_profile.connector_id)
  File "C:\Users\enshu\AppData\Local\Programs\Python\Python310\lib\site-packages\OpenRTM_aist\RTM_IDL\RTC_idl.py", line 1207, in notify_disconnect
    return self._obj.invoke("notify_disconnect", _0_RTC.PortService._d_notify_disconnect, args)
omniORB.CORBA._omni_sys_exc: CORBA.TRANSIENT(omniORB.TRANSIENT_ConnectFailed, CORBA.COMPLETED_NO)

2024-11-28 16:00:10,317 file.ManagerServant INFO Master manager not found
2024-11-28 16:00:20,489 file.ManagerServant INFO Master manager not found
2024-11-28 16:00:22,737 file.ec_worker ERROR State of the RTC is not INACTIVE_STATE.
2024-11-28 16:00:30,506 file.ManagerServant INFO Master manager not found
2024-11-28 16:00:40,624 file.ManagerServant INFO Master manager not found
2024-11-28 16:00:50,608 file.ManagerServant INFO Master manager not found
2024-11-28 16:01:00,666 file.ManagerServant INFO Master manager not found
2024-11-28 16:01:10,730 file.ManagerServant INFO Master manager not found
2024-11-28 16:01:16,846 file.result_t WARNING Traceback (most recent call last):
  File "C:\Users\enshu\AppData\Local\Programs\Python\Python310\lib\site-packages\OpenRTM_aist\PortBase.py", line 2305, in checkPorts
    if port._non_existent():
  File "C:\Users\enshu\AppData\Local\Programs\Python\Python310\lib\site-packages\omniORB\CORBA.py", line 559, in _non_existent
    return self._obj.nonExistent()
omniORB.CORBA._omni_sys_exc: CORBA.TRANSIENT(omniORB.TRANSIENT_ConnectFailed, CORBA.COMPLETED_NO)

2024-11-28 16:01:16,847 file.result_t WARNING Dead connection: 6e836894-ad56-11ef-9fb9-f0f7b08dcc27
2024-11-28 16:01:18,870 file.result_t WARNING Traceback (most recent call last):
  File "C:\Users\enshu\AppData\Local\Programs\Python\Python310\lib\site-packages\OpenRTM_aist\PortBase.py", line 1664, in disconnectNext
    return p.notify_disconnect(connector_profile.connector_id)
  File "C:\Users\enshu\AppData\Local\Programs\Python\Python310\lib\site-packages\OpenRTM_aist\RTM_IDL\RTC_idl.py", line 1207, in notify_disconnect
    return self._obj.invoke("notify_disconnect", _0_RTC.PortService._d_notify_disconnect, args)
omniORB.CORBA._omni_sys_exc: CORBA.TRANSIENT(omniORB.TRANSIENT_ConnectFailed, CORBA.COMPLETED_NO)

2024-11-28 16:01:20,736 file.ManagerServant INFO Master manager not found
2024-11-28 16:01:30,854 file.ManagerServant INFO Master manager not found
2024-11-28 16:01:40,917 file.ManagerServant INFO Master manager not found
2024-11-28 16:01:50,881 file.ManagerServant INFO Master manager not found
2024-11-28 16:01:59,782 file.ec_worker ERROR State of the RTC is not INACTIVE_STATE.
2024-11-28 16:02:01,006 file.ManagerServant INFO Master manager not found
2024-11-28 16:02:11,111 file.ManagerServant INFO Master manager not found
2024-11-28 16:02:21,226 file.ManagerServant INFO Master manager not found
2024-11-28 16:02:31,189 file.ManagerServant INFO Master manager not found
2024-11-28 16:02:41,294 file.ManagerServant INFO Master manager not found
2024-11-28 16:02:46,421 file.result_t WARNING Traceback (most recent call last):
  File "C:\Users\enshu\AppData\Local\Programs\Python\Python310\lib\site-packages\OpenRTM_aist\PortBase.py", line 2305, in checkPorts
    if port._non_existent():
  File "C:\Users\enshu\AppData\Local\Programs\Python\Python310\lib\site-packages\omniORB\CORBA.py", line 559, in _non_existent
    return self._obj.nonExistent()
omniORB.CORBA._omni_sys_exc: CORBA.TRANSIENT(omniORB.TRANSIENT_ConnectFailed, CORBA.COMPLETED_NO)

2024-11-28 16:02:46,421 file.result_t WARNING Dead connection: a7c706fa-ad56-11ef-a0c7-f0f7b08dcc27
2024-11-28 16:02:48,487 file.result_t WARNING Traceback (most recent call last):
  File "C:\Users\enshu\AppData\Local\Programs\Python\Python310\lib\site-packages\OpenRTM_aist\PortBase.py", line 1664, in disconnectNext
    return p.notify_disconnect(connector_profile.connector_id)
  File "C:\Users\enshu\AppData\Local\Programs\Python\Python310\lib\site-packages\OpenRTM_aist\RTM_IDL\RTC_idl.py", line 1207, in notify_disconnect
    return self._obj.invoke("notify_disconnect", _0_RTC.PortService._d_notify_disconnect, args)
omniORB.CORBA._omni_sys_exc: CORBA.TRANSIENT(omniORB.TRANSIENT_ConnectFailed, CORBA.COMPLETED_NO)

2024-11-28 16:02:51,312 file.ManagerServant INFO Master manager not found
2024-11-28 16:03:01,361 file.ManagerServant INFO Master manager not found
2024-11-28 16:03:11,406 file.ManagerServant INFO Master manager not found
2024-11-28 16:03:21,389 file.ManagerServant INFO Master manager not found
2024-11-28 16:03:28,810 file.ec_worker ERROR State of the RTC is not INACTIVE_STATE.
2024-11-28 16:03:31,470 file.ManagerServant INFO Master manager not found
2024-11-28 16:03:41,553 file.ManagerServant INFO Master manager not found
2024-11-28 16:03:51,548 file.ManagerServant INFO Master manager not found
2024-11-28 16:04:01,563 file.ManagerServant INFO Master manager not found
2024-11-28 16:04:11,576 file.ManagerServant INFO Master manager not found
2024-11-28 16:04:21,697 file.ManagerServant INFO Master manager not found
2024-11-28 16:04:31,774 file.ManagerServant INFO Master manager not found
2024-11-28 16:04:41,834 file.ManagerServant INFO Master manager not found
2024-11-28 16:04:51,878 file.ManagerServant INFO Master manager not found
2024-11-28 16:05:01,911 file.ManagerServant INFO Master manager not found
2024-11-28 16:05:11,952 file.ManagerServant INFO Master manager not found
2024-11-28 16:05:18,601 file.result_t WARNING Traceback (most recent call last):
  File "C:\Users\enshu\AppData\Local\Programs\Python\Python310\lib\site-packages\OpenRTM_aist\PortBase.py", line 2305, in checkPorts
    if port._non_existent():
  File "C:\Users\enshu\AppData\Local\Programs\Python\Python310\lib\site-packages\omniORB\CORBA.py", line 559, in _non_existent
    return self._obj.nonExistent()
omniORB.CORBA._omni_sys_exc: CORBA.TRANSIENT(omniORB.TRANSIENT_ConnectFailed, CORBA.COMPLETED_NO)

2024-11-28 16:05:18,601 file.result_t WARNING Dead connection: dd5408f8-ad56-11ef-9cca-f0f7b08dcc27
2024-11-28 16:05:20,648 file.result_t WARNING Traceback (most recent call last):
  File "C:\Users\enshu\AppData\Local\Programs\Python\Python310\lib\site-packages\OpenRTM_aist\PortBase.py", line 1664, in disconnectNext
    return p.notify_disconnect(connector_profile.connector_id)
  File "C:\Users\enshu\AppData\Local\Programs\Python\Python310\lib\site-packages\OpenRTM_aist\RTM_IDL\RTC_idl.py", line 1207, in notify_disconnect
    return self._obj.invoke("notify_disconnect", _0_RTC.PortService._d_notify_disconnect, args)
omniORB.CORBA._omni_sys_exc: CORBA.TRANSIENT(omniORB.TRANSIENT_ConnectFailed, CORBA.COMPLETED_NO)

2024-11-28 16:05:21,989 file.ManagerServant INFO Master manager not found
2024-11-28 16:05:32,038 file.ManagerServant INFO Master manager not found
2024-11-28 16:05:42,104 file.ManagerServant INFO Master manager not found
2024-11-28 16:05:52,180 file.ManagerServant INFO Master manager not found
2024-11-28 16:05:52,732 file.ec_worker ERROR State of the RTC is not INACTIVE_STATE.
2024-11-28 16:06:02,282 file.ManagerServant INFO Master manager not found
2024-11-28 16:06:12,299 file.ManagerServant INFO Master manager not found
2024-11-28 16:06:22,394 file.ManagerServant INFO Master manager not found
2024-11-28 16:06:32,407 file.ManagerServant INFO Master manager not found
2024-11-28 16:06:42,455 file.ManagerServant INFO Master manager not found
2024-11-28 16:06:52,535 file.ManagerServant INFO Master manager not found
2024-11-28 16:07:02,572 file.ManagerServant INFO Master manager not found
2024-11-28 16:07:12,664 file.ManagerServant INFO Master manager not found
2024-11-28 16:07:22,708 file.ManagerServant INFO Master manager not found
2024-11-28 16:07:32,764 file.ManagerServant INFO Master manager not found
2024-11-28 16:07:42,842 file.ManagerServant INFO Master manager not found
2024-11-28 16:07:52,884 file.ManagerServant INFO Master manager not found
2024-11-28 16:08:01,936 file.result_t WARNING Traceback (most recent call last):
  File "C:\Users\enshu\AppData\Local\Programs\Python\Python310\lib\site-packages\OpenRTM_aist\PortBase.py", line 2305, in checkPorts
    if port._non_existent():
  File "C:\Users\enshu\AppData\Local\Programs\Python\Python310\lib\site-packages\omniORB\CORBA.py", line 559, in _non_existent
    return self._obj.nonExistent()
omniORB.CORBA._omni_sys_exc: CORBA.TRANSIENT(omniORB.TRANSIENT_ConnectFailed, CORBA.COMPLETED_NO)

2024-11-28 16:08:01,937 file.result_t WARNING Dead connection: 333761ed-ad57-11ef-99a2-f0f7b08dcc27
2024-11-28 16:08:03,039 file.ManagerServant INFO Master manager not found
2024-11-28 16:08:03,964 file.result_t WARNING Traceback (most recent call last):
  File "C:\Users\enshu\AppData\Local\Programs\Python\Python310\lib\site-packages\OpenRTM_aist\PortBase.py", line 1664, in disconnectNext
    return p.notify_disconnect(connector_profile.connector_id)
  File "C:\Users\enshu\AppData\Local\Programs\Python\Python310\lib\site-packages\OpenRTM_aist\RTM_IDL\RTC_idl.py", line 1207, in notify_disconnect
    return self._obj.invoke("notify_disconnect", _0_RTC.PortService._d_notify_disconnect, args)
omniORB.CORBA._omni_sys_exc: CORBA.TRANSIENT(omniORB.TRANSIENT_ConnectFailed, CORBA.COMPLETED_NO)

2024-11-28 16:08:13,083 file.ManagerServant INFO Master manager not found
2024-11-28 16:08:23,198 file.ManagerServant INFO Master manager not found
2024-11-28 16:08:33,195 file.ManagerServant INFO Master manager not found
2024-11-28 16:08:43,256 file.ManagerServant INFO Master manager not found
2024-11-28 16:08:53,248 file.ManagerServant INFO Master manager not found
2024-11-28 16:09:03,390 file.ManagerServant INFO Master manager not found
2024-11-28 16:09:13,390 file.ManagerServant INFO Master manager not found
2024-11-28 16:09:14,515 file.ec_worker ERROR State of the RTC is not INACTIVE_STATE.
2024-11-28 16:09:23,375 file.ManagerServant INFO Master manager not found
2024-11-28 16:09:33,471 file.ManagerServant INFO Master manager not found
2024-11-28 16:09:43,439 file.ManagerServant INFO Master manager not found
2024-11-28 16:09:53,562 file.ManagerServant INFO Master manager not found
2024-11-28 16:10:03,583 file.ManagerServant INFO Master manager not found
2024-11-28 16:10:13,597 file.ManagerServant INFO Master manager not found
2024-11-28 16:10:23,732 file.ManagerServant INFO Master manager not found
2024-11-28 16:10:33,837 file.ManagerServant INFO Master manager not found
2024-11-28 16:10:43,799 file.ManagerServant INFO Master manager not found
2024-11-28 16:10:53,893 file.ManagerServant INFO Master manager not found
2024-11-28 16:11:03,940 file.ManagerServant INFO Master manager not found
2024-11-28 16:11:13,941 file.ManagerServant INFO Master manager not found
2024-11-28 16:11:24,036 file.ManagerServant INFO Master manager not found
2024-11-28 16:11:34,051 file.result_t WARNING Traceback (most recent call last):
  File "C:\Users\enshu\AppData\Local\Programs\Python\Python310\lib\site-packages\OpenRTM_aist\PortBase.py", line 2305, in checkPorts
    if port._non_existent():
  File "C:\Users\enshu\AppData\Local\Programs\Python\Python310\lib\site-packages\omniORB\CORBA.py", line 559, in _non_existent
    return self._obj.nonExistent()
omniORB.CORBA._omni_sys_exc: CORBA.TRANSIENT(omniORB.TRANSIENT_ConnectFailed, CORBA.COMPLETED_NO)

2024-11-28 16:11:34,052 file.result_t WARNING Dead connection: ab784fa9-ad57-11ef-ab51-f0f7b08dcc27
2024-11-28 16:11:34,131 file.ManagerServant INFO Master manager not found
2024-11-28 16:11:36,105 file.result_t WARNING Traceback (most recent call last):
  File "C:\Users\enshu\AppData\Local\Programs\Python\Python310\lib\site-packages\OpenRTM_aist\PortBase.py", line 1664, in disconnectNext
    return p.notify_disconnect(connector_profile.connector_id)
  File "C:\Users\enshu\AppData\Local\Programs\Python\Python310\lib\site-packages\OpenRTM_aist\RTM_IDL\RTC_idl.py", line 1207, in notify_disconnect
    return self._obj.invoke("notify_disconnect", _0_RTC.PortService._d_notify_disconnect, args)
omniORB.CORBA._omni_sys_exc: CORBA.TRANSIENT(omniORB.TRANSIENT_ConnectFailed, CORBA.COMPLETED_NO)

2024-11-28 16:11:44,072 file.ManagerServant INFO Master manager not found
2024-11-28 16:11:54,176 file.ManagerServant INFO Master manager not found
2024-11-28 16:12:04,263 file.ManagerServant INFO Master manager not found
2024-11-28 16:12:14,357 file.ManagerServant INFO Master manager not found
2024-11-28 16:12:24,420 file.ManagerServant INFO Master manager not found
2024-11-28 16:12:34,520 file.ManagerServant INFO Master manager not found
2024-11-28 16:12:44,613 file.ManagerServant INFO Master manager not found
2024-11-28 16:12:54,759 file.ManagerServant INFO Master manager not found
2024-11-28 16:13:04,737 file.ManagerServant INFO Master manager not found
2024-11-28 16:13:14,740 file.ManagerServant INFO Master manager not found
2024-11-28 16:13:24,784 file.ManagerServant INFO Master manager not found
2024-11-28 16:13:34,809 file.ManagerServant INFO Master manager not found
2024-11-28 16:13:44,962 file.ManagerServant INFO Master manager not found
2024-11-28 16:13:54,950 file.ManagerServant INFO Master manager not found
2024-11-28 16:14:04,984 file.ManagerServant INFO Master manager not found
2024-11-28 16:14:14,952 file.ManagerServant INFO Master manager not found
2024-11-28 16:14:25,043 file.ManagerServant INFO Master manager not found
2024-11-28 16:14:35,170 file.ManagerServant INFO Master manager not found
2024-11-28 16:14:45,179 file.ManagerServant INFO Master manager not found
2024-11-28 16:14:55,176 file.ManagerServant INFO Master manager not found
2024-11-28 16:15:05,188 file.ManagerServant INFO Master manager not found
2024-11-28 16:15:15,301 file.ManagerServant INFO Master manager not found
2024-11-28 16:15:25,429 file.ManagerServant INFO Master manager not found
2024-11-28 16:15:35,416 file.ManagerServant INFO Master manager not found
2024-11-28 16:15:45,475 file.ManagerServant INFO Master manager not found
2024-11-28 16:15:55,537 file.ManagerServant INFO Master manager not found
2024-11-28 16:16:05,550 file.ManagerServant INFO Master manager not found
2024-11-28 16:16:15,569 file.ManagerServant INFO Master manager not found
2024-11-28 16:16:25,727 file.ManagerServant INFO Master manager not found
2024-11-28 16:16:35,729 file.ManagerServant INFO Master manager not found
2024-11-28 16:16:45,741 file.ManagerServant INFO Master manager not found
2024-11-28 16:16:55,779 file.ManagerServant INFO Master manager not found
2024-11-28 16:17:05,865 file.ManagerServant INFO Master manager not found
2024-11-28 16:17:15,875 file.ManagerServant INFO Master manager not found
2024-11-28 16:17:25,974 file.ManagerServant INFO Master manager not found
2024-11-28 16:17:36,026 file.ManagerServant INFO Master manager not found
2024-11-28 16:17:46,101 file.ManagerServant INFO Master manager not found
2024-11-28 16:17:56,096 file.ManagerServant INFO Master manager not found
2024-11-28 16:18:06,115 file.ManagerServant INFO Master manager not found
2024-11-28 16:18:16,143 file.ManagerServant INFO Master manager not found
2024-11-28 16:18:26,126 file.ManagerServant INFO Master manager not found
2024-11-28 16:18:36,181 file.ManagerServant INFO Master manager not found
2024-11-28 16:18:46,201 file.ManagerServant INFO Master manager not found
2024-11-28 16:18:56,274 file.ManagerServant INFO Master manager not found
2024-11-28 16:19:06,250 file.ManagerServant INFO Master manager not found
2024-11-28 16:19:16,263 file.ManagerServant INFO Master manager not found
2024-11-28 16:19:26,311 file.ManagerServant INFO Master manager not found
2024-11-28 16:19:36,318 file.ManagerServant INFO Master manager not found
2024-11-28 16:19:46,351 file.ManagerServant INFO Master manager not found
2024-11-28 16:19:56,454 file.ManagerServant INFO Master manager not found
2024-11-28 16:20:06,507 file.ManagerServant INFO Master manager not found
2024-11-28 16:20:16,511 file.ManagerServant INFO Master manager not found
2024-11-28 16:20:26,542 file.ManagerServant INFO Master manager not found
2024-11-28 16:20:36,619 file.ManagerServant INFO Master manager not found
2024-11-28 16:20:46,695 file.ManagerServant INFO Master manager not found
2024-11-28 16:20:56,699 file.ManagerServant INFO Master manager not found
2024-11-28 16:21:06,803 file.ManagerServant INFO Master manager not found
2024-11-28 16:21:16,830 file.ManagerServant INFO Master manager not found
2024-11-28 16:21:26,859 file.ManagerServant INFO Master manager not found
2024-11-28 16:21:36,972 file.ManagerServant INFO Master manager not found
2024-11-28 16:21:47,047 file.ManagerServant INFO Master manager not found
2024-11-28 16:21:57,077 file.ManagerServant INFO Master manager not found
2024-11-28 16:22:07,170 file.ManagerServant INFO Master manager not found
2024-11-28 16:22:17,233 file.ManagerServant INFO Master manager not found
2024-11-28 16:22:25,736 file.ec_worker ERROR State of the RTC is not INACTIVE_STATE.
2024-11-28 16:22:27,308 file.ManagerServant INFO Master manager not found
2024-11-28 16:22:37,292 file.ManagerServant INFO Master manager not found
2024-11-28 16:22:47,383 file.ManagerServant INFO Master manager not found
2024-11-28 16:22:57,492 file.ManagerServant INFO Master manager not found
2024-11-28 16:23:07,500 file.ManagerServant INFO Master manager not found
2024-11-28 16:23:17,549 file.ManagerServant INFO Master manager not found
2024-11-28 16:23:27,574 file.ManagerServant INFO Master manager not found
2024-11-28 16:23:37,658 file.ManagerServant INFO Master manager not found
2024-11-28 16:23:47,768 file.ManagerServant INFO Master manager not found
2024-11-28 16:23:57,855 file.ManagerServant INFO Master manager not found
2024-11-28 16:24:07,861 file.ManagerServant INFO Master manager not found
2024-11-28 16:24:17,966 file.ManagerServant INFO Master manager not found
2024-11-28 16:24:27,923 file.ManagerServant INFO Master manager not found
2024-11-28 16:24:38,032 file.ManagerServant INFO Master manager not found
2024-11-28 16:24:48,049 file.ManagerServant INFO Master manager not found
2024-11-28 16:24:58,190 file.ManagerServant INFO Master manager not found
2024-11-28 16:25:08,261 file.ManagerServant INFO Master manager not found
2024-11-28 16:25:18,265 file.ManagerServant INFO Master manager not found
2024-11-28 16:25:28,392 file.ManagerServant INFO Master manager not found
2024-11-28 16:25:38,406 file.ManagerServant INFO Master manager not found
2024-11-28 16:25:48,526 file.ManagerServant INFO Master manager not found
2024-11-28 16:25:58,588 file.ManagerServant INFO Master manager not found
2024-11-28 16:26:08,654 file.ManagerServant INFO Master manager not found
2024-11-28 16:26:18,504 file.result_t WARNING Traceback (most recent call last):
  File "C:\Users\enshu\AppData\Local\Programs\Python\Python310\lib\site-packages\OpenRTM_aist\PortBase.py", line 2305, in checkPorts
    if port._non_existent():
  File "C:\Users\enshu\AppData\Local\Programs\Python\Python310\lib\site-packages\omniORB\CORBA.py", line 559, in _non_existent
    return self._obj.nonExistent()
omniORB.CORBA._omni_sys_exc: CORBA.TRANSIENT(omniORB.TRANSIENT_ConnectFailed, CORBA.COMPLETED_NO)

2024-11-28 16:26:18,505 file.result_t WARNING Dead connection: 82f62184-ad59-11ef-9041-f0f7b08dcc27
2024-11-28 16:26:18,725 file.ManagerServant INFO Master manager not found
2024-11-28 16:26:20,542 file.result_t WARNING Traceback (most recent call last):
  File "C:\Users\enshu\AppData\Local\Programs\Python\Python310\lib\site-packages\OpenRTM_aist\PortBase.py", line 1664, in disconnectNext
    return p.notify_disconnect(connector_profile.connector_id)
  File "C:\Users\enshu\AppData\Local\Programs\Python\Python310\lib\site-packages\OpenRTM_aist\RTM_IDL\RTC_idl.py", line 1207, in notify_disconnect
    return self._obj.invoke("notify_disconnect", _0_RTC.PortService._d_notify_disconnect, args)
omniORB.CORBA._omni_sys_exc: CORBA.TRANSIENT(omniORB.TRANSIENT_ConnectFailed, CORBA.COMPLETED_NO)

2024-11-28 16:26:28,843 file.ManagerServant INFO Master manager not found
2024-11-28 16:26:38,931 file.ManagerServant INFO Master manager not found
2024-11-28 16:26:40,546 file.ec_worker ERROR State of the RTC is not INACTIVE_STATE.
2024-11-28 16:26:48,968 file.ManagerServant INFO Master manager not found
2024-11-28 16:26:58,927 file.ManagerServant INFO Master manager not found
2024-11-28 16:27:09,011 file.ManagerServant INFO Master manager not found
