2024-11-27 18:04:26,886 file.manager INFO 2.0.0
2024-11-27 18:04:26,886 file.manager INFO Copyright (C) 2003-2022, Noriaki Ando and OpenRTM development team,
2024-11-27 18:04:26,886 file.manager INFO   Intelligent Systems Research Institute, AIST,
2024-11-27 18:04:26,886 file.manager INFO Copyright (C) 2022, Noriaki Ando and OpenRTM development team,
2024-11-27 18:04:26,886 file.manager INFO   Industrial Cyber-Physical Research Center, AIST,
2024-11-27 18:04:26,886 file.manager INFO   All right reserved.
2024-11-27 18:04:26,887 file.manager INFO Manager starting.
2024-11-27 18:04:26,887 file.manager INFO Starting local logging.
2024-11-27 18:04:26,896 file.manager.namingmanager INFO NameServer connection succeeded: corba/localhost
2024-11-27 18:04:31,025 file.ManagerServant INFO Master manager not found
2024-11-27 18:04:31,026 file.LocalServiceAdmin INFO All the local services are enabled.
2024-11-27 18:04:31,030 file.manager INFO Component type conf file: calculator_temperature.conf loaded.
2024-11-27 18:04:31,032 file.ec_base INFO setRate(1000000.000000) done
2024-11-27 18:04:31,033 file.ec_base INFO setRate(1000.000000) done
2024-11-27 18:04:31,033 file.rtobject INFO 1 execution context was created.
2024-11-27 18:04:31,036 file.rtobject INFO Initial active configuration set is default.
2024-11-27 18:04:45,204 file.ManagerServant INFO Master manager not found
2024-11-27 18:04:55,176 file.ManagerServant INFO Master manager not found
2024-11-27 18:05:05,260 file.ManagerServant INFO Master manager not found
2024-11-27 18:05:15,301 file.ManagerServant INFO Master manager not found
2024-11-27 18:05:25,371 file.ManagerServant INFO Master manager not found
2024-11-27 18:05:35,455 file.ManagerServant INFO Master manager not found
2024-11-27 18:05:45,529 file.ManagerServant INFO Master manager not found
2024-11-27 18:05:55,621 file.ManagerServant INFO Master manager not found
2024-11-27 18:06:05,577 file.ManagerServant INFO Master manager not found
2024-11-27 18:06:15,682 file.ManagerServant INFO Master manager not found
