2024-11-27 18:02:06,747 file.manager INFO 2.0.0
2024-11-27 18:02:06,748 file.manager INFO Copyright (C) 2003-2022, Noriaki Ando and OpenRTM development team,
2024-11-27 18:02:06,748 file.manager INFO   Intelligent Systems Research Institute, AIST,
2024-11-27 18:02:06,748 file.manager INFO Copyright (C) 2022, Noriaki Ando and OpenRTM development team,
2024-11-27 18:02:06,748 file.manager INFO   Industrial Cyber-Physical Research Center, AIST,
2024-11-27 18:02:06,748 file.manager INFO   All right reserved.
2024-11-27 18:02:06,748 file.manager INFO Manager starting.
2024-11-27 18:02:06,748 file.manager INFO Starting local logging.
2024-11-27 18:02:06,759 file.manager.namingmanager INFO NameServer connection succeeded: corba/localhost
2024-11-27 18:02:10,827 file.ManagerServant INFO Master manager not found
2024-11-27 18:02:10,827 file.LocalServiceAdmin INFO All the local services are enabled.
2024-11-27 18:02:10,827 file.manager INFO Component type conf file: calculator_temperature.conf loaded.
2024-11-27 18:02:10,827 file.ec_base INFO setRate(1000000.000000) done
2024-11-27 18:02:10,827 file.ec_base INFO setRate(1000.000000) done
2024-11-27 18:02:10,827 file.rtobject INFO 1 execution context was created.
2024-11-27 18:02:10,827 file.rtobject INFO Initial active configuration set is default.
2024-11-27 18:02:25,004 file.ManagerServant INFO Master manager not found
2024-11-27 18:02:26,825 file.SdoServiceAdmin WARNING No available SDO service in the factory: 
2024-11-27 18:02:26,825 file.SdoServiceAdmin ERROR type  not exists.
2024-11-27 18:02:35,045 file.ManagerServant INFO Master manager not found
2024-11-27 18:02:45,155 file.ManagerServant INFO Master manager not found
2024-11-27 18:02:55,235 file.ManagerServant INFO Master manager not found
2024-11-27 18:03:05,315 file.ManagerServant INFO Master manager not found
2024-11-27 18:03:15,392 file.ManagerServant INFO Master manager not found
2024-11-27 18:03:25,378 file.ManagerServant INFO Master manager not found
2024-11-27 18:03:35,457 file.ManagerServant INFO Master manager not found
2024-11-27 18:03:45,514 file.ManagerServant INFO Master manager not found
