2024-11-28 15:32:12,781 file.manager INFO 2.0.0
2024-11-28 15:32:12,782 file.manager INFO Copyright (C) 2003-2022, Noriaki Ando and OpenRTM development team,
2024-11-28 15:32:12,782 file.manager INFO   Intelligent Systems Research Institute, AIST,
2024-11-28 15:32:12,782 file.manager INFO Copyright (C) 2022, Noriaki Ando and OpenRTM development team,
2024-11-28 15:32:12,782 file.manager INFO   Industrial Cyber-Physical Research Center, AIST,
2024-11-28 15:32:12,782 file.manager INFO   All right reserved.
2024-11-28 15:32:12,782 file.manager INFO Manager starting.
2024-11-28 15:32:12,782 file.manager INFO Starting local logging.
2024-11-28 15:32:12,788 file.manager.namingmanager INFO NameServer connection succeeded: corba/localhost
2024-11-28 15:32:16,872 file.ManagerServant INFO Master manager not found
2024-11-28 15:32:16,872 file.LocalServiceAdmin INFO All the local services are enabled.
2024-11-28 15:32:16,887 file.manager INFO Component type conf file: calculator_temperature.conf loaded.
2024-11-28 15:32:16,888 file.ec_base INFO setRate(1000000.000000) done
2024-11-28 15:32:16,888 file.ec_base INFO setRate(1000.000000) done
2024-11-28 15:32:16,889 file.rtobject INFO 1 execution context was created.
2024-11-28 15:32:16,890 file.rtobject INFO Initial active configuration set is default.
2024-11-28 15:32:30,977 file.ManagerServant INFO Master manager not found
2024-11-28 15:32:41,056 file.ManagerServant INFO Master manager not found
2024-11-28 15:32:51,129 file.ManagerServant INFO Master manager not found
2024-11-28 15:33:01,239 file.ManagerServant INFO Master manager not found
2024-11-28 15:33:11,292 file.ManagerServant INFO Master manager not found
2024-11-28 15:33:21,369 file.ManagerServant INFO Master manager not found
