2024-11-28 18:55:53,774 file.manager INFO 2.0.0
2024-11-28 18:55:53,774 file.manager INFO Copyright (C) 2003-2022, Noriaki Ando and OpenRTM development team,
2024-11-28 18:55:53,774 file.manager INFO   Intelligent Systems Research Institute, AIST,
2024-11-28 18:55:53,774 file.manager INFO Copyright (C) 2022, Noriaki Ando and OpenRTM development team,
2024-11-28 18:55:53,774 file.manager INFO   Industrial Cyber-Physical Research Center, AIST,
2024-11-28 18:55:53,774 file.manager INFO   All right reserved.
2024-11-28 18:55:53,774 file.manager INFO Manager starting.
2024-11-28 18:55:53,774 file.manager INFO Starting local logging.
2024-11-28 18:55:53,783 file.manager.namingmanager INFO NameServer connection succeeded: corba/localhost
2024-11-28 18:55:57,815 file.ManagerServant INFO Master manager not found
2024-11-28 18:55:57,815 file.LocalServiceAdmin INFO All the local services are enabled.
2024-11-28 18:55:57,828 file.manager INFO Component type conf file: calculator_acceleration.conf loaded.
2024-11-28 18:55:57,828 file.ec_base INFO setRate(1000000.000000) done
2024-11-28 18:55:57,828 file.ec_base INFO setRate(1000.000000) done
2024-11-28 18:55:57,828 file.rtobject INFO 1 execution context was created.
2024-11-28 18:55:57,828 file.rtobject INFO Initial active configuration set is default.
2024-11-28 18:56:11,975 file.ManagerServant INFO Master manager not found
2024-11-28 18:56:14,077 file.SdoServiceAdmin WARNING No available SDO service in the factory: 
2024-11-28 18:56:14,078 file.SdoServiceAdmin ERROR type  not exists.
2024-11-28 18:56:22,092 file.ManagerServant INFO Master manager not found
2024-11-28 18:56:32,059 file.ManagerServant INFO Master manager not found
2024-11-28 18:56:42,154 file.ManagerServant INFO Master manager not found
2024-11-28 18:56:52,245 file.ManagerServant INFO Master manager not found
2024-11-28 18:57:02,319 file.ManagerServant INFO Master manager not found
2024-11-28 18:57:12,410 file.ManagerServant INFO Master manager not found
