2024-11-28 15:36:51,908 file.manager INFO 2.0.0
2024-11-28 15:36:51,908 file.manager INFO Copyright (C) 2003-2022, Noriaki Ando and OpenRTM development team,
2024-11-28 15:36:51,908 file.manager INFO   Intelligent Systems Research Institute, AIST,
2024-11-28 15:36:51,908 file.manager INFO Copyright (C) 2022, Noriaki Ando and OpenRTM development team,
2024-11-28 15:36:51,908 file.manager INFO   Industrial Cyber-Physical Research Center, AIST,
2024-11-28 15:36:51,908 file.manager INFO   All right reserved.
2024-11-28 15:36:51,908 file.manager INFO Manager starting.
2024-11-28 15:36:51,908 file.manager INFO Starting local logging.
2024-11-28 15:36:51,924 file.manager.namingmanager INFO NameServer connection succeeded: corba/localhost
2024-11-28 15:36:55,999 file.ManagerServant INFO Master manager not found
2024-11-28 15:36:56,000 file.LocalServiceAdmin INFO All the local services are enabled.
2024-11-28 15:36:56,004 file.manager INFO Component type conf file: footage.conf loaded.
2024-11-28 15:36:56,006 file.ec_base INFO setRate(1000000.000000) done
2024-11-28 15:36:56,006 file.ec_base INFO setRate(1000.000000) done
2024-11-28 15:36:56,006 file.rtobject INFO 1 execution context was created.
2024-11-28 15:36:56,007 file.rtobject INFO Initial active configuration set is default.
2024-11-28 15:37:10,130 file.ManagerServant INFO Master manager not found
2024-11-28 15:37:20,218 file.ManagerServant INFO Master manager not found
2024-11-28 15:37:23,628 file.SdoServiceAdmin WARNING No available SDO service in the factory: 
2024-11-28 15:37:23,629 file.SdoServiceAdmin ERROR type  not exists.
2024-11-28 15:37:30,290 file.ManagerServant INFO Master manager not found
2024-11-28 15:37:40,349 file.ManagerServant INFO Master manager not found
2024-11-28 15:37:50,424 file.ManagerServant INFO Master manager not found
2024-11-28 15:38:00,565 file.ManagerServant INFO Master manager not found
2024-11-28 15:38:10,582 file.ManagerServant INFO Master manager not found
2024-11-28 15:38:20,556 file.ManagerServant INFO Master manager not found
2024-11-28 15:38:30,657 file.ManagerServant INFO Master manager not found
2024-11-28 15:38:40,750 file.ManagerServant INFO Master manager not found
2024-11-28 15:38:50,719 file.ManagerServant INFO Master manager not found
2024-11-28 15:39:00,813 file.ManagerServant INFO Master manager not found
2024-11-28 15:39:10,892 file.ManagerServant INFO Master manager not found
2024-11-28 15:39:20,966 file.ManagerServant INFO Master manager not found
2024-11-28 15:39:31,045 file.ManagerServant INFO Master manager not found
2024-11-28 15:39:41,049 file.ManagerServant INFO Master manager not found
2024-11-28 15:39:51,111 file.ManagerServant INFO Master manager not found
2024-11-28 15:40:01,206 file.ManagerServant INFO Master manager not found
2024-11-28 15:40:11,242 file.ManagerServant INFO Master manager not found
2024-11-28 15:40:21,257 file.ManagerServant INFO Master manager not found
2024-11-28 15:40:31,281 file.ManagerServant INFO Master manager not found
2024-11-28 15:40:41,335 file.ManagerServant INFO Master manager not found
2024-11-28 15:40:51,471 file.ManagerServant INFO Master manager not found
2024-11-28 15:41:01,514 file.ManagerServant INFO Master manager not found
2024-11-28 15:41:11,575 file.ManagerServant INFO Master manager not found
2024-11-28 15:41:21,594 file.ManagerServant INFO Master manager not found
2024-11-28 15:41:31,657 file.ManagerServant INFO Master manager not found
2024-11-28 15:41:35,004 file.drink_type WARNING Traceback (most recent call last):
  File "C:\Users\enshu\AppData\Local\Programs\Python\Python310\lib\site-packages\OpenRTM_aist\PortBase.py", line 2305, in checkPorts
    if port._non_existent():
  File "C:\Users\enshu\AppData\Local\Programs\Python\Python310\lib\site-packages\omniORB\CORBA.py", line 559, in _non_existent
    return self._obj.nonExistent()
omniORB.CORBA._omni_sys_exc: CORBA.TRANSIENT(omniORB.TRANSIENT_ConnectFailed, CORBA.COMPLETED_NO)

2024-11-28 15:41:35,004 file.drink_type WARNING Dead connection: 38a2505d-ad53-11ef-a3e7-f0f7b08dcc27
2024-11-28 15:41:37,058 file.drink_type WARNING Traceback (most recent call last):
  File "C:\Users\enshu\AppData\Local\Programs\Python\Python310\lib\site-packages\OpenRTM_aist\PortBase.py", line 873, in disconnect
    return p.notify_disconnect(connector_id)
  File "C:\Users\enshu\AppData\Local\Programs\Python\Python310\lib\site-packages\OpenRTM_aist\RTM_IDL\RTC_idl.py", line 1207, in notify_disconnect
    return self._obj.invoke("notify_disconnect", _0_RTC.PortService._d_notify_disconnect, args)
omniORB.CORBA._omni_sys_exc: CORBA.TRANSIENT(omniORB.TRANSIENT_ConnectFailed, CORBA.COMPLETED_NO)

2024-11-28 15:41:41,746 file.ManagerServant INFO Master manager not found
2024-11-28 15:41:51,837 file.ManagerServant INFO Master manager not found
2024-11-28 15:42:01,928 file.ManagerServant INFO Master manager not found
2024-11-28 15:42:12,030 file.ManagerServant INFO Master manager not found
2024-11-28 15:42:22,102 file.ManagerServant INFO Master manager not found
2024-11-28 15:42:32,185 file.ManagerServant INFO Master manager not found
2024-11-28 15:42:32,609 file.ec_worker ERROR State of the RTC is not INACTIVE_STATE.
2024-11-28 15:42:42,240 file.ManagerServant INFO Master manager not found
2024-11-28 15:42:52,276 file.ManagerServant INFO Master manager not found
2024-11-28 15:43:02,366 file.ManagerServant INFO Master manager not found
2024-11-28 15:43:12,346 file.ManagerServant INFO Master manager not found
2024-11-28 15:43:22,444 file.ManagerServant INFO Master manager not found
2024-11-28 15:43:32,531 file.ManagerServant INFO Master manager not found
2024-11-28 15:43:34,523 file.drink_type WARNING Traceback (most recent call last):
  File "C:\Users\enshu\AppData\Local\Programs\Python\Python310\lib\site-packages\OpenRTM_aist\PortBase.py", line 2305, in checkPorts
    if port._non_existent():
  File "C:\Users\enshu\AppData\Local\Programs\Python\Python310\lib\site-packages\omniORB\CORBA.py", line 559, in _non_existent
    return self._obj.nonExistent()
omniORB.CORBA._omni_sys_exc: CORBA.TRANSIENT(omniORB.TRANSIENT_ConnectFailed, CORBA.COMPLETED_NO)

2024-11-28 15:43:34,524 file.drink_type WARNING Dead connection: efda469c-ad53-11ef-a521-f0f7b08dcc27
2024-11-28 15:43:36,555 file.drink_type WARNING Traceback (most recent call last):
  File "C:\Users\enshu\AppData\Local\Programs\Python\Python310\lib\site-packages\OpenRTM_aist\PortBase.py", line 873, in disconnect
    return p.notify_disconnect(connector_id)
  File "C:\Users\enshu\AppData\Local\Programs\Python\Python310\lib\site-packages\OpenRTM_aist\RTM_IDL\RTC_idl.py", line 1207, in notify_disconnect
    return self._obj.invoke("notify_disconnect", _0_RTC.PortService._d_notify_disconnect, args)
omniORB.CORBA._omni_sys_exc: CORBA.TRANSIENT(omniORB.TRANSIENT_ConnectFailed, CORBA.COMPLETED_NO)

2024-11-28 15:43:42,509 file.ManagerServant INFO Master manager not found
2024-11-28 15:43:52,601 file.ManagerServant INFO Master manager not found
2024-11-28 15:44:02,693 file.ManagerServant INFO Master manager not found
2024-11-28 15:44:12,700 file.ManagerServant INFO Master manager not found
2024-11-28 15:44:22,823 file.ManagerServant INFO Master manager not found
2024-11-28 15:44:32,841 file.ManagerServant INFO Master manager not found
2024-11-28 15:44:38,341 file.ec_worker ERROR State of the RTC is not INACTIVE_STATE.
2024-11-28 15:44:42,867 file.ManagerServant INFO Master manager not found
2024-11-28 15:44:52,878 file.ManagerServant INFO Master manager not found
2024-11-28 15:45:02,879 file.ManagerServant INFO Master manager not found
2024-11-28 15:45:12,990 file.ManagerServant INFO Master manager not found
2024-11-28 15:45:18,131 file.drink_type WARNING Traceback (most recent call last):
  File "C:\Users\enshu\AppData\Local\Programs\Python\Python310\lib\site-packages\OpenRTM_aist\PortBase.py", line 2305, in checkPorts
    if port._non_existent():
  File "C:\Users\enshu\AppData\Local\Programs\Python\Python310\lib\site-packages\omniORB\CORBA.py", line 559, in _non_existent
    return self._obj.nonExistent()
omniORB.CORBA._omni_sys_exc: CORBA.TRANSIENT(omniORB.TRANSIENT_ConnectFailed, CORBA.COMPLETED_NO)

2024-11-28 15:45:18,131 file.drink_type WARNING Dead connection: 3aebf2ad-ad54-11ef-b360-f0f7b08dcc27
2024-11-28 15:45:20,178 file.drink_type WARNING Traceback (most recent call last):
  File "C:\Users\enshu\AppData\Local\Programs\Python\Python310\lib\site-packages\OpenRTM_aist\PortBase.py", line 873, in disconnect
    return p.notify_disconnect(connector_id)
  File "C:\Users\enshu\AppData\Local\Programs\Python\Python310\lib\site-packages\OpenRTM_aist\RTM_IDL\RTC_idl.py", line 1207, in notify_disconnect
    return self._obj.invoke("notify_disconnect", _0_RTC.PortService._d_notify_disconnect, args)
omniORB.CORBA._omni_sys_exc: CORBA.TRANSIENT(omniORB.TRANSIENT_ConnectFailed, CORBA.COMPLETED_NO)

2024-11-28 15:45:22,997 file.ManagerServant INFO Master manager not found
2024-11-28 15:45:33,116 file.ManagerServant INFO Master manager not found
2024-11-28 15:45:43,102 file.ManagerServant INFO Master manager not found
2024-11-28 15:45:53,201 file.ManagerServant INFO Master manager not found
2024-11-28 15:46:03,200 file.ManagerServant INFO Master manager not found
2024-11-28 15:46:13,339 file.ManagerServant INFO Master manager not found
2024-11-28 15:46:23,372 file.ManagerServant INFO Master manager not found
2024-11-28 15:46:33,337 file.ManagerServant INFO Master manager not found
2024-11-28 15:46:43,427 file.ManagerServant INFO Master manager not found
2024-11-28 15:46:53,415 file.ManagerServant INFO Master manager not found
2024-11-28 15:47:03,499 file.ManagerServant INFO Master manager not found
2024-11-28 15:47:13,565 file.ManagerServant INFO Master manager not found
2024-11-28 15:47:23,644 file.ManagerServant INFO Master manager not found
2024-11-28 15:47:33,781 file.ManagerServant INFO Master manager not found
2024-11-28 15:47:38,123 file.ec_worker ERROR State of the RTC is not INACTIVE_STATE.
2024-11-28 15:47:43,819 file.ManagerServant INFO Master manager not found
2024-11-28 15:47:53,800 file.ManagerServant INFO Master manager not found
2024-11-28 15:48:03,923 file.ManagerServant INFO Master manager not found
2024-11-28 15:48:13,907 file.ManagerServant INFO Master manager not found
2024-11-28 15:48:23,995 file.ManagerServant INFO Master manager not found
2024-11-28 15:48:34,150 file.ManagerServant INFO Master manager not found
2024-11-28 15:48:44,170 file.ManagerServant INFO Master manager not found
2024-11-28 15:48:54,245 file.ManagerServant INFO Master manager not found
2024-11-28 15:49:04,342 file.ManagerServant INFO Master manager not found
2024-11-28 15:49:14,339 file.ManagerServant INFO Master manager not found
2024-11-28 15:49:24,386 file.ManagerServant INFO Master manager not found
2024-11-28 15:49:34,538 file.ManagerServant INFO Master manager not found
2024-11-28 15:49:44,647 file.ManagerServant INFO Master manager not found
2024-11-28 15:49:54,503 file.ec_worker ERROR State of the RTC is not INACTIVE_STATE.
2024-11-28 15:49:54,723 file.ManagerServant INFO Master manager not found
2024-11-28 15:50:04,724 file.ManagerServant INFO Master manager not found
2024-11-28 15:50:14,717 file.ManagerServant INFO Master manager not found
2024-11-28 15:50:24,809 file.ManagerServant INFO Master manager not found
2024-11-28 15:50:34,930 file.ManagerServant INFO Master manager not found
2024-11-28 15:50:44,917 file.ManagerServant INFO Master manager not found
2024-11-28 15:50:48,095 file.ec_worker ERROR State of the RTC is not INACTIVE_STATE.
2024-11-28 15:50:54,940 file.ManagerServant INFO Master manager not found
2024-11-28 15:51:05,063 file.ManagerServant INFO Master manager not found
2024-11-28 15:51:15,095 file.ManagerServant INFO Master manager not found
2024-11-28 15:51:25,189 file.ManagerServant INFO Master manager not found
2024-11-28 15:51:35,211 file.ManagerServant INFO Master manager not found
2024-11-28 15:51:45,190 file.ManagerServant INFO Master manager not found
2024-11-28 15:51:55,226 file.ManagerServant INFO Master manager not found
2024-11-28 15:52:05,315 file.ManagerServant INFO Master manager not found
2024-11-28 15:52:15,311 file.ManagerServant INFO Master manager not found
2024-11-28 15:52:19,771 file.ec_worker ERROR State of the RTC is not INACTIVE_STATE.
2024-11-28 15:52:25,444 file.ManagerServant INFO Master manager not found
2024-11-28 15:52:35,486 file.ManagerServant INFO Master manager not found
2024-11-28 15:52:45,470 file.ManagerServant INFO Master manager not found
2024-11-28 15:52:55,529 file.ManagerServant INFO Master manager not found
2024-11-28 15:53:05,647 file.ManagerServant INFO Master manager not found
2024-11-28 15:53:15,624 file.ManagerServant INFO Master manager not found
2024-11-28 15:53:25,684 file.ManagerServant INFO Master manager not found
2024-11-28 15:53:35,754 file.ManagerServant INFO Master manager not found
2024-11-28 15:53:45,866 file.ManagerServant INFO Master manager not found
2024-11-28 15:53:55,884 file.ManagerServant INFO Master manager not found
2024-11-28 15:54:05,853 file.ManagerServant INFO Master manager not found
2024-11-28 15:54:07,555 file.ec_worker ERROR State of the RTC is not INACTIVE_STATE.
2024-11-28 15:54:15,961 file.ManagerServant INFO Master manager not found
2024-11-28 15:54:26,093 file.ManagerServant INFO Master manager not found
2024-11-28 15:54:36,055 file.ManagerServant INFO Master manager not found
2024-11-28 15:54:46,126 file.ManagerServant INFO Master manager not found
2024-11-28 15:54:56,225 file.ManagerServant INFO Master manager not found
2024-11-28 15:55:06,243 file.ManagerServant INFO Master manager not found
2024-11-28 15:55:16,235 file.ManagerServant INFO Master manager not found
2024-11-28 15:55:26,302 file.ManagerServant INFO Master manager not found
2024-11-28 15:55:36,383 file.ManagerServant INFO Master manager not found
2024-11-28 15:55:46,480 file.ManagerServant INFO Master manager not found
2024-11-28 15:55:56,555 file.ManagerServant INFO Master manager not found
2024-11-28 15:56:06,693 file.ManagerServant INFO Master manager not found
2024-11-28 15:56:16,681 file.ManagerServant INFO Master manager not found
2024-11-28 15:56:26,693 file.ManagerServant INFO Master manager not found
2024-11-28 15:56:36,681 file.ManagerServant INFO Master manager not found
2024-11-28 15:56:46,777 file.ManagerServant INFO Master manager not found
2024-11-28 15:56:56,837 file.ManagerServant INFO Master manager not found
2024-11-28 15:57:06,873 file.ManagerServant INFO Master manager not found
2024-11-28 15:57:12,891 file.ec_worker ERROR State of the RTC is not INACTIVE_STATE.
2024-11-28 15:57:16,882 file.ManagerServant INFO Master manager not found
2024-11-28 15:57:26,880 file.ManagerServant INFO Master manager not found
2024-11-28 15:57:36,887 file.ManagerServant INFO Master manager not found
2024-11-28 15:57:46,970 file.ManagerServant INFO Master manager not found
2024-11-28 15:57:57,101 file.ManagerServant INFO Master manager not found
2024-11-28 15:58:07,092 file.ManagerServant INFO Master manager not found
2024-11-28 15:58:17,195 file.ManagerServant INFO Master manager not found
2024-11-28 15:58:27,289 file.ManagerServant INFO Master manager not found
2024-11-28 15:58:37,295 file.ManagerServant INFO Master manager not found
2024-11-28 15:58:47,342 file.ManagerServant INFO Master manager not found
2024-11-28 15:58:57,451 file.ManagerServant INFO Master manager not found
2024-11-28 15:59:07,529 file.ManagerServant INFO Master manager not found
2024-11-28 15:59:17,622 file.ManagerServant INFO Master manager not found
2024-11-28 15:59:27,712 file.ManagerServant INFO Master manager not found
2024-11-28 15:59:37,835 file.ManagerServant INFO Master manager not found
2024-11-28 15:59:47,838 file.ManagerServant INFO Master manager not found
2024-11-28 15:59:57,933 file.ManagerServant INFO Master manager not found
2024-11-28 16:00:07,897 file.ManagerServant INFO Master manager not found
2024-11-28 16:00:17,927 file.ManagerServant INFO Master manager not found
2024-11-28 16:00:22,742 file.ec_worker ERROR State of the RTC is not INACTIVE_STATE.
2024-11-28 16:00:27,905 file.ManagerServant INFO Master manager not found
2024-11-28 16:00:38,046 file.ManagerServant INFO Master manager not found
2024-11-28 16:00:48,045 file.ManagerServant INFO Master manager not found
2024-11-28 16:00:58,134 file.ManagerServant INFO Master manager not found
2024-11-28 16:01:08,177 file.ManagerServant INFO Master manager not found
2024-11-28 16:01:18,223 file.ManagerServant INFO Master manager not found
2024-11-28 16:01:28,278 file.ManagerServant INFO Master manager not found
2024-11-28 16:01:38,348 file.ManagerServant INFO Master manager not found
2024-11-28 16:01:48,409 file.ManagerServant INFO Master manager not found
2024-11-28 16:01:58,557 file.ManagerServant INFO Master manager not found
2024-11-28 16:01:59,786 file.ec_worker ERROR State of the RTC is not INACTIVE_STATE.
2024-11-28 16:02:08,630 file.ManagerServant INFO Master manager not found
2024-11-28 16:02:18,655 file.ManagerServant INFO Master manager not found
2024-11-28 16:02:28,758 file.ManagerServant INFO Master manager not found
2024-11-28 16:02:38,771 file.ManagerServant INFO Master manager not found
2024-11-28 16:02:48,812 file.ManagerServant INFO Master manager not found
2024-11-28 16:02:58,873 file.ManagerServant INFO Master manager not found
2024-11-28 16:03:08,955 file.ManagerServant INFO Master manager not found
2024-11-28 16:03:18,965 file.ManagerServant INFO Master manager not found
2024-11-28 16:03:28,813 file.ec_worker ERROR State of the RTC is not INACTIVE_STATE.
2024-11-28 16:03:29,059 file.ManagerServant INFO Master manager not found
2024-11-28 16:03:39,116 file.ManagerServant INFO Master manager not found
2024-11-28 16:03:49,182 file.ManagerServant INFO Master manager not found
2024-11-28 16:03:59,151 file.ManagerServant INFO Master manager not found
2024-11-28 16:04:09,261 file.ManagerServant INFO Master manager not found
2024-11-28 16:04:19,376 file.ManagerServant INFO Master manager not found
2024-11-28 16:04:29,425 file.ManagerServant INFO Master manager not found
2024-11-28 16:04:39,425 file.ManagerServant INFO Master manager not found
2024-11-28 16:04:49,490 file.ManagerServant INFO Master manager not found
2024-11-28 16:04:59,524 file.ManagerServant INFO Master manager not found
2024-11-28 16:05:09,576 file.ManagerServant INFO Master manager not found
2024-11-28 16:05:19,665 file.ManagerServant INFO Master manager not found
2024-11-28 16:05:29,702 file.ManagerServant INFO Master manager not found
2024-11-28 16:05:39,812 file.ManagerServant INFO Master manager not found
2024-11-28 16:05:49,925 file.ManagerServant INFO Master manager not found
2024-11-28 16:05:52,736 file.ec_worker ERROR State of the RTC is not INACTIVE_STATE.
2024-11-28 16:06:00,033 file.ManagerServant INFO Master manager not found
2024-11-28 16:06:10,012 file.ManagerServant INFO Master manager not found
2024-11-28 16:06:20,105 file.ManagerServant INFO Master manager not found
2024-11-28 16:06:30,167 file.ManagerServant INFO Master manager not found
2024-11-28 16:06:40,218 file.ManagerServant INFO Master manager not found
2024-11-28 16:06:50,330 file.ManagerServant INFO Master manager not found
2024-11-28 16:07:00,319 file.ManagerServant INFO Master manager not found
2024-11-28 16:07:10,446 file.ManagerServant INFO Master manager not found
2024-11-28 16:07:20,561 file.ManagerServant INFO Master manager not found
2024-11-28 16:07:30,531 file.ManagerServant INFO Master manager not found
2024-11-28 16:07:40,590 file.ManagerServant INFO Master manager not found
