2024-11-30 07:37:59,867 file.manager INFO 2.0.0
2024-11-30 07:37:59,867 file.manager INFO Copyright (C) 2003-2022, Noriaki Ando and OpenRTM development team,
2024-11-30 07:37:59,867 file.manager INFO   Intelligent Systems Research Institute, AIST,
2024-11-30 07:37:59,867 file.manager INFO Copyright (C) 2022, Noriaki Ando and OpenRTM development team,
2024-11-30 07:37:59,867 file.manager INFO   Industrial Cyber-Physical Research Center, AIST,
2024-11-30 07:37:59,867 file.manager INFO   All right reserved.
2024-11-30 07:37:59,867 file.manager INFO Manager starting.
2024-11-30 07:37:59,867 file.manager INFO Starting local logging.
2024-11-30 07:37:59,898 file.manager.namingmanager INFO NameServer connection succeeded: corba/localhost
2024-11-30 07:38:03,987 file.ManagerServant INFO Master manager not found
2024-11-30 07:38:03,987 file.LocalServiceAdmin INFO All the local services are enabled.
2024-11-30 07:38:04,003 file.manager INFO Component type conf file: footage.conf loaded.
2024-11-30 07:38:04,003 file.ec_base INFO setRate(1000000.000000) done
2024-11-30 07:38:04,003 file.ec_base INFO setRate(1000.000000) done
2024-11-30 07:38:04,003 file.rtobject INFO 1 execution context was created.
2024-11-30 07:38:04,003 file.rtobject INFO Initial active configuration set is default.
2024-11-30 07:38:12,094 file.rtobject ERROR Traceback (most recent call last):
  File "C:\Users\enshu\AppData\Local\Programs\Python\Python310\lib\site-packages\OpenRTM_aist\RTObject.py", line 1349, in on_activated
    ret = self.onActivated(ec_id)
  File "C:\Users\enshu\workspace\footage\footage.py", line 182, in onActivated
    cv2.namedWindow("back",cv2.WINDOW_NOMAL)
AttributeError: module 'cv2' has no attribute 'WINDOW_NOMAL'

2024-11-30 07:38:18,127 file.ManagerServant INFO Master manager not found
2024-11-30 07:38:28,125 file.ManagerServant INFO Master manager not found
2024-11-30 07:38:38,254 file.ManagerServant INFO Master manager not found
2024-11-30 07:38:48,275 file.ManagerServant INFO Master manager not found
2024-11-30 07:38:58,354 file.ManagerServant INFO Master manager not found
2024-11-30 07:39:08,312 file.ManagerServant INFO Master manager not found
2024-11-30 07:39:18,465 file.ManagerServant INFO Master manager not found
2024-11-30 07:39:28,466 file.ManagerServant INFO Master manager not found
2024-11-30 07:39:38,617 file.ManagerServant INFO Master manager not found
2024-11-30 07:39:48,634 file.ManagerServant INFO Master manager not found
