2024-11-28 17:37:29,303 file.manager INFO 2.0.0
2024-11-28 17:37:29,303 file.manager INFO Copyright (C) 2003-2022, Noriaki Ando and OpenRTM development team,
2024-11-28 17:37:29,303 file.manager INFO   Intelligent Systems Research Institute, AIST,
2024-11-28 17:37:29,303 file.manager INFO Copyright (C) 2022, Noriaki Ando and OpenRTM development team,
2024-11-28 17:37:29,303 file.manager INFO   Industrial Cyber-Physical Research Center, AIST,
2024-11-28 17:37:29,303 file.manager INFO   All right reserved.
2024-11-28 17:37:29,303 file.manager INFO Manager starting.
2024-11-28 17:37:29,303 file.manager INFO Starting local logging.
2024-11-28 17:37:29,303 file.manager.namingmanager INFO NameServer connection succeeded: corba/localhost
2024-11-28 17:37:33,426 file.ManagerServant INFO Master manager not found
2024-11-28 17:37:33,427 file.LocalServiceAdmin INFO All the local services are enabled.
2024-11-28 17:37:33,431 file.manager INFO Component type conf file: footage.conf loaded.
2024-11-28 17:37:33,432 file.ec_base INFO setRate(1000000.000000) done
2024-11-28 17:37:33,432 file.ec_base INFO setRate(1000.000000) done
2024-11-28 17:37:33,432 file.rtobject INFO 1 execution context was created.
2024-11-28 17:37:33,434 file.rtobject INFO Initial active configuration set is default.
2024-11-28 17:37:47,605 file.ManagerServant INFO Master manager not found
2024-11-28 17:37:57,711 file.ManagerServant INFO Master manager not found
2024-11-28 17:38:07,204 file.rtobject ERROR Traceback (most recent call last):
  File "C:\Users\enshu\AppData\Local\Programs\Python\Python310\lib\site-packages\OpenRTM_aist\DataFlowComponentBase.py", line 123, in on_execute
    ret = self.onExecute(ec_id)
  File "C:\Users\enshu\workspace\footage\footage.py", line 220, in onExecute
    cv2.watiKey(1)
AttributeError: module 'cv2' has no attribute 'watiKey'

2024-11-28 17:38:07,774 file.ManagerServant INFO Master manager not found
2024-11-28 17:38:17,854 file.ManagerServant INFO Master manager not found
2024-11-28 17:38:27,912 file.ManagerServant INFO Master manager not found
2024-11-28 17:38:38,011 file.ManagerServant INFO Master manager not found
