2024-11-28 08:24:02,665 file.manager INFO 2.0.0
2024-11-28 08:24:02,665 file.manager INFO Copyright (C) 2003-2022, Noriaki Ando and OpenRTM development team,
2024-11-28 08:24:02,665 file.manager INFO   Intelligent Systems Research Institute, AIST,
2024-11-28 08:24:02,665 file.manager INFO Copyright (C) 2022, Noriaki Ando and OpenRTM development team,
2024-11-28 08:24:02,665 file.manager INFO   Industrial Cyber-Physical Research Center, AIST,
2024-11-28 08:24:02,665 file.manager INFO   All right reserved.
2024-11-28 08:24:02,665 file.manager INFO Manager starting.
2024-11-28 08:24:02,665 file.manager INFO Starting local logging.
2024-11-28 08:24:02,673 file.manager.namingmanager INFO NameServer connection succeeded: corba/localhost
2024-11-28 08:24:06,750 file.ManagerServant INFO Master manager not found
2024-11-28 08:24:06,753 file.LocalServiceAdmin INFO All the local services are enabled.
2024-11-28 08:24:06,757 file.manager INFO Component type conf file: footage.conf loaded.
2024-11-28 08:24:06,757 file.ec_base INFO setRate(1000000.000000) done
2024-11-28 08:24:06,757 file.ec_base INFO setRate(1000.000000) done
2024-11-28 08:24:06,764 file.rtobject INFO 1 execution context was created.
2024-11-28 08:24:06,766 file.rtobject INFO Initial active configuration set is default.
2024-11-28 08:24:20,902 file.ManagerServant INFO Master manager not found
2024-11-28 08:24:30,937 file.ManagerServant INFO Master manager not found
2024-11-28 08:24:41,040 file.ManagerServant INFO Master manager not found
2024-11-28 08:24:51,038 file.ManagerServant INFO Master manager not found
2024-11-28 08:25:01,135 file.ManagerServant INFO Master manager not found
2024-11-28 08:25:11,166 file.ManagerServant INFO Master manager not found
2024-11-28 08:25:21,192 file.ManagerServant INFO Master manager not found
2024-11-28 08:25:31,209 file.ManagerServant INFO Master manager not found
2024-11-28 08:25:41,216 file.ManagerServant INFO Master manager not found
2024-11-28 08:25:51,250 file.ManagerServant INFO Master manager not found
