2024-11-28 16:44:37,423 file.manager INFO 2.0.0
2024-11-28 16:44:37,423 file.manager INFO Copyright (C) 2003-2022, Noriaki Ando and OpenRTM development team,
2024-11-28 16:44:37,423 file.manager INFO   Intelligent Systems Research Institute, AIST,
2024-11-28 16:44:37,423 file.manager INFO Copyright (C) 2022, Noriaki Ando and OpenRTM development team,
2024-11-28 16:44:37,423 file.manager INFO   Industrial Cyber-Physical Research Center, AIST,
2024-11-28 16:44:37,423 file.manager INFO   All right reserved.
2024-11-28 16:44:37,423 file.manager INFO Manager starting.
2024-11-28 16:44:37,423 file.manager INFO Starting local logging.
2024-11-28 16:44:37,430 file.manager.namingmanager INFO NameServer connection succeeded: corba/localhost
2024-11-28 16:44:41,506 file.ManagerServant INFO Master manager not found
2024-11-28 16:44:41,507 file.LocalServiceAdmin INFO All the local services are enabled.
2024-11-28 16:44:41,510 file.manager INFO Component type conf file: footage.conf loaded.
2024-11-28 16:44:41,511 file.ec_base INFO setRate(1000000.000000) done
2024-11-28 16:44:41,511 file.ec_base INFO setRate(1000.000000) done
2024-11-28 16:44:41,511 file.rtobject INFO 1 execution context was created.
2024-11-28 16:44:41,513 file.rtobject INFO Initial active configuration set is default.
2024-11-28 16:44:55,684 file.ManagerServant INFO Master manager not found
2024-11-28 16:45:05,710 file.ManagerServant INFO Master manager not found
2024-11-28 16:45:15,785 file.ManagerServant INFO Master manager not found
2024-11-28 16:45:25,842 file.ManagerServant INFO Master manager not found
2024-11-28 16:45:35,989 file.ManagerServant INFO Master manager not found
2024-11-28 16:45:46,038 file.ManagerServant INFO Master manager not found
2024-11-28 16:45:56,119 file.ManagerServant INFO Master manager not found
2024-11-28 16:46:06,098 file.ManagerServant INFO Master manager not found
2024-11-28 16:46:16,196 file.ManagerServant INFO Master manager not found
2024-11-28 16:46:26,251 file.ManagerServant INFO Master manager not found
2024-11-28 16:46:36,352 file.ManagerServant INFO Master manager not found
2024-11-28 16:46:46,437 file.ManagerServant INFO Master manager not found
2024-11-28 16:46:56,504 file.ManagerServant INFO Master manager not found
2024-11-28 16:47:06,488 file.ManagerServant INFO Master manager not found
2024-11-28 16:47:16,562 file.ManagerServant INFO Master manager not found
2024-11-28 16:47:26,608 file.ManagerServant INFO Master manager not found
2024-11-28 16:47:36,659 file.ManagerServant INFO Master manager not found
2024-11-28 16:47:46,718 file.ManagerServant INFO Master manager not found
2024-11-28 16:47:56,789 file.ManagerServant INFO Master manager not found
2024-11-28 16:48:06,819 file.ManagerServant INFO Master manager not found
2024-11-28 16:48:16,847 file.ManagerServant INFO Master manager not found
2024-11-28 16:48:26,982 file.ManagerServant INFO Master manager not found
