2024-11-28 08:04:52,868 file.manager INFO 2.0.0
2024-11-28 08:04:52,869 file.manager INFO Copyright (C) 2003-2022, Noriaki Ando and OpenRTM development team,
2024-11-28 08:04:52,869 file.manager INFO   Intelligent Systems Research Institute, AIST,
2024-11-28 08:04:52,869 file.manager INFO Copyright (C) 2022, Noriaki Ando and OpenRTM development team,
2024-11-28 08:04:52,869 file.manager INFO   Industrial Cyber-Physical Research Center, AIST,
2024-11-28 08:04:52,869 file.manager INFO   All right reserved.
2024-11-28 08:04:52,869 file.manager INFO Manager starting.
2024-11-28 08:04:52,869 file.manager INFO Starting local logging.
2024-11-28 08:04:52,878 file.manager.namingmanager INFO NameServer connection succeeded: corba/localhost
2024-11-28 08:04:56,976 file.ManagerServant INFO Master manager not found
2024-11-28 08:04:56,976 file.LocalServiceAdmin INFO All the local services are enabled.
2024-11-28 08:04:56,976 file.manager INFO Component type conf file: footage.conf loaded.
2024-11-28 08:04:56,976 file.ec_base INFO setRate(1000000.000000) done
2024-11-28 08:04:56,976 file.ec_base INFO setRate(1000.000000) done
2024-11-28 08:04:56,976 file.rtobject INFO 1 execution context was created.
2024-11-28 08:04:56,976 file.rtobject INFO Initial active configuration set is default.
2024-11-28 08:05:11,144 file.ManagerServant INFO Master manager not found
2024-11-28 08:05:21,258 file.ManagerServant INFO Master manager not found
2024-11-28 08:05:22,001 file.SdoServiceAdmin WARNING No available SDO service in the factory: 
2024-11-28 08:05:22,001 file.SdoServiceAdmin ERROR type  not exists.
2024-11-28 08:05:31,330 file.ManagerServant INFO Master manager not found
2024-11-28 08:05:41,405 file.ManagerServant INFO Master manager not found
2024-11-28 08:05:51,488 file.ManagerServant INFO Master manager not found
2024-11-28 08:06:01,566 file.ManagerServant INFO Master manager not found
2024-11-28 08:06:11,693 file.ManagerServant INFO Master manager not found
2024-11-28 08:06:21,757 file.ManagerServant INFO Master manager not found
2024-11-28 08:06:26,526 file.ec_worker ERROR State of the RTC is not INACTIVE_STATE.
2024-11-28 08:06:31,740 file.ManagerServant INFO Master manager not found
2024-11-28 08:06:41,852 file.ManagerServant INFO Master manager not found
2024-11-28 08:06:51,829 file.ManagerServant INFO Master manager not found
2024-11-28 08:07:01,908 file.ManagerServant INFO Master manager not found
2024-11-28 08:07:11,974 file.ManagerServant INFO Master manager not found
2024-11-28 08:07:22,051 file.ManagerServant INFO Master manager not found
