2024-11-28 08:22:08,565 file.manager INFO 2.0.0
2024-11-28 08:22:08,565 file.manager INFO Copyright (C) 2003-2022, Noriaki Ando and OpenRTM development team,
2024-11-28 08:22:08,565 file.manager INFO   Intelligent Systems Research Institute, AIST,
2024-11-28 08:22:08,565 file.manager INFO Copyright (C) 2022, Noriaki Ando and OpenRTM development team,
2024-11-28 08:22:08,566 file.manager INFO   Industrial Cyber-Physical Research Center, AIST,
2024-11-28 08:22:08,566 file.manager INFO   All right reserved.
2024-11-28 08:22:08,566 file.manager INFO Manager starting.
2024-11-28 08:22:08,566 file.manager INFO Starting local logging.
2024-11-28 08:22:08,574 file.manager.namingmanager INFO NameServer connection succeeded: corba/localhost
2024-11-28 08:22:12,699 file.ManagerServant INFO Master manager not found
2024-11-28 08:22:12,699 file.LocalServiceAdmin INFO All the local services are enabled.
2024-11-28 08:22:12,699 file.manager INFO Component type conf file: footage.conf loaded.
2024-11-28 08:22:12,699 file.ec_base INFO setRate(1000000.000000) done
2024-11-28 08:22:12,699 file.ec_base INFO setRate(1000.000000) done
2024-11-28 08:22:12,699 file.rtobject INFO 1 execution context was created.
2024-11-28 08:22:12,699 file.rtobject INFO Initial active configuration set is default.
2024-11-28 08:22:26,846 file.ManagerServant INFO Master manager not found
2024-11-28 08:22:36,894 file.ManagerServant INFO Master manager not found
2024-11-28 08:22:46,984 file.ManagerServant INFO Master manager not found
2024-11-28 08:22:57,041 file.ManagerServant INFO Master manager not found
2024-11-28 08:23:07,107 file.ManagerServant INFO Master manager not found
2024-11-28 08:23:17,239 file.ManagerServant INFO Master manager not found
2024-11-28 08:23:27,269 file.ManagerServant INFO Master manager not found
2024-11-28 08:23:37,287 file.ManagerServant INFO Master manager not found
2024-11-28 08:23:47,305 file.ManagerServant INFO Master manager not found
