2024-11-28 07:46:14,890 file.manager INFO 2.0.0
2024-11-28 07:46:14,890 file.manager INFO Copyright (C) 2003-2022, Noriaki Ando and OpenRTM development team,
2024-11-28 07:46:14,890 file.manager INFO   Intelligent Systems Research Institute, AIST,
2024-11-28 07:46:14,890 file.manager INFO Copyright (C) 2022, Noriaki Ando and OpenRTM development team,
2024-11-28 07:46:14,890 file.manager INFO   Industrial Cyber-Physical Research Center, AIST,
2024-11-28 07:46:14,890 file.manager INFO   All right reserved.
2024-11-28 07:46:14,890 file.manager INFO Manager starting.
2024-11-28 07:46:14,890 file.manager INFO Starting local logging.
2024-11-28 07:46:14,901 file.manager.namingmanager INFO NameServer connection succeeded: corba/localhost
2024-11-28 07:46:18,969 file.ManagerServant INFO Master manager not found
2024-11-28 07:46:18,969 file.LocalServiceAdmin INFO All the local services are enabled.
2024-11-28 07:46:18,969 file.manager INFO Component type conf file: footage.conf loaded.
2024-11-28 07:46:18,969 file.ec_base INFO setRate(1000000.000000) done
2024-11-28 07:46:18,969 file.ec_base INFO setRate(1000.000000) done
2024-11-28 07:46:18,969 file.rtobject INFO 1 execution context was created.
2024-11-28 07:46:18,969 file.rtobject INFO Initial active configuration set is default.
2024-11-28 07:46:33,115 file.ManagerServant INFO Master manager not found
2024-11-28 07:46:36,470 file.SdoServiceAdmin WARNING No available SDO service in the factory: 
2024-11-28 07:46:36,470 file.SdoServiceAdmin ERROR type  not exists.
2024-11-28 07:46:38,031 file.rtobject ERROR Traceback (most recent call last):
  File "C:\Users\enshu\AppData\Local\Programs\Python\Python310\lib\site-packages\OpenRTM_aist\DataFlowComponentBase.py", line 123, in on_execute
    ret = self.onExecute(ec_id)
  File "C:\Users\enshu\workspace\footage\footage.py", line 193, in onExecute
    cv2.imshow("RT_cop",footage)
cv2.error: OpenCV(4.10.0) D:\a\opencv-python\opencv-python\opencv\modules\highgui\src\window.cpp:973: error: (-215:Assertion failed) size.width>0 && size.height>0 in function 'cv::imshow'


2024-11-28 07:46:43,187 file.ManagerServant INFO Master manager not found
2024-11-28 07:46:53,293 file.ManagerServant INFO Master manager not found
2024-11-28 07:47:03,296 file.ManagerServant INFO Master manager not found
2024-11-28 07:47:13,345 file.ManagerServant INFO Master manager not found
2024-11-28 07:47:23,407 file.ManagerServant INFO Master manager not found
2024-11-28 07:47:33,476 file.ManagerServant INFO Master manager not found
2024-11-28 07:47:43,433 file.ManagerServant INFO Master manager not found
2024-11-28 07:47:53,545 file.ManagerServant INFO Master manager not found
2024-11-28 07:48:03,586 file.ManagerServant INFO Master manager not found
2024-11-28 07:48:13,635 file.ManagerServant INFO Master manager not found
