2024-11-27 17:41:47,784 file.manager INFO 2.0.0
2024-11-27 17:41:47,785 file.manager INFO Copyright (C) 2003-2022, Noriaki Ando and OpenRTM development team,
2024-11-27 17:41:47,785 file.manager INFO   Intelligent Systems Research Institute, AIST,
2024-11-27 17:41:47,785 file.manager INFO Copyright (C) 2022, Noriaki Ando and OpenRTM development team,
2024-11-27 17:41:47,785 file.manager INFO   Industrial Cyber-Physical Research Center, AIST,
2024-11-27 17:41:47,785 file.manager INFO   All right reserved.
2024-11-27 17:41:47,785 file.manager INFO Manager starting.
2024-11-27 17:41:47,785 file.manager INFO Starting local logging.
2024-11-27 17:41:47,795 file.manager.namingmanager INFO NameServer connection succeeded: corba/localhost
2024-11-27 17:41:51,888 file.ManagerServant INFO Master manager not found
2024-11-27 17:41:51,889 file.LocalServiceAdmin INFO All the local services are enabled.
2024-11-27 17:41:51,894 file.manager INFO Component type conf file: footage.conf loaded.
2024-11-27 17:41:51,896 file.ec_base INFO setRate(1000000.000000) done
2024-11-27 17:41:51,896 file.ec_base INFO setRate(1000.000000) done
2024-11-27 17:41:51,896 file.rtobject INFO 1 execution context was created.
2024-11-27 17:41:51,898 file.rtobject INFO Initial active configuration set is default.
2024-11-27 17:42:06,035 file.ManagerServant INFO Master manager not found
2024-11-27 17:42:12,412 file.SdoServiceAdmin WARNING No available SDO service in the factory: 
2024-11-27 17:42:12,413 file.SdoServiceAdmin ERROR type  not exists.
2024-11-27 17:42:16,121 file.ManagerServant INFO Master manager not found
2024-11-27 17:42:26,138 file.ManagerServant INFO Master manager not found
2024-11-27 17:42:36,190 file.ManagerServant INFO Master manager not found
