2024-11-28 08:10:12,050 file.manager INFO 2.0.0
2024-11-28 08:10:12,051 file.manager INFO Copyright (C) 2003-2022, Noriaki Ando and OpenRTM development team,
2024-11-28 08:10:12,051 file.manager INFO   Intelligent Systems Research Institute, AIST,
2024-11-28 08:10:12,051 file.manager INFO Copyright (C) 2022, Noriaki Ando and OpenRTM development team,
2024-11-28 08:10:12,051 file.manager INFO   Industrial Cyber-Physical Research Center, AIST,
2024-11-28 08:10:12,051 file.manager INFO   All right reserved.
2024-11-28 08:10:12,051 file.manager INFO Manager starting.
2024-11-28 08:10:12,051 file.manager INFO Starting local logging.
2024-11-28 08:10:12,080 file.manager.namingmanager INFO NameServer connection succeeded: corba/localhost
2024-11-28 08:10:16,195 file.ManagerServant INFO Master manager not found
2024-11-28 08:10:16,195 file.LocalServiceAdmin INFO All the local services are enabled.
2024-11-28 08:10:16,195 file.manager INFO Component type conf file: selector.conf loaded.
2024-11-28 08:10:16,195 file.ec_base INFO setRate(1000000.000000) done
2024-11-28 08:10:16,195 file.ec_base INFO setRate(1000.000000) done
2024-11-28 08:10:16,205 file.rtobject INFO 1 execution context was created.
2024-11-28 08:10:16,211 file.rtobject INFO Initial active configuration set is default.
2024-11-28 08:10:30,376 file.ManagerServant INFO Master manager not found
2024-11-28 08:10:40,433 file.ManagerServant INFO Master manager not found
2024-11-28 08:10:50,523 file.ManagerServant INFO Master manager not found
2024-11-28 08:11:00,594 file.ManagerServant INFO Master manager not found
2024-11-28 08:11:10,699 file.ManagerServant INFO Master manager not found
2024-11-28 08:11:20,668 file.ManagerServant INFO Master manager not found
2024-11-28 08:11:30,735 file.ManagerServant INFO Master manager not found
2024-11-28 08:11:40,785 file.ManagerServant INFO Master manager not found
2024-11-28 08:11:50,902 file.ManagerServant INFO Master manager not found
2024-11-28 08:12:00,941 file.ManagerServant INFO Master manager not found
2024-11-28 08:12:11,008 file.ManagerServant INFO Master manager not found
2024-11-28 08:12:21,094 file.ManagerServant INFO Master manager not found
2024-11-28 08:12:31,141 file.ManagerServant INFO Master manager not found
2024-11-28 08:12:41,197 file.ManagerServant INFO Master manager not found
2024-11-28 08:12:50,100 file.footage WARNING Traceback (most recent call last):
  File "C:\Users\enshu\AppData\Local\Programs\Python\Python310\lib\site-packages\OpenRTM_aist\PortBase.py", line 2305, in checkPorts
    if port._non_existent():
  File "C:\Users\enshu\AppData\Local\Programs\Python\Python310\lib\site-packages\omniORB\CORBA.py", line 559, in _non_existent
    return self._obj.nonExistent()
omniORB.CORBA._omni_sys_exc: CORBA.TRANSIENT(omniORB.TRANSIENT_ConnectFailed, CORBA.COMPLETED_NO)

2024-11-28 08:12:50,101 file.footage WARNING Dead connection: cffcc248-ad14-11ef-80c0-f0f7b08dcc27
2024-11-28 08:12:51,298 file.ManagerServant INFO Master manager not found
2024-11-28 08:12:52,164 file.footage WARNING Traceback (most recent call last):
  File "C:\Users\enshu\AppData\Local\Programs\Python\Python310\lib\site-packages\OpenRTM_aist\PortBase.py", line 1664, in disconnectNext
    return p.notify_disconnect(connector_profile.connector_id)
  File "C:\Users\enshu\AppData\Local\Programs\Python\Python310\lib\site-packages\OpenRTM_aist\RTM_IDL\RTC_idl.py", line 1207, in notify_disconnect
    return self._obj.invoke("notify_disconnect", _0_RTC.PortService._d_notify_disconnect, args)
omniORB.CORBA._omni_sys_exc: CORBA.TRANSIENT(omniORB.TRANSIENT_ConnectFailed, CORBA.COMPLETED_NO)

2024-11-28 08:13:01,391 file.ManagerServant INFO Master manager not found
2024-11-28 08:13:11,486 file.ManagerServant INFO Master manager not found
2024-11-28 08:13:13,235 file.ec_worker ERROR State of the RTC is not INACTIVE_STATE.
2024-11-28 08:13:21,568 file.ManagerServant INFO Master manager not found
2024-11-28 08:13:31,658 file.ManagerServant INFO Master manager not found
2024-11-28 08:13:41,672 file.ManagerServant INFO Master manager not found
2024-11-28 08:13:51,644 file.ManagerServant INFO Master manager not found
2024-11-28 08:14:01,745 file.ManagerServant INFO Master manager not found
2024-11-28 08:14:11,776 file.ManagerServant INFO Master manager not found
2024-11-28 08:14:21,866 file.ManagerServant INFO Master manager not found
2024-11-28 08:14:31,931 file.ManagerServant INFO Master manager not found
2024-11-28 08:14:41,961 file.ManagerServant INFO Master manager not found
2024-11-28 08:14:51,989 file.ManagerServant INFO Master manager not found
2024-11-28 08:15:01,996 file.ManagerServant INFO Master manager not found
2024-11-28 08:15:12,081 file.ManagerServant INFO Master manager not found
2024-11-28 08:15:22,143 file.ManagerServant INFO Master manager not found
