2024-11-28 17:20:25,680 file.manager INFO 2.0.0
2024-11-28 17:20:25,680 file.manager INFO Copyright (C) 2003-2022, Noriaki Ando and OpenRTM development team,
2024-11-28 17:20:25,680 file.manager INFO   Intelligent Systems Research Institute, AIST,
2024-11-28 17:20:25,680 file.manager INFO Copyright (C) 2022, Noriaki Ando and OpenRTM development team,
2024-11-28 17:20:25,681 file.manager INFO   Industrial Cyber-Physical Research Center, AIST,
2024-11-28 17:20:25,681 file.manager INFO   All right reserved.
2024-11-28 17:20:25,681 file.manager INFO Manager starting.
2024-11-28 17:20:25,681 file.manager INFO Starting local logging.
2024-11-28 17:20:25,702 file.manager.namingmanager INFO NameServer connection succeeded: corba/localhost
2024-11-28 17:20:29,823 file.ManagerServant INFO Master manager not found
2024-11-28 17:20:29,823 file.LocalServiceAdmin INFO All the local services are enabled.
2024-11-28 17:20:29,823 file.manager INFO Component type conf file: selector.conf loaded.
2024-11-28 17:20:29,823 file.ec_base INFO setRate(1000000.000000) done
2024-11-28 17:20:29,823 file.ec_base INFO setRate(1000.000000) done
2024-11-28 17:20:29,823 file.rtobject INFO 1 execution context was created.
2024-11-28 17:20:29,823 file.rtobject INFO Initial active configuration set is default.
2024-11-28 17:20:38,841 file.SdoServiceAdmin WARNING No available SDO service in the factory: 
2024-11-28 17:20:38,842 file.SdoServiceAdmin ERROR type  not exists.
2024-11-28 17:20:43,973 file.ManagerServant INFO Master manager not found
2024-11-28 17:20:54,039 file.ManagerServant INFO Master manager not found
2024-11-28 17:21:04,034 file.ManagerServant INFO Master manager not found
2024-11-28 17:21:14,095 file.ManagerServant INFO Master manager not found
2024-11-28 17:21:24,130 file.ManagerServant INFO Master manager not found
2024-11-28 17:21:34,252 file.ManagerServant INFO Master manager not found
2024-11-28 17:21:44,357 file.ManagerServant INFO Master manager not found
2024-11-28 17:21:54,442 file.ManagerServant INFO Master manager not found
2024-11-28 17:22:04,497 file.ManagerServant INFO Master manager not found
2024-11-28 17:22:14,538 file.ManagerServant INFO Master manager not found
2024-11-28 17:22:24,723 file.ManagerServant INFO Master manager not found
2024-11-28 17:22:34,684 file.ManagerServant INFO Master manager not found
2024-11-28 17:22:44,738 file.ManagerServant INFO Master manager not found
2024-11-28 17:22:54,759 file.ManagerServant INFO Master manager not found
2024-11-28 17:23:04,830 file.ManagerServant INFO Master manager not found
2024-11-28 17:23:14,898 file.ManagerServant INFO Master manager not found
2024-11-28 17:23:24,929 file.ManagerServant INFO Master manager not found
2024-11-28 17:23:34,981 file.ManagerServant INFO Master manager not found
2024-11-28 17:23:45,009 file.ManagerServant INFO Master manager not found
2024-11-28 17:23:55,025 file.ManagerServant INFO Master manager not found
2024-11-28 17:24:05,137 file.ManagerServant INFO Master manager not found
2024-11-28 17:24:15,155 file.ManagerServant INFO Master manager not found
2024-11-28 17:24:24,594 file.result_t WARNING Traceback (most recent call last):
  File "C:\Users\enshu\AppData\Local\Programs\Python\Python310\lib\site-packages\OpenRTM_aist\PortBase.py", line 2305, in checkPorts
    if port._non_existent():
  File "C:\Users\enshu\AppData\Local\Programs\Python\Python310\lib\site-packages\omniORB\CORBA.py", line 559, in _non_existent
    return self._obj.nonExistent()
omniORB.CORBA._omni_sys_exc: CORBA.TRANSIENT(omniORB.TRANSIENT_ConnectFailed, CORBA.COMPLETED_NO)

2024-11-28 17:24:24,594 file.result_t WARNING Dead connection: aea7405a-ad61-11ef-97a8-f0f7b08dcc27
2024-11-28 17:24:25,217 file.ManagerServant INFO Master manager not found
2024-11-28 17:24:26,624 file.result_t WARNING Traceback (most recent call last):
  File "C:\Users\enshu\AppData\Local\Programs\Python\Python310\lib\site-packages\OpenRTM_aist\PortBase.py", line 873, in disconnect
    return p.notify_disconnect(connector_id)
  File "C:\Users\enshu\AppData\Local\Programs\Python\Python310\lib\site-packages\OpenRTM_aist\RTM_IDL\RTC_idl.py", line 1207, in notify_disconnect
    return self._obj.invoke("notify_disconnect", _0_RTC.PortService._d_notify_disconnect, args)
omniORB.CORBA._omni_sys_exc: CORBA.TRANSIENT(omniORB.TRANSIENT_ConnectFailed, CORBA.COMPLETED_NO)

2024-11-28 17:24:35,340 file.ManagerServant INFO Master manager not found
2024-11-28 17:24:43,798 file.footage WARNING Traceback (most recent call last):
  File "C:\Users\enshu\AppData\Local\Programs\Python\Python310\lib\site-packages\OpenRTM_aist\PortBase.py", line 2305, in checkPorts
    if port._non_existent():
  File "C:\Users\enshu\AppData\Local\Programs\Python\Python310\lib\site-packages\omniORB\CORBA.py", line 559, in _non_existent
    return self._obj.nonExistent()
omniORB.CORBA._omni_sys_exc: CORBA.TRANSIENT(omniORB.TRANSIENT_ConnectFailed, CORBA.COMPLETED_NO)

2024-11-28 17:24:43,798 file.footage WARNING Dead connection: b0d89cbb-ad61-11ef-8037-f0f7b08dcc27
2024-11-28 17:24:45,413 file.ManagerServant INFO Master manager not found
2024-11-28 17:24:45,832 file.footage WARNING Traceback (most recent call last):
  File "C:\Users\enshu\AppData\Local\Programs\Python\Python310\lib\site-packages\OpenRTM_aist\PortBase.py", line 1664, in disconnectNext
    return p.notify_disconnect(connector_profile.connector_id)
  File "C:\Users\enshu\AppData\Local\Programs\Python\Python310\lib\site-packages\OpenRTM_aist\RTM_IDL\RTC_idl.py", line 1207, in notify_disconnect
    return self._obj.invoke("notify_disconnect", _0_RTC.PortService._d_notify_disconnect, args)
omniORB.CORBA._omni_sys_exc: CORBA.TRANSIENT(omniORB.TRANSIENT_ConnectFailed, CORBA.COMPLETED_NO)

2024-11-28 17:24:55,493 file.ManagerServant INFO Master manager not found
2024-11-28 17:25:05,586 file.ManagerServant INFO Master manager not found
2024-11-28 17:25:15,695 file.ManagerServant INFO Master manager not found
2024-11-28 17:25:22,853 file.ec_worker ERROR State of the RTC is not INACTIVE_STATE.
2024-11-28 17:25:25,803 file.ManagerServant INFO Master manager not found
2024-11-28 17:25:35,825 file.ManagerServant INFO Master manager not found
2024-11-28 17:25:45,874 file.ManagerServant INFO Master manager not found
2024-11-28 17:25:55,967 file.ManagerServant INFO Master manager not found
2024-11-28 17:26:06,071 file.ManagerServant INFO Master manager not found
2024-11-28 17:26:16,172 file.ManagerServant INFO Master manager not found
2024-11-28 17:26:17,081 file.footage WARNING Traceback (most recent call last):
  File "C:\Users\enshu\AppData\Local\Programs\Python\Python310\lib\site-packages\OpenRTM_aist\PortBase.py", line 2305, in checkPorts
    if port._non_existent():
  File "C:\Users\enshu\AppData\Local\Programs\Python\Python310\lib\site-packages\omniORB\CORBA.py", line 559, in _non_existent
    return self._obj.nonExistent()
omniORB.CORBA._omni_sys_exc: CORBA.TRANSIENT(omniORB.TRANSIENT_ConnectFailed, CORBA.COMPLETED_NO)

2024-11-28 17:26:17,081 file.footage WARNING Dead connection: 4e4c6a9d-ad62-11ef-8faa-f0f7b08dcc27
2024-11-28 17:26:19,120 file.footage WARNING Traceback (most recent call last):
  File "C:\Users\enshu\AppData\Local\Programs\Python\Python310\lib\site-packages\OpenRTM_aist\PortBase.py", line 1664, in disconnectNext
    return p.notify_disconnect(connector_profile.connector_id)
  File "C:\Users\enshu\AppData\Local\Programs\Python\Python310\lib\site-packages\OpenRTM_aist\RTM_IDL\RTC_idl.py", line 1207, in notify_disconnect
    return self._obj.invoke("notify_disconnect", _0_RTC.PortService._d_notify_disconnect, args)
omniORB.CORBA._omni_sys_exc: CORBA.TRANSIENT(omniORB.TRANSIENT_ConnectFailed, CORBA.COMPLETED_NO)

2024-11-28 17:26:26,178 file.ManagerServant INFO Master manager not found
2024-11-28 17:26:36,288 file.ManagerServant INFO Master manager not found
2024-11-28 17:26:46,308 file.ManagerServant INFO Master manager not found
2024-11-28 17:26:56,341 file.ManagerServant INFO Master manager not found
2024-11-28 17:27:06,300 file.ManagerServant INFO Master manager not found
2024-11-28 17:27:16,423 file.ManagerServant INFO Master manager not found
2024-11-28 17:27:26,422 file.ManagerServant INFO Master manager not found
2024-11-28 17:27:36,447 file.ManagerServant INFO Master manager not found
2024-11-28 17:27:46,523 file.ManagerServant INFO Master manager not found
2024-11-28 17:27:56,539 file.ManagerServant INFO Master manager not found
2024-11-28 17:28:06,577 file.ManagerServant INFO Master manager not found
2024-11-28 17:28:16,604 file.ManagerServant INFO Master manager not found
2024-11-28 17:28:26,616 file.ManagerServant INFO Master manager not found
2024-11-28 17:28:36,689 file.ManagerServant INFO Master manager not found
2024-11-28 17:28:46,791 file.ManagerServant INFO Master manager not found
2024-11-28 17:28:56,895 file.ManagerServant INFO Master manager not found
2024-11-28 17:29:06,973 file.ManagerServant INFO Master manager not found
2024-11-28 17:29:17,019 file.ManagerServant INFO Master manager not found
2024-11-28 17:29:18,285 file.ec_worker ERROR State of the RTC is not INACTIVE_STATE.
2024-11-28 17:29:26,988 file.ManagerServant INFO Master manager not found
2024-11-28 17:29:37,073 file.ManagerServant INFO Master manager not found
2024-11-28 17:29:47,059 file.ManagerServant INFO Master manager not found
2024-11-28 17:29:57,195 file.ManagerServant INFO Master manager not found
2024-11-28 17:30:07,242 file.ManagerServant INFO Master manager not found
2024-11-28 17:30:09,820 file.footage WARNING Traceback (most recent call last):
  File "C:\Users\enshu\AppData\Local\Programs\Python\Python310\lib\site-packages\OpenRTM_aist\PortBase.py", line 2305, in checkPorts
    if port._non_existent():
  File "C:\Users\enshu\AppData\Local\Programs\Python\Python310\lib\site-packages\omniORB\CORBA.py", line 559, in _non_existent
    return self._obj.nonExistent()
omniORB.CORBA._omni_sys_exc: CORBA.TRANSIENT(omniORB.TRANSIENT_ConnectFailed, CORBA.COMPLETED_NO)

2024-11-28 17:30:09,820 file.footage WARNING Dead connection: da46fa22-ad62-11ef-96dc-f0f7b08dcc27
2024-11-28 17:30:11,884 file.footage WARNING Traceback (most recent call last):
  File "C:\Users\enshu\AppData\Local\Programs\Python\Python310\lib\site-packages\OpenRTM_aist\PortBase.py", line 1664, in disconnectNext
    return p.notify_disconnect(connector_profile.connector_id)
  File "C:\Users\enshu\AppData\Local\Programs\Python\Python310\lib\site-packages\OpenRTM_aist\RTM_IDL\RTC_idl.py", line 1207, in notify_disconnect
    return self._obj.invoke("notify_disconnect", _0_RTC.PortService._d_notify_disconnect, args)
omniORB.CORBA._omni_sys_exc: CORBA.TRANSIENT(omniORB.TRANSIENT_ConnectFailed, CORBA.COMPLETED_NO)

2024-11-28 17:30:17,324 file.ManagerServant INFO Master manager not found
2024-11-28 17:30:27,376 file.ManagerServant INFO Master manager not found
2024-11-28 17:30:35,619 file.ec_worker ERROR State of the RTC is not INACTIVE_STATE.
2024-11-28 17:30:37,353 file.ManagerServant INFO Master manager not found
2024-11-28 17:30:47,445 file.ManagerServant INFO Master manager not found
2024-11-28 17:30:57,457 file.ManagerServant INFO Master manager not found
2024-11-28 17:31:07,557 file.ManagerServant INFO Master manager not found
2024-11-28 17:31:17,537 file.ManagerServant INFO Master manager not found
2024-11-28 17:31:27,609 file.ManagerServant INFO Master manager not found
2024-11-28 17:31:37,702 file.ManagerServant INFO Master manager not found
2024-11-28 17:31:47,775 file.ManagerServant INFO Master manager not found
2024-11-28 17:31:57,836 file.ManagerServant INFO Master manager not found
2024-11-28 17:32:07,946 file.ManagerServant INFO Master manager not found
2024-11-28 17:32:17,900 file.ManagerServant INFO Master manager not found
2024-11-28 17:32:27,994 file.ManagerServant INFO Master manager not found
2024-11-28 17:32:38,102 file.ManagerServant INFO Master manager not found
2024-11-28 17:32:38,924 file.footage WARNING Traceback (most recent call last):
  File "C:\Users\enshu\AppData\Local\Programs\Python\Python310\lib\site-packages\OpenRTM_aist\PortBase.py", line 2305, in checkPorts
    if port._non_existent():
  File "C:\Users\enshu\AppData\Local\Programs\Python\Python310\lib\site-packages\omniORB\CORBA.py", line 559, in _non_existent
    return self._obj.nonExistent()
omniORB.CORBA._omni_sys_exc: CORBA.TRANSIENT(omniORB.TRANSIENT_ConnectFailed, CORBA.COMPLETED_NO)

2024-11-28 17:32:38,925 file.footage WARNING Dead connection: 083e1b8e-ad63-11ef-ae47-f0f7b08dcc27
2024-11-28 17:32:40,962 file.footage WARNING Traceback (most recent call last):
  File "C:\Users\enshu\AppData\Local\Programs\Python\Python310\lib\site-packages\OpenRTM_aist\PortBase.py", line 1664, in disconnectNext
    return p.notify_disconnect(connector_profile.connector_id)
  File "C:\Users\enshu\AppData\Local\Programs\Python\Python310\lib\site-packages\OpenRTM_aist\RTM_IDL\RTC_idl.py", line 1207, in notify_disconnect
    return self._obj.invoke("notify_disconnect", _0_RTC.PortService._d_notify_disconnect, args)
omniORB.CORBA._omni_sys_exc: CORBA.TRANSIENT(omniORB.TRANSIENT_ConnectFailed, CORBA.COMPLETED_NO)

2024-11-28 17:32:48,194 file.ManagerServant INFO Master manager not found
2024-11-28 17:32:58,165 file.ManagerServant INFO Master manager not found
2024-11-28 17:33:04,434 file.ec_worker ERROR State of the RTC is not INACTIVE_STATE.
2024-11-28 17:33:08,261 file.ManagerServant INFO Master manager not found
2024-11-28 17:33:18,358 file.ManagerServant INFO Master manager not found
2024-11-28 17:33:28,358 file.ManagerServant INFO Master manager not found
2024-11-28 17:33:38,377 file.ManagerServant INFO Master manager not found
2024-11-28 17:33:42,195 file.footage WARNING Traceback (most recent call last):
  File "C:\Users\enshu\AppData\Local\Programs\Python\Python310\lib\site-packages\OpenRTM_aist\PortBase.py", line 2305, in checkPorts
    if port._non_existent():
  File "C:\Users\enshu\AppData\Local\Programs\Python\Python310\lib\site-packages\omniORB\CORBA.py", line 559, in _non_existent
    return self._obj.nonExistent()
omniORB.CORBA._omni_sys_exc: CORBA.TRANSIENT(omniORB.TRANSIENT_ConnectFailed, CORBA.COMPLETED_NO)

2024-11-28 17:33:42,196 file.footage WARNING Dead connection: 619ddd07-ad63-11ef-9b74-f0f7b08dcc27
2024-11-28 17:33:44,250 file.footage WARNING Traceback (most recent call last):
  File "C:\Users\enshu\AppData\Local\Programs\Python\Python310\lib\site-packages\OpenRTM_aist\PortBase.py", line 1664, in disconnectNext
    return p.notify_disconnect(connector_profile.connector_id)
  File "C:\Users\enshu\AppData\Local\Programs\Python\Python310\lib\site-packages\OpenRTM_aist\RTM_IDL\RTC_idl.py", line 1207, in notify_disconnect
    return self._obj.invoke("notify_disconnect", _0_RTC.PortService._d_notify_disconnect, args)
omniORB.CORBA._omni_sys_exc: CORBA.TRANSIENT(omniORB.TRANSIENT_ConnectFailed, CORBA.COMPLETED_NO)

2024-11-28 17:33:48,453 file.ManagerServant INFO Master manager not found
2024-11-28 17:33:58,513 file.ManagerServant INFO Master manager not found
2024-11-28 17:34:08,561 file.ManagerServant INFO Master manager not found
2024-11-28 17:34:18,654 file.ManagerServant INFO Master manager not found
2024-11-28 17:34:26,968 file.ec_worker ERROR State of the RTC is not INACTIVE_STATE.
2024-11-28 17:34:28,771 file.ManagerServant INFO Master manager not found
2024-11-28 17:34:34,725 file.ec_worker ERROR State of the RTC is not INACTIVE_STATE.
2024-11-28 17:34:38,860 file.ManagerServant INFO Master manager not found
2024-11-28 17:34:48,917 file.ManagerServant INFO Master manager not found
2024-11-28 17:34:59,039 file.ManagerServant INFO Master manager not found
2024-11-28 17:35:09,129 file.ManagerServant INFO Master manager not found
2024-11-28 17:35:19,188 file.ManagerServant INFO Master manager not found
2024-11-28 17:35:29,269 file.ManagerServant INFO Master manager not found
2024-11-28 17:35:39,376 file.ManagerServant INFO Master manager not found
2024-11-28 17:35:49,373 file.ManagerServant INFO Master manager not found
2024-11-28 17:35:59,422 file.ManagerServant INFO Master manager not found
2024-11-28 17:36:09,493 file.ManagerServant INFO Master manager not found
2024-11-28 17:36:19,549 file.ManagerServant INFO Master manager not found
2024-11-28 17:36:29,635 file.ManagerServant INFO Master manager not found
2024-11-28 17:36:39,616 file.ManagerServant INFO Master manager not found
2024-11-28 17:36:49,664 file.ManagerServant INFO Master manager not found
2024-11-28 17:36:59,760 file.ManagerServant INFO Master manager not found
2024-11-28 17:37:09,813 file.ManagerServant INFO Master manager not found
2024-11-28 17:37:19,860 file.ManagerServant INFO Master manager not found
2024-11-28 17:37:27,775 file.footage WARNING Traceback (most recent call last):
  File "C:\Users\enshu\AppData\Local\Programs\Python\Python310\lib\site-packages\OpenRTM_aist\PortBase.py", line 2305, in checkPorts
    if port._non_existent():
  File "C:\Users\enshu\AppData\Local\Programs\Python\Python310\lib\site-packages\omniORB\CORBA.py", line 559, in _non_existent
    return self._obj.nonExistent()
omniORB.CORBA._omni_sys_exc: CORBA.TRANSIENT(omniORB.TRANSIENT_ConnectFailed, CORBA.COMPLETED_NO)

2024-11-28 17:37:27,776 file.footage WARNING Dead connection: 91800acf-ad63-11ef-8bba-f0f7b08dcc27
2024-11-28 17:37:29,809 file.footage WARNING Traceback (most recent call last):
  File "C:\Users\enshu\AppData\Local\Programs\Python\Python310\lib\site-packages\OpenRTM_aist\PortBase.py", line 1664, in disconnectNext
    return p.notify_disconnect(connector_profile.connector_id)
  File "C:\Users\enshu\AppData\Local\Programs\Python\Python310\lib\site-packages\OpenRTM_aist\RTM_IDL\RTC_idl.py", line 1207, in notify_disconnect
    return self._obj.invoke("notify_disconnect", _0_RTC.PortService._d_notify_disconnect, args)
omniORB.CORBA._omni_sys_exc: CORBA.TRANSIENT(omniORB.TRANSIENT_ConnectFailed, CORBA.COMPLETED_NO)

2024-11-28 17:37:29,953 file.ManagerServant INFO Master manager not found
2024-11-28 17:37:39,932 file.ManagerServant INFO Master manager not found
2024-11-28 17:37:50,045 file.ManagerServant INFO Master manager not found
2024-11-28 17:37:58,685 file.ec_worker ERROR State of the RTC is not INACTIVE_STATE.
2024-11-28 17:38:00,164 file.ManagerServant INFO Master manager not found
2024-11-28 17:38:10,266 file.ManagerServant INFO Master manager not found
2024-11-28 17:38:20,355 file.ManagerServant INFO Master manager not found
2024-11-28 17:38:30,376 file.ManagerServant INFO Master manager not found
2024-11-28 17:38:40,474 file.ManagerServant INFO Master manager not found
2024-11-28 17:38:44,216 file.footage WARNING Traceback (most recent call last):
  File "C:\Users\enshu\AppData\Local\Programs\Python\Python310\lib\site-packages\OpenRTM_aist\PortBase.py", line 2305, in checkPorts
    if port._non_existent():
  File "C:\Users\enshu\AppData\Local\Programs\Python\Python310\lib\site-packages\omniORB\CORBA.py", line 559, in _non_existent
    return self._obj.nonExistent()
omniORB.CORBA._omni_sys_exc: CORBA.TRANSIENT(omniORB.TRANSIENT_ConnectFailed, CORBA.COMPLETED_NO)

2024-11-28 17:38:44,217 file.footage WARNING Dead connection: 0fb0fb6e-ad64-11ef-9c97-f0f7b08dcc27
2024-11-28 17:38:46,273 file.footage WARNING Traceback (most recent call last):
  File "C:\Users\enshu\AppData\Local\Programs\Python\Python310\lib\site-packages\OpenRTM_aist\PortBase.py", line 1664, in disconnectNext
    return p.notify_disconnect(connector_profile.connector_id)
  File "C:\Users\enshu\AppData\Local\Programs\Python\Python310\lib\site-packages\OpenRTM_aist\RTM_IDL\RTC_idl.py", line 1207, in notify_disconnect
    return self._obj.invoke("notify_disconnect", _0_RTC.PortService._d_notify_disconnect, args)
omniORB.CORBA._omni_sys_exc: CORBA.TRANSIENT(omniORB.TRANSIENT_ConnectFailed, CORBA.COMPLETED_NO)

2024-11-28 17:38:50,508 file.ManagerServant INFO Master manager not found
2024-11-28 17:39:00,533 file.ManagerServant INFO Master manager not found
2024-11-28 17:39:07,498 file.ec_worker ERROR State of the RTC is not INACTIVE_STATE.
2024-11-28 17:39:10,609 file.ManagerServant INFO Master manager not found
2024-11-28 17:39:20,739 file.ManagerServant INFO Master manager not found
2024-11-28 17:39:30,750 file.ManagerServant INFO Master manager not found
2024-11-28 17:39:40,856 file.ManagerServant INFO Master manager not found
2024-11-28 17:39:50,930 file.ManagerServant INFO Master manager not found
2024-11-28 17:39:51,831 file.footage WARNING Traceback (most recent call last):
  File "C:\Users\enshu\AppData\Local\Programs\Python\Python310\lib\site-packages\OpenRTM_aist\PortBase.py", line 2305, in checkPorts
    if port._non_existent():
  File "C:\Users\enshu\AppData\Local\Programs\Python\Python310\lib\site-packages\omniORB\CORBA.py", line 559, in _non_existent
    return self._obj.nonExistent()
omniORB.CORBA._omni_sys_exc: CORBA.TRANSIENT(omniORB.TRANSIENT_ConnectFailed, CORBA.COMPLETED_NO)

2024-11-28 17:39:51,831 file.footage WARNING Dead connection: 38a408c6-ad64-11ef-a44a-f0f7b08dcc27
2024-11-28 17:39:53,879 file.footage WARNING Traceback (most recent call last):
  File "C:\Users\enshu\AppData\Local\Programs\Python\Python310\lib\site-packages\OpenRTM_aist\PortBase.py", line 1664, in disconnectNext
    return p.notify_disconnect(connector_profile.connector_id)
  File "C:\Users\enshu\AppData\Local\Programs\Python\Python310\lib\site-packages\OpenRTM_aist\RTM_IDL\RTC_idl.py", line 1207, in notify_disconnect
    return self._obj.invoke("notify_disconnect", _0_RTC.PortService._d_notify_disconnect, args)
omniORB.CORBA._omni_sys_exc: CORBA.TRANSIENT(omniORB.TRANSIENT_ConnectFailed, CORBA.COMPLETED_NO)

2024-11-28 17:40:01,007 file.ManagerServant INFO Master manager not found
2024-11-28 17:40:11,103 file.ManagerServant INFO Master manager not found
2024-11-28 17:40:21,132 file.ManagerServant INFO Master manager not found
2024-11-28 17:40:31,213 file.ManagerServant INFO Master manager not found
2024-11-28 17:40:41,222 file.ManagerServant INFO Master manager not found
2024-11-28 17:40:51,315 file.ManagerServant INFO Master manager not found
2024-11-28 17:41:01,205 file.ec_worker ERROR State of the RTC is not INACTIVE_STATE.
2024-11-28 17:41:01,415 file.ManagerServant INFO Master manager not found
2024-11-28 17:41:11,488 file.ManagerServant INFO Master manager not found
2024-11-28 17:41:21,600 file.ManagerServant INFO Master manager not found
