2024-11-29 16:08:37,267 file.manager INFO 2.0.0
2024-11-29 16:08:37,267 file.manager INFO Copyright (C) 2003-2022, Noriaki Ando and OpenRTM development team,
2024-11-29 16:08:37,268 file.manager INFO   Intelligent Systems Research Institute, AIST,
2024-11-29 16:08:37,268 file.manager INFO Copyright (C) 2022, Noriaki Ando and OpenRTM development team,
2024-11-29 16:08:37,268 file.manager INFO   Industrial Cyber-Physical Research Center, AIST,
2024-11-29 16:08:37,268 file.manager INFO   All right reserved.
2024-11-29 16:08:37,268 file.manager INFO Manager starting.
2024-11-29 16:08:37,268 file.manager INFO Starting local logging.
2024-11-29 16:08:37,292 file.manager.namingmanager INFO NameServer connection succeeded: corba/localhost
2024-11-29 16:08:41,354 file.ManagerServant INFO Master manager not found
2024-11-29 16:08:41,354 file.LocalServiceAdmin INFO All the local services are enabled.
2024-11-29 16:08:41,354 file.manager INFO Component type conf file: selector.conf loaded.
2024-11-29 16:08:41,354 file.ec_base INFO setRate(1000000.000000) done
2024-11-29 16:08:41,354 file.ec_base INFO setRate(1000.000000) done
2024-11-29 16:08:41,354 file.rtobject INFO 1 execution context was created.
2024-11-29 16:08:41,370 file.rtobject INFO Initial active configuration set is default.
2024-11-29 16:08:55,486 file.ManagerServant INFO Master manager not found
2024-11-29 16:09:05,610 file.ManagerServant INFO Master manager not found
2024-11-29 16:09:15,689 file.ManagerServant INFO Master manager not found
2024-11-29 16:09:25,745 file.ManagerServant INFO Master manager not found
2024-11-29 16:09:35,810 file.ManagerServant INFO Master manager not found
2024-11-29 16:09:40,431 file.rtobject ERROR Traceback (most recent call last):
  File "C:\Users\enshu\AppData\Local\Programs\Python\Python310\lib\site-packages\OpenRTM_aist\DataFlowComponentBase.py", line 123, in on_execute
    ret = self.onExecute(ec_id)
  File "C:\Users\enshu\workspace\selector\selector.py", line 276, in onExecute
    self._sound_list.append("Little")
AttributeError: 'selector' object has no attribute '_sound_list'

2024-11-29 16:09:45,905 file.ManagerServant INFO Master manager not found
2024-11-29 16:09:55,981 file.ManagerServant INFO Master manager not found
2024-11-29 16:10:05,956 file.ManagerServant INFO Master manager not found
2024-11-29 16:10:15,991 file.ManagerServant INFO Master manager not found
