2024-11-28 16:05:38,927 file.manager INFO 2.0.0
2024-11-28 16:05:38,927 file.manager INFO Copyright (C) 2003-2022, Noriaki Ando and OpenRTM development team,
2024-11-28 16:05:38,927 file.manager INFO   Intelligent Systems Research Institute, AIST,
2024-11-28 16:05:38,927 file.manager INFO Copyright (C) 2022, Noriaki Ando and OpenRTM development team,
2024-11-28 16:05:38,927 file.manager INFO   Industrial Cyber-Physical Research Center, AIST,
2024-11-28 16:05:38,927 file.manager INFO   All right reserved.
2024-11-28 16:05:38,927 file.manager INFO Manager starting.
2024-11-28 16:05:38,927 file.manager INFO Starting local logging.
2024-11-28 16:05:38,931 file.manager.namingmanager INFO NameServer connection succeeded: corba/localhost
2024-11-28 16:05:43,024 file.ManagerServant INFO Master manager not found
2024-11-28 16:05:43,024 file.LocalServiceAdmin INFO All the local services are enabled.
2024-11-28 16:05:43,024 file.manager INFO Component type conf file: selector.conf loaded.
2024-11-28 16:05:43,024 file.ec_base INFO setRate(1000000.000000) done
2024-11-28 16:05:43,024 file.ec_base INFO setRate(1000.000000) done
2024-11-28 16:05:43,024 file.rtobject INFO 1 execution context was created.
2024-11-28 16:05:43,024 file.rtobject INFO Initial active configuration set is default.
2024-11-28 16:05:56,730 file.InPortConnector ERROR unknown error
2024-11-28 16:05:56,730 file.result_t ERROR unknown retern value from buffer.read()
2024-11-28 16:05:57,185 file.ManagerServant INFO Master manager not found
2024-11-28 16:06:07,268 file.ManagerServant INFO Master manager not found
2024-11-28 16:06:17,364 file.ManagerServant INFO Master manager not found
2024-11-28 16:06:27,418 file.ManagerServant INFO Master manager not found
2024-11-28 16:06:37,440 file.ManagerServant INFO Master manager not found
2024-11-28 16:06:47,435 file.ManagerServant INFO Master manager not found
2024-11-28 16:06:57,522 file.ManagerServant INFO Master manager not found
2024-11-28 16:07:07,496 file.ManagerServant INFO Master manager not found
2024-11-28 16:07:17,544 file.ManagerServant INFO Master manager not found
2024-11-28 16:07:27,592 file.ManagerServant INFO Master manager not found
2024-11-28 16:07:37,680 file.ManagerServant INFO Master manager not found
2024-11-28 16:07:47,679 file.ManagerServant INFO Master manager not found
2024-11-28 16:07:57,727 file.ManagerServant INFO Master manager not found
