2024-11-28 16:33:04,884 file.manager INFO 2.0.0
2024-11-28 16:33:04,884 file.manager INFO Copyright (C) 2003-2022, Noriaki Ando and OpenRTM development team,
2024-11-28 16:33:04,884 file.manager INFO   Intelligent Systems Research Institute, AIST,
2024-11-28 16:33:04,884 file.manager INFO Copyright (C) 2022, Noriaki Ando and OpenRTM development team,
2024-11-28 16:33:04,884 file.manager INFO   Industrial Cyber-Physical Research Center, AIST,
2024-11-28 16:33:04,884 file.manager INFO   All right reserved.
2024-11-28 16:33:04,884 file.manager INFO Manager starting.
2024-11-28 16:33:04,884 file.manager INFO Starting local logging.
2024-11-28 16:33:04,890 file.manager.namingmanager INFO NameServer connection succeeded: corba/localhost
2024-11-28 16:33:08,990 file.ManagerServant INFO Master manager not found
2024-11-28 16:33:08,991 file.LocalServiceAdmin INFO All the local services are enabled.
2024-11-28 16:33:08,994 file.manager INFO Component type conf file: selector.conf loaded.
2024-11-28 16:33:08,995 file.ec_base INFO setRate(1000000.000000) done
2024-11-28 16:33:08,995 file.ec_base INFO setRate(1000.000000) done
2024-11-28 16:33:08,996 file.rtobject INFO 1 execution context was created.
2024-11-28 16:33:09,000 file.rtobject INFO Initial active configuration set is default.
2024-11-28 16:33:23,084 file.ManagerServant INFO Master manager not found
2024-11-28 16:33:33,176 file.ManagerServant INFO Master manager not found
2024-11-28 16:33:43,297 file.ManagerServant INFO Master manager not found
2024-11-28 16:33:53,304 file.ManagerServant INFO Master manager not found
2024-11-28 16:34:03,384 file.ManagerServant INFO Master manager not found
2024-11-28 16:34:13,483 file.ManagerServant INFO Master manager not found
2024-11-28 16:34:23,445 file.ManagerServant INFO Master manager not found
2024-11-28 16:34:33,522 file.ManagerServant INFO Master manager not found
2024-11-28 16:34:43,583 file.ManagerServant INFO Master manager not found
2024-11-28 16:34:53,645 file.ManagerServant INFO Master manager not found
2024-11-28 16:35:03,730 file.ManagerServant INFO Master manager not found
2024-11-28 16:35:13,747 file.ManagerServant INFO Master manager not found
2024-11-28 16:35:23,897 file.ManagerServant INFO Master manager not found
2024-11-28 16:35:33,902 file.ManagerServant INFO Master manager not found
2024-11-28 16:35:43,957 file.ManagerServant INFO Master manager not found
2024-11-28 16:35:53,989 file.ManagerServant INFO Master manager not found
2024-11-28 16:36:04,069 file.ManagerServant INFO Master manager not found
2024-11-28 16:36:14,095 file.ManagerServant INFO Master manager not found
2024-11-28 16:36:24,055 file.ManagerServant INFO Master manager not found
2024-11-28 16:36:32,274 file.ec_worker ERROR State of the RTC is not INACTIVE_STATE.
2024-11-28 16:36:34,158 file.ManagerServant INFO Master manager not found
2024-11-28 16:36:44,189 file.ManagerServant INFO Master manager not found
2024-11-28 16:36:54,262 file.ManagerServant INFO Master manager not found
2024-11-28 16:37:04,320 file.ManagerServant INFO Master manager not found
2024-11-28 16:37:11,457 file.footage WARNING Traceback (most recent call last):
  File "C:\Users\enshu\AppData\Local\Programs\Python\Python310\lib\site-packages\OpenRTM_aist\PortBase.py", line 2305, in checkPorts
    if port._non_existent():
  File "C:\Users\enshu\AppData\Local\Programs\Python\Python310\lib\site-packages\omniORB\CORBA.py", line 559, in _non_existent
    return self._obj.nonExistent()
omniORB.CORBA._omni_sys_exc: CORBA.TRANSIENT(omniORB.TRANSIENT_ConnectFailed, CORBA.COMPLETED_NO)

2024-11-28 16:37:11,457 file.footage WARNING Dead connection: 79e4e9b3-ad5b-11ef-9752-f0f7b08dcc27
2024-11-28 16:37:13,506 file.footage WARNING Traceback (most recent call last):
  File "C:\Users\enshu\AppData\Local\Programs\Python\Python310\lib\site-packages\OpenRTM_aist\PortBase.py", line 1664, in disconnectNext
    return p.notify_disconnect(connector_profile.connector_id)
  File "C:\Users\enshu\AppData\Local\Programs\Python\Python310\lib\site-packages\OpenRTM_aist\RTM_IDL\RTC_idl.py", line 1207, in notify_disconnect
    return self._obj.invoke("notify_disconnect", _0_RTC.PortService._d_notify_disconnect, args)
omniORB.CORBA._omni_sys_exc: CORBA.TRANSIENT(omniORB.TRANSIENT_ConnectFailed, CORBA.COMPLETED_NO)

2024-11-28 16:37:14,352 file.ManagerServant INFO Master manager not found
2024-11-28 16:37:24,405 file.ManagerServant INFO Master manager not found
2024-11-28 16:37:34,368 file.ManagerServant INFO Master manager not found
2024-11-28 16:37:44,401 file.ManagerServant INFO Master manager not found
2024-11-28 16:37:54,502 file.ManagerServant INFO Master manager not found
2024-11-28 16:38:04,501 file.ManagerServant INFO Master manager not found
2024-11-28 16:38:14,555 file.ManagerServant INFO Master manager not found
2024-11-28 16:38:24,651 file.ManagerServant INFO Master manager not found
2024-11-28 16:38:33,276 file.ec_worker ERROR State of the RTC is not INACTIVE_STATE.
2024-11-28 16:38:34,739 file.ManagerServant INFO Master manager not found
2024-11-28 16:38:44,777 file.ManagerServant INFO Master manager not found
2024-11-28 16:38:54,845 file.ManagerServant INFO Master manager not found
2024-11-28 16:39:04,907 file.ManagerServant INFO Master manager not found
2024-11-28 16:39:14,927 file.ManagerServant INFO Master manager not found
2024-11-28 16:39:24,946 file.ManagerServant INFO Master manager not found
2024-11-28 16:39:34,934 file.ManagerServant INFO Master manager not found
2024-11-28 16:39:44,982 file.ManagerServant INFO Master manager not found
2024-11-28 16:39:55,044 file.ManagerServant INFO Master manager not found
2024-11-28 16:40:05,138 file.ManagerServant INFO Master manager not found
2024-11-28 16:40:15,175 file.ManagerServant INFO Master manager not found
2024-11-28 16:40:25,257 file.ManagerServant INFO Master manager not found
2024-11-28 16:40:35,298 file.ManagerServant INFO Master manager not found
2024-11-28 16:40:45,412 file.ManagerServant INFO Master manager not found
2024-11-28 16:40:55,477 file.ManagerServant INFO Master manager not found
2024-11-28 16:41:05,539 file.ManagerServant INFO Master manager not found
2024-11-28 16:41:11,072 file.footage WARNING Traceback (most recent call last):
  File "C:\Users\enshu\AppData\Local\Programs\Python\Python310\lib\site-packages\OpenRTM_aist\PortBase.py", line 2305, in checkPorts
    if port._non_existent():
  File "C:\Users\enshu\AppData\Local\Programs\Python\Python310\lib\site-packages\omniORB\CORBA.py", line 559, in _non_existent
    return self._obj.nonExistent()
omniORB.CORBA._omni_sys_exc: CORBA.TRANSIENT(omniORB.TRANSIENT_ConnectFailed, CORBA.COMPLETED_NO)

2024-11-28 16:41:11,072 file.footage WARNING Dead connection: c35327de-ad5b-11ef-9035-f0f7b08dcc27
2024-11-28 16:41:13,088 file.footage WARNING Traceback (most recent call last):
  File "C:\Users\enshu\AppData\Local\Programs\Python\Python310\lib\site-packages\OpenRTM_aist\PortBase.py", line 1664, in disconnectNext
    return p.notify_disconnect(connector_profile.connector_id)
  File "C:\Users\enshu\AppData\Local\Programs\Python\Python310\lib\site-packages\OpenRTM_aist\RTM_IDL\RTC_idl.py", line 1207, in notify_disconnect
    return self._obj.invoke("notify_disconnect", _0_RTC.PortService._d_notify_disconnect, args)
omniORB.CORBA._omni_sys_exc: CORBA.TRANSIENT(omniORB.TRANSIENT_ConnectFailed, CORBA.COMPLETED_NO)

2024-11-28 16:41:15,605 file.ManagerServant INFO Master manager not found
2024-11-28 16:41:25,691 file.ManagerServant INFO Master manager not found
2024-11-28 16:41:35,742 file.ManagerServant INFO Master manager not found
2024-11-28 16:41:45,804 file.ManagerServant INFO Master manager not found
2024-11-28 16:41:55,919 file.ManagerServant INFO Master manager not found
2024-11-28 16:42:05,974 file.ManagerServant INFO Master manager not found
2024-11-28 16:42:15,980 file.ManagerServant INFO Master manager not found
2024-11-28 16:42:25,985 file.ManagerServant INFO Master manager not found
2024-11-28 16:42:35,995 file.ManagerServant INFO Master manager not found
2024-11-28 16:42:46,109 file.ManagerServant INFO Master manager not found
2024-11-28 16:42:56,210 file.ManagerServant INFO Master manager not found
2024-11-28 16:43:06,218 file.ManagerServant INFO Master manager not found
2024-11-28 16:43:16,264 file.ManagerServant INFO Master manager not found
2024-11-28 16:43:26,251 file.ManagerServant INFO Master manager not found
2024-11-28 16:43:36,337 file.ManagerServant INFO Master manager not found
2024-11-28 16:43:46,350 file.ManagerServant INFO Master manager not found
2024-11-28 16:43:56,351 file.ManagerServant INFO Master manager not found
2024-11-28 16:44:06,438 file.ManagerServant INFO Master manager not found
2024-11-28 16:44:16,518 file.ManagerServant INFO Master manager not found
2024-11-28 16:44:26,602 file.ManagerServant INFO Master manager not found
2024-11-28 16:44:36,572 file.ManagerServant INFO Master manager not found
2024-11-28 16:44:46,664 file.ManagerServant INFO Master manager not found
2024-11-28 16:44:54,392 file.ec_worker ERROR State of the RTC is not INACTIVE_STATE.
2024-11-28 16:44:56,761 file.ManagerServant INFO Master manager not found
2024-11-28 16:45:06,813 file.ManagerServant INFO Master manager not found
2024-11-28 16:45:16,892 file.ManagerServant INFO Master manager not found
2024-11-28 16:45:26,974 file.ManagerServant INFO Master manager not found
2024-11-28 16:45:36,998 file.ManagerServant INFO Master manager not found
2024-11-28 16:45:47,046 file.ManagerServant INFO Master manager not found
2024-11-28 16:45:57,127 file.ManagerServant INFO Master manager not found
2024-11-28 16:46:07,167 file.ManagerServant INFO Master manager not found
2024-11-28 16:46:17,187 file.ManagerServant INFO Master manager not found
2024-11-28 16:46:27,287 file.ManagerServant INFO Master manager not found
2024-11-28 16:46:37,409 file.ManagerServant INFO Master manager not found
2024-11-28 16:46:47,444 file.ManagerServant INFO Master manager not found
2024-11-28 16:46:57,501 file.ManagerServant INFO Master manager not found
2024-11-28 16:47:07,610 file.ManagerServant INFO Master manager not found
2024-11-28 16:47:17,626 file.ManagerServant INFO Master manager not found
2024-11-28 16:47:27,704 file.ManagerServant INFO Master manager not found
2024-11-28 16:47:37,731 file.ManagerServant INFO Master manager not found
2024-11-28 16:47:47,814 file.ManagerServant INFO Master manager not found
2024-11-28 16:47:57,895 file.ManagerServant INFO Master manager not found
2024-11-28 16:48:07,991 file.ManagerServant INFO Master manager not found
2024-11-28 16:48:18,056 file.ManagerServant INFO Master manager not found
2024-11-28 16:48:28,133 file.ManagerServant INFO Master manager not found
2024-11-28 16:48:36,263 file.footage WARNING Traceback (most recent call last):
  File "C:\Users\enshu\AppData\Local\Programs\Python\Python310\lib\site-packages\OpenRTM_aist\PortBase.py", line 2305, in checkPorts
    if port._non_existent():
  File "C:\Users\enshu\AppData\Local\Programs\Python\Python310\lib\site-packages\omniORB\CORBA.py", line 559, in _non_existent
    return self._obj.nonExistent()
omniORB.CORBA._omni_sys_exc: CORBA.TRANSIENT(omniORB.TRANSIENT_ConnectFailed, CORBA.COMPLETED_NO)

2024-11-28 16:48:36,263 file.footage WARNING Dead connection: a616af02-ad5c-11ef-9a3c-f0f7b08dcc27
2024-11-28 16:48:38,171 file.ManagerServant INFO Master manager not found
2024-11-28 16:48:38,310 file.footage WARNING Traceback (most recent call last):
  File "C:\Users\enshu\AppData\Local\Programs\Python\Python310\lib\site-packages\OpenRTM_aist\PortBase.py", line 1664, in disconnectNext
    return p.notify_disconnect(connector_profile.connector_id)
  File "C:\Users\enshu\AppData\Local\Programs\Python\Python310\lib\site-packages\OpenRTM_aist\RTM_IDL\RTC_idl.py", line 1207, in notify_disconnect
    return self._obj.invoke("notify_disconnect", _0_RTC.PortService._d_notify_disconnect, args)
omniORB.CORBA._omni_sys_exc: CORBA.TRANSIENT(omniORB.TRANSIENT_ConnectFailed, CORBA.COMPLETED_NO)

2024-11-28 16:48:48,285 file.ManagerServant INFO Master manager not found
2024-11-28 16:48:58,308 file.ManagerServant INFO Master manager not found
2024-11-28 16:49:02,265 file.ec_worker ERROR State of the RTC is not INACTIVE_STATE.
2024-11-28 16:49:08,365 file.ManagerServant INFO Master manager not found
2024-11-28 16:49:18,464 file.ManagerServant INFO Master manager not found
2024-11-28 16:49:28,564 file.ManagerServant INFO Master manager not found
2024-11-28 16:49:38,667 file.ManagerServant INFO Master manager not found
2024-11-28 16:49:48,632 file.ManagerServant INFO Master manager not found
2024-11-28 16:49:58,759 file.ManagerServant INFO Master manager not found
2024-11-28 16:50:08,844 file.ManagerServant INFO Master manager not found
2024-11-28 16:50:18,844 file.ManagerServant INFO Master manager not found
2024-11-28 16:50:28,941 file.ManagerServant INFO Master manager not found
2024-11-28 16:50:36,169 file.footage WARNING Traceback (most recent call last):
  File "C:\Users\enshu\AppData\Local\Programs\Python\Python310\lib\site-packages\OpenRTM_aist\PortBase.py", line 2305, in checkPorts
    if port._non_existent():
  File "C:\Users\enshu\AppData\Local\Programs\Python\Python310\lib\site-packages\omniORB\CORBA.py", line 559, in _non_existent
    return self._obj.nonExistent()
omniORB.CORBA._omni_sys_exc: CORBA.TRANSIENT(omniORB.TRANSIENT_ConnectFailed, CORBA.COMPLETED_NO)

2024-11-28 16:50:36,170 file.footage WARNING Dead connection: 3a4b0009-ad5d-11ef-9d87-f0f7b08dcc27
2024-11-28 16:50:38,205 file.footage WARNING Traceback (most recent call last):
  File "C:\Users\enshu\AppData\Local\Programs\Python\Python310\lib\site-packages\OpenRTM_aist\PortBase.py", line 1664, in disconnectNext
    return p.notify_disconnect(connector_profile.connector_id)
  File "C:\Users\enshu\AppData\Local\Programs\Python\Python310\lib\site-packages\OpenRTM_aist\RTM_IDL\RTC_idl.py", line 1207, in notify_disconnect
    return self._obj.invoke("notify_disconnect", _0_RTC.PortService._d_notify_disconnect, args)
omniORB.CORBA._omni_sys_exc: CORBA.TRANSIENT(omniORB.TRANSIENT_ConnectFailed, CORBA.COMPLETED_NO)

2024-11-28 16:50:38,966 file.ManagerServant INFO Master manager not found
2024-11-28 16:50:49,052 file.ManagerServant INFO Master manager not found
2024-11-28 16:50:58,643 file.ec_worker ERROR State of the RTC is not INACTIVE_STATE.
2024-11-28 16:50:59,131 file.ManagerServant INFO Master manager not found
2024-11-28 16:51:09,220 file.ManagerServant INFO Master manager not found
2024-11-28 16:51:19,304 file.ManagerServant INFO Master manager not found
2024-11-28 16:51:29,350 file.ManagerServant INFO Master manager not found
2024-11-28 16:51:39,412 file.ManagerServant INFO Master manager not found
2024-11-28 16:51:49,459 file.ManagerServant INFO Master manager not found
2024-11-28 16:51:59,527 file.ManagerServant INFO Master manager not found
2024-11-28 16:52:09,511 file.ManagerServant INFO Master manager not found
2024-11-28 16:52:19,494 file.ManagerServant INFO Master manager not found
2024-11-28 16:52:29,510 file.ManagerServant INFO Master manager not found
2024-11-28 16:52:39,545 file.ManagerServant INFO Master manager not found
2024-11-28 16:52:49,543 file.ManagerServant INFO Master manager not found
2024-11-28 16:52:59,584 file.ManagerServant INFO Master manager not found
2024-11-28 16:53:04,818 file.footage WARNING Traceback (most recent call last):
  File "C:\Users\enshu\AppData\Local\Programs\Python\Python310\lib\site-packages\OpenRTM_aist\PortBase.py", line 2305, in checkPorts
    if port._non_existent():
  File "C:\Users\enshu\AppData\Local\Programs\Python\Python310\lib\site-packages\omniORB\CORBA.py", line 559, in _non_existent
    return self._obj.nonExistent()
omniORB.CORBA._omni_sys_exc: CORBA.COMM_FAILURE(omniORB.COMM_FAILURE_WaitingForReply, CORBA.COMPLETED_MAYBE)

2024-11-28 16:53:04,818 file.footage WARNING Dead connection: 8011d304-ad5d-11ef-b5d2-f0f7b08dcc27
2024-11-28 16:53:06,863 file.footage WARNING Traceback (most recent call last):
  File "C:\Users\enshu\AppData\Local\Programs\Python\Python310\lib\site-packages\OpenRTM_aist\PortBase.py", line 1664, in disconnectNext
    return p.notify_disconnect(connector_profile.connector_id)
  File "C:\Users\enshu\AppData\Local\Programs\Python\Python310\lib\site-packages\OpenRTM_aist\RTM_IDL\RTC_idl.py", line 1207, in notify_disconnect
    return self._obj.invoke("notify_disconnect", _0_RTC.PortService._d_notify_disconnect, args)
omniORB.CORBA._omni_sys_exc: CORBA.TRANSIENT(omniORB.TRANSIENT_ConnectFailed, CORBA.COMPLETED_NO)

2024-11-28 16:53:09,598 file.ManagerServant INFO Master manager not found
2024-11-28 16:53:19,660 file.ManagerServant INFO Master manager not found
2024-11-28 16:53:29,775 file.ManagerServant INFO Master manager not found
2024-11-28 16:53:39,820 file.ManagerServant INFO Master manager not found
2024-11-28 16:53:49,844 file.ManagerServant INFO Master manager not found
2024-11-28 16:53:59,946 file.ManagerServant INFO Master manager not found
2024-11-28 16:54:10,019 file.ManagerServant INFO Master manager not found
2024-11-28 16:54:20,142 file.ManagerServant INFO Master manager not found
2024-11-28 16:54:30,160 file.ManagerServant INFO Master manager not found
2024-11-28 16:54:40,171 file.ManagerServant INFO Master manager not found
2024-11-28 16:54:50,213 file.ManagerServant INFO Master manager not found
2024-11-28 16:55:00,276 file.ManagerServant INFO Master manager not found
2024-11-28 16:55:10,413 file.ManagerServant INFO Master manager not found
2024-11-28 16:55:20,443 file.ManagerServant INFO Master manager not found
2024-11-28 16:55:30,577 file.ManagerServant INFO Master manager not found
2024-11-28 16:55:32,441 file.ec_worker ERROR State of the RTC is not INACTIVE_STATE.
2024-11-28 16:55:40,662 file.ManagerServant INFO Master manager not found
2024-11-28 16:55:50,735 file.ManagerServant INFO Master manager not found
2024-11-28 16:56:00,847 file.ManagerServant INFO Master manager not found
2024-11-28 16:56:01,157 file.footage WARNING Traceback (most recent call last):
  File "C:\Users\enshu\AppData\Local\Programs\Python\Python310\lib\site-packages\OpenRTM_aist\PortBase.py", line 2305, in checkPorts
    if port._non_existent():
  File "C:\Users\enshu\AppData\Local\Programs\Python\Python310\lib\site-packages\omniORB\CORBA.py", line 559, in _non_existent
    return self._obj.nonExistent()
omniORB.CORBA._omni_sys_exc: CORBA.TRANSIENT(omniORB.TRANSIENT_ConnectFailed, CORBA.COMPLETED_NO)

2024-11-28 16:56:01,157 file.footage WARNING Dead connection: 22a0ffef-ad5e-11ef-8803-f0f7b08dcc27
2024-11-28 16:56:03,210 file.footage WARNING Traceback (most recent call last):
  File "C:\Users\enshu\AppData\Local\Programs\Python\Python310\lib\site-packages\OpenRTM_aist\PortBase.py", line 1664, in disconnectNext
    return p.notify_disconnect(connector_profile.connector_id)
  File "C:\Users\enshu\AppData\Local\Programs\Python\Python310\lib\site-packages\OpenRTM_aist\RTM_IDL\RTC_idl.py", line 1207, in notify_disconnect
    return self._obj.invoke("notify_disconnect", _0_RTC.PortService._d_notify_disconnect, args)
omniORB.CORBA._omni_sys_exc: CORBA.TRANSIENT(omniORB.TRANSIENT_ConnectFailed, CORBA.COMPLETED_NO)

2024-11-28 16:56:10,920 file.ManagerServant INFO Master manager not found
2024-11-28 16:56:20,995 file.ManagerServant INFO Master manager not found
2024-11-28 16:56:23,935 file.ec_worker ERROR State of the RTC is not INACTIVE_STATE.
2024-11-28 16:56:31,080 file.ManagerServant INFO Master manager not found
2024-11-28 16:56:41,094 file.ManagerServant INFO Master manager not found
2024-11-28 16:56:51,252 file.ManagerServant INFO Master manager not found
2024-11-28 16:57:01,321 file.ManagerServant INFO Master manager not found
2024-11-28 16:57:11,401 file.ManagerServant INFO Master manager not found
2024-11-28 16:57:14,640 file.footage WARNING Traceback (most recent call last):
  File "C:\Users\enshu\AppData\Local\Programs\Python\Python310\lib\site-packages\OpenRTM_aist\PortBase.py", line 2305, in checkPorts
    if port._non_existent():
  File "C:\Users\enshu\AppData\Local\Programs\Python\Python310\lib\site-packages\omniORB\CORBA.py", line 559, in _non_existent
    return self._obj.nonExistent()
omniORB.CORBA._omni_sys_exc: CORBA.TRANSIENT(omniORB.TRANSIENT_ConnectFailed, CORBA.COMPLETED_NO)

2024-11-28 16:57:14,640 file.footage WARNING Dead connection: 41f46800-ad5e-11ef-bcee-f0f7b08dcc27
2024-11-28 16:57:16,675 file.footage WARNING Traceback (most recent call last):
  File "C:\Users\enshu\AppData\Local\Programs\Python\Python310\lib\site-packages\OpenRTM_aist\PortBase.py", line 1664, in disconnectNext
    return p.notify_disconnect(connector_profile.connector_id)
  File "C:\Users\enshu\AppData\Local\Programs\Python\Python310\lib\site-packages\OpenRTM_aist\RTM_IDL\RTC_idl.py", line 1207, in notify_disconnect
    return self._obj.invoke("notify_disconnect", _0_RTC.PortService._d_notify_disconnect, args)
omniORB.CORBA._omni_sys_exc: CORBA.TRANSIENT(omniORB.TRANSIENT_ConnectFailed, CORBA.COMPLETED_NO)

2024-11-28 16:57:21,383 file.ManagerServant INFO Master manager not found
2024-11-28 16:57:31,482 file.ManagerServant INFO Master manager not found
2024-11-28 16:57:41,584 file.ManagerServant INFO Master manager not found
2024-11-28 16:57:51,633 file.ManagerServant INFO Master manager not found
2024-11-28 16:58:01,714 file.ManagerServant INFO Master manager not found
2024-11-28 16:58:11,720 file.ManagerServant INFO Master manager not found
2024-11-28 16:58:21,788 file.ManagerServant INFO Master manager not found
2024-11-28 16:58:31,783 file.ManagerServant INFO Master manager not found
2024-11-28 16:58:41,782 file.ManagerServant INFO Master manager not found
2024-11-28 16:58:51,814 file.ManagerServant INFO Master manager not found
2024-11-28 16:59:01,899 file.ManagerServant INFO Master manager not found
2024-11-28 16:59:11,969 file.ManagerServant INFO Master manager not found
2024-11-28 16:59:21,948 file.ManagerServant INFO Master manager not found
2024-11-28 16:59:32,014 file.ManagerServant INFO Master manager not found
2024-11-28 16:59:42,044 file.ManagerServant INFO Master manager not found
2024-11-28 16:59:52,054 file.ManagerServant INFO Master manager not found
2024-11-28 17:00:02,102 file.ManagerServant INFO Master manager not found
2024-11-28 17:00:12,223 file.ManagerServant INFO Master manager not found
2024-11-28 17:00:22,272 file.ManagerServant INFO Master manager not found
2024-11-28 17:00:32,338 file.ManagerServant INFO Master manager not found
2024-11-28 17:00:42,452 file.ManagerServant INFO Master manager not found
2024-11-28 17:00:52,490 file.ManagerServant INFO Master manager not found
2024-11-28 17:01:02,652 file.ManagerServant INFO Master manager not found
2024-11-28 17:01:08,006 file.ec_worker ERROR State of the RTC is not INACTIVE_STATE.
2024-11-28 17:01:12,630 file.ManagerServant INFO Master manager not found
2024-11-28 17:01:22,755 file.ManagerServant INFO Master manager not found
2024-11-28 17:01:32,744 file.ManagerServant INFO Master manager not found
2024-11-28 17:01:38,897 file.footage WARNING Traceback (most recent call last):
  File "C:\Users\enshu\AppData\Local\Programs\Python\Python310\lib\site-packages\OpenRTM_aist\PortBase.py", line 2305, in checkPorts
    if port._non_existent():
  File "C:\Users\enshu\AppData\Local\Programs\Python\Python310\lib\site-packages\omniORB\CORBA.py", line 559, in _non_existent
    return self._obj.nonExistent()
omniORB.CORBA._omni_sys_exc: CORBA.TRANSIENT(omniORB.TRANSIENT_ConnectFailed, CORBA.COMPLETED_NO)

2024-11-28 17:01:38,897 file.footage WARNING Dead connection: ea508d84-ad5e-11ef-8526-f0f7b08dcc27
2024-11-28 17:01:40,957 file.footage WARNING Traceback (most recent call last):
  File "C:\Users\enshu\AppData\Local\Programs\Python\Python310\lib\site-packages\OpenRTM_aist\PortBase.py", line 1664, in disconnectNext
    return p.notify_disconnect(connector_profile.connector_id)
  File "C:\Users\enshu\AppData\Local\Programs\Python\Python310\lib\site-packages\OpenRTM_aist\RTM_IDL\RTC_idl.py", line 1207, in notify_disconnect
    return self._obj.invoke("notify_disconnect", _0_RTC.PortService._d_notify_disconnect, args)
omniORB.CORBA._omni_sys_exc: CORBA.TRANSIENT(omniORB.TRANSIENT_ConnectFailed, CORBA.COMPLETED_NO)

2024-11-28 17:01:42,851 file.ManagerServant INFO Master manager not found
2024-11-28 17:01:52,945 file.ManagerServant INFO Master manager not found
2024-11-28 17:02:01,388 file.SdoServiceAdmin WARNING No available SDO service in the factory: 
2024-11-28 17:02:01,388 file.SdoServiceAdmin ERROR type  not exists.
2024-11-28 17:02:03,001 file.ManagerServant INFO Master manager not found
2024-11-28 17:02:13,061 file.ManagerServant INFO Master manager not found
2024-11-28 17:02:15,036 file.ec_worker ERROR State of the RTC is not INACTIVE_STATE.
2024-11-28 17:02:23,097 file.ManagerServant INFO Master manager not found
2024-11-28 17:02:33,224 file.ManagerServant INFO Master manager not found
2024-11-28 17:02:43,274 file.ManagerServant INFO Master manager not found
2024-11-28 17:02:53,352 file.ManagerServant INFO Master manager not found
2024-11-28 17:03:03,494 file.ManagerServant INFO Master manager not found
2024-11-28 17:03:13,533 file.ManagerServant INFO Master manager not found
2024-11-28 17:03:23,645 file.ManagerServant INFO Master manager not found
2024-11-28 17:03:33,637 file.ManagerServant INFO Master manager not found
2024-11-28 17:03:39,698 file.footage WARNING Traceback (most recent call last):
  File "C:\Users\enshu\AppData\Local\Programs\Python\Python310\lib\site-packages\OpenRTM_aist\PortBase.py", line 2305, in checkPorts
    if port._non_existent():
  File "C:\Users\enshu\AppData\Local\Programs\Python\Python310\lib\site-packages\omniORB\CORBA.py", line 559, in _non_existent
    return self._obj.nonExistent()
omniORB.CORBA._omni_sys_exc: CORBA.TRANSIENT(omniORB.TRANSIENT_ConnectFailed, CORBA.COMPLETED_NO)

2024-11-28 17:03:39,698 file.footage WARNING Dead connection: 1268f074-ad5f-11ef-a8c8-f0f7b08dcc27
2024-11-28 17:03:41,719 file.footage WARNING Traceback (most recent call last):
  File "C:\Users\enshu\AppData\Local\Programs\Python\Python310\lib\site-packages\OpenRTM_aist\PortBase.py", line 1664, in disconnectNext
    return p.notify_disconnect(connector_profile.connector_id)
  File "C:\Users\enshu\AppData\Local\Programs\Python\Python310\lib\site-packages\OpenRTM_aist\RTM_IDL\RTC_idl.py", line 1207, in notify_disconnect
    return self._obj.invoke("notify_disconnect", _0_RTC.PortService._d_notify_disconnect, args)
omniORB.CORBA._omni_sys_exc: CORBA.TRANSIENT(omniORB.TRANSIENT_ConnectFailed, CORBA.COMPLETED_NO)

2024-11-28 17:03:43,694 file.ManagerServant INFO Master manager not found
2024-11-28 17:03:53,839 file.ManagerServant INFO Master manager not found
2024-11-28 17:04:03,927 file.ManagerServant INFO Master manager not found
2024-11-28 17:04:04,662 file.ec_worker ERROR State of the RTC is not INACTIVE_STATE.
2024-11-28 17:04:14,004 file.ManagerServant INFO Master manager not found
2024-11-28 17:04:24,096 file.ManagerServant INFO Master manager not found
2024-11-28 17:04:34,172 file.ManagerServant INFO Master manager not found
2024-11-28 17:04:44,262 file.ManagerServant INFO Master manager not found
2024-11-28 17:04:54,304 file.ManagerServant INFO Master manager not found
2024-11-28 17:05:04,394 file.ManagerServant INFO Master manager not found
2024-11-28 17:05:14,444 file.ManagerServant INFO Master manager not found
2024-11-28 17:05:24,428 file.ManagerServant INFO Master manager not found
2024-11-28 17:05:34,546 file.ManagerServant INFO Master manager not found
2024-11-28 17:05:44,515 file.ManagerServant INFO Master manager not found
2024-11-28 17:05:54,567 file.ManagerServant INFO Master manager not found
2024-11-28 17:06:04,637 file.ManagerServant INFO Master manager not found
2024-11-28 17:06:14,751 file.ManagerServant INFO Master manager not found
2024-11-28 17:06:24,882 file.ManagerServant INFO Master manager not found
2024-11-28 17:06:34,945 file.ManagerServant INFO Master manager not found
2024-11-28 17:06:45,014 file.ManagerServant INFO Master manager not found
2024-11-28 17:06:55,035 file.ManagerServant INFO Master manager not found
2024-11-28 17:07:05,133 file.ManagerServant INFO Master manager not found
2024-11-28 17:07:10,993 file.footage WARNING Traceback (most recent call last):
  File "C:\Users\enshu\AppData\Local\Programs\Python\Python310\lib\site-packages\OpenRTM_aist\PortBase.py", line 2305, in checkPorts
    if port._non_existent():
  File "C:\Users\enshu\AppData\Local\Programs\Python\Python310\lib\site-packages\omniORB\CORBA.py", line 559, in _non_existent
    return self._obj.nonExistent()
omniORB.CORBA._omni_sys_exc: CORBA.TRANSIENT(omniORB.TRANSIENT_ConnectFailed, CORBA.COMPLETED_NO)

2024-11-28 17:07:10,993 file.footage WARNING Dead connection: 5450088d-ad5f-11ef-9521-f0f7b08dcc27
2024-11-28 17:07:13,015 file.footage WARNING Traceback (most recent call last):
  File "C:\Users\enshu\AppData\Local\Programs\Python\Python310\lib\site-packages\OpenRTM_aist\PortBase.py", line 1664, in disconnectNext
    return p.notify_disconnect(connector_profile.connector_id)
  File "C:\Users\enshu\AppData\Local\Programs\Python\Python310\lib\site-packages\OpenRTM_aist\RTM_IDL\RTC_idl.py", line 1207, in notify_disconnect
    return self._obj.invoke("notify_disconnect", _0_RTC.PortService._d_notify_disconnect, args)
omniORB.CORBA._omni_sys_exc: CORBA.TRANSIENT(omniORB.TRANSIENT_ConnectFailed, CORBA.COMPLETED_NO)

2024-11-28 17:07:15,120 file.ManagerServant INFO Master manager not found
2024-11-28 17:07:25,228 file.ManagerServant INFO Master manager not found
2024-11-28 17:07:33,414 file.ec_worker ERROR State of the RTC is not INACTIVE_STATE.
2024-11-28 17:07:35,289 file.ManagerServant INFO Master manager not found
2024-11-28 17:07:45,374 file.ManagerServant INFO Master manager not found
2024-11-28 17:07:55,378 file.ManagerServant INFO Master manager not found
2024-11-28 17:08:05,454 file.ManagerServant INFO Master manager not found
2024-11-28 17:08:15,510 file.ManagerServant INFO Master manager not found
2024-11-28 17:08:25,503 file.ManagerServant INFO Master manager not found
2024-11-28 17:08:27,749 file.footage WARNING Traceback (most recent call last):
  File "C:\Users\enshu\AppData\Local\Programs\Python\Python310\lib\site-packages\OpenRTM_aist\PortBase.py", line 2305, in checkPorts
    if port._non_existent():
  File "C:\Users\enshu\AppData\Local\Programs\Python\Python310\lib\site-packages\omniORB\CORBA.py", line 559, in _non_existent
    return self._obj.nonExistent()
omniORB.CORBA._omni_sys_exc: CORBA.TRANSIENT(omniORB.TRANSIENT_ConnectFailed, CORBA.COMPLETED_NO)

2024-11-28 17:08:27,749 file.footage WARNING Dead connection: d052c13e-ad5f-11ef-8a85-f0f7b08dcc27
2024-11-28 17:08:29,780 file.footage WARNING Traceback (most recent call last):
  File "C:\Users\enshu\AppData\Local\Programs\Python\Python310\lib\site-packages\OpenRTM_aist\PortBase.py", line 1664, in disconnectNext
    return p.notify_disconnect(connector_profile.connector_id)
  File "C:\Users\enshu\AppData\Local\Programs\Python\Python310\lib\site-packages\OpenRTM_aist\RTM_IDL\RTC_idl.py", line 1207, in notify_disconnect
    return self._obj.invoke("notify_disconnect", _0_RTC.PortService._d_notify_disconnect, args)
omniORB.CORBA._omni_sys_exc: CORBA.TRANSIENT(omniORB.TRANSIENT_ConnectFailed, CORBA.COMPLETED_NO)

2024-11-28 17:08:35,525 file.ManagerServant INFO Master manager not found
2024-11-28 17:08:45,601 file.ManagerServant INFO Master manager not found
2024-11-28 17:08:55,607 file.ManagerServant INFO Master manager not found
2024-11-28 17:09:05,692 file.ManagerServant INFO Master manager not found
2024-11-28 17:09:15,763 file.ManagerServant INFO Master manager not found
2024-11-28 17:09:25,897 file.ManagerServant INFO Master manager not found
2024-11-28 17:09:27,677 file.ec_worker ERROR State of the RTC is not INACTIVE_STATE.
2024-11-28 17:09:35,870 file.ManagerServant INFO Master manager not found
2024-11-28 17:09:45,963 file.ManagerServant INFO Master manager not found
2024-11-28 17:09:56,083 file.ManagerServant INFO Master manager not found
2024-11-28 17:10:05,340 file.footage WARNING Traceback (most recent call last):
  File "C:\Users\enshu\AppData\Local\Programs\Python\Python310\lib\site-packages\OpenRTM_aist\PortBase.py", line 2305, in checkPorts
    if port._non_existent():
  File "C:\Users\enshu\AppData\Local\Programs\Python\Python310\lib\site-packages\omniORB\CORBA.py", line 559, in _non_existent
    return self._obj.nonExistent()
omniORB.CORBA._omni_sys_exc: CORBA.TRANSIENT(omniORB.TRANSIENT_ConnectFailed, CORBA.COMPLETED_NO)

2024-11-28 17:10:05,340 file.footage WARNING Dead connection: 14fe1686-ad60-11ef-95eb-f0f7b08dcc27
2024-11-28 17:10:06,163 file.ManagerServant INFO Master manager not found
2024-11-28 17:10:07,401 file.footage WARNING Traceback (most recent call last):
  File "C:\Users\enshu\AppData\Local\Programs\Python\Python310\lib\site-packages\OpenRTM_aist\PortBase.py", line 1664, in disconnectNext
    return p.notify_disconnect(connector_profile.connector_id)
  File "C:\Users\enshu\AppData\Local\Programs\Python\Python310\lib\site-packages\OpenRTM_aist\RTM_IDL\RTC_idl.py", line 1207, in notify_disconnect
    return self._obj.invoke("notify_disconnect", _0_RTC.PortService._d_notify_disconnect, args)
omniORB.CORBA._omni_sys_exc: CORBA.TRANSIENT(omniORB.TRANSIENT_ConnectFailed, CORBA.COMPLETED_NO)

2024-11-28 17:10:16,255 file.ManagerServant INFO Master manager not found
