2024-11-28 16:00:06,954 file.manager INFO 2.0.0
2024-11-28 16:00:06,954 file.manager INFO Copyright (C) 2003-2022, Noriaki Ando and OpenRTM development team,
2024-11-28 16:00:06,955 file.manager INFO   Intelligent Systems Research Institute, AIST,
2024-11-28 16:00:06,955 file.manager INFO Copyright (C) 2022, Noriaki Ando and OpenRTM development team,
2024-11-28 16:00:06,955 file.manager INFO   Industrial Cyber-Physical Research Center, AIST,
2024-11-28 16:00:06,955 file.manager INFO   All right reserved.
2024-11-28 16:00:06,955 file.manager INFO Manager starting.
2024-11-28 16:00:06,955 file.manager INFO Starting local logging.
2024-11-28 16:00:06,960 file.manager.namingmanager INFO NameServer connection succeeded: corba/localhost
2024-11-28 16:00:11,030 file.ManagerServant INFO Master manager not found
2024-11-28 16:00:11,031 file.LocalServiceAdmin INFO All the local services are enabled.
2024-11-28 16:00:11,034 file.manager INFO Component type conf file: selector.conf loaded.
2024-11-28 16:00:11,035 file.ec_base INFO setRate(1000000.000000) done
2024-11-28 16:00:11,035 file.ec_base INFO setRate(1000.000000) done
2024-11-28 16:00:11,035 file.rtobject INFO 1 execution context was created.
2024-11-28 16:00:11,039 file.rtobject INFO Initial active configuration set is default.
2024-11-28 16:00:25,213 file.ManagerServant INFO Master manager not found
2024-11-28 16:00:28,373 file.InPortConnector ERROR unknown error
2024-11-28 16:00:28,373 file.result_t ERROR unknown retern value from buffer.read()
2024-11-28 16:00:35,257 file.ManagerServant INFO Master manager not found
2024-11-28 16:00:45,249 file.ManagerServant INFO Master manager not found
2024-11-28 16:00:55,340 file.ManagerServant INFO Master manager not found
2024-11-28 16:01:05,385 file.ManagerServant INFO Master manager not found
