2024-11-29 16:02:27,720 file.manager INFO 2.0.0
2024-11-29 16:02:27,720 file.manager INFO Copyright (C) 2003-2022, Noriaki Ando and OpenRTM development team,
2024-11-29 16:02:27,720 file.manager INFO   Intelligent Systems Research Institute, AIST,
2024-11-29 16:02:27,720 file.manager INFO Copyright (C) 2022, Noriaki Ando and OpenRTM development team,
2024-11-29 16:02:27,720 file.manager INFO   Industrial Cyber-Physical Research Center, AIST,
2024-11-29 16:02:27,720 file.manager INFO   All right reserved.
2024-11-29 16:02:27,721 file.manager INFO Manager starting.
2024-11-29 16:02:27,721 file.manager INFO Starting local logging.
2024-11-29 16:02:27,731 file.manager.namingmanager INFO NameServer connection succeeded: corba/localhost
2024-11-29 16:02:31,782 file.ManagerServant INFO Master manager not found
2024-11-29 16:02:31,782 file.LocalServiceAdmin INFO All the local services are enabled.
2024-11-29 16:02:31,782 file.manager INFO Component type conf file: selector.conf loaded.
2024-11-29 16:02:31,782 file.ec_base INFO setRate(1000000.000000) done
2024-11-29 16:02:31,782 file.ec_base INFO setRate(1000.000000) done
2024-11-29 16:02:31,782 file.rtobject INFO 1 execution context was created.
2024-11-29 16:02:31,798 file.rtobject INFO Initial active configuration set is default.
2024-11-29 16:02:45,861 file.ManagerServant INFO Master manager not found
2024-11-29 16:02:55,919 file.ManagerServant INFO Master manager not found
2024-11-29 16:03:05,897 file.ManagerServant INFO Master manager not found
2024-11-29 16:03:16,000 file.ManagerServant INFO Master manager not found
2024-11-29 16:03:26,091 file.ManagerServant INFO Master manager not found
2024-11-29 16:03:36,181 file.ManagerServant INFO Master manager not found
2024-11-29 16:03:46,147 file.ManagerServant INFO Master manager not found
2024-11-29 16:03:56,228 file.ManagerServant INFO Master manager not found
2024-11-29 16:04:06,318 file.ManagerServant INFO Master manager not found
2024-11-29 16:04:16,384 file.ManagerServant INFO Master manager not found
2024-11-29 16:04:26,484 file.ManagerServant INFO Master manager not found
2024-11-29 16:04:36,461 file.ManagerServant INFO Master manager not found
2024-11-29 16:04:46,535 file.ManagerServant INFO Master manager not found
2024-11-29 16:04:56,566 file.ManagerServant INFO Master manager not found
2024-11-29 16:05:06,682 file.ManagerServant INFO Master manager not found
2024-11-29 16:05:16,636 file.ManagerServant INFO Master manager not found
2024-11-29 16:05:26,725 file.ManagerServant INFO Master manager not found
2024-11-29 16:05:36,740 file.ManagerServant INFO Master manager not found
2024-11-29 16:05:46,841 file.ManagerServant INFO Master manager not found
2024-11-29 16:05:50,441 file.SdoServiceAdmin WARNING No available SDO service in the factory: 
2024-11-29 16:05:50,441 file.SdoServiceAdmin ERROR type  not exists.
2024-11-29 16:05:56,893 file.ManagerServant INFO Master manager not found
2024-11-29 16:06:06,985 file.ManagerServant INFO Master manager not found
2024-11-29 16:06:17,067 file.ManagerServant INFO Master manager not found
2024-11-29 16:06:27,115 file.ManagerServant INFO Master manager not found
2024-11-29 16:06:37,233 file.ManagerServant INFO Master manager not found
2024-11-29 16:06:47,200 file.ManagerServant INFO Master manager not found
2024-11-29 16:06:57,267 file.ManagerServant INFO Master manager not found
2024-11-29 16:07:07,341 file.ManagerServant INFO Master manager not found
2024-11-29 16:07:17,378 file.ManagerServant INFO Master manager not found
2024-11-29 16:07:27,489 file.ManagerServant INFO Master manager not found
