2024-11-28 15:41:42,236 file.manager INFO 2.0.0
2024-11-28 15:41:42,236 file.manager INFO Copyright (C) 2003-2022, Noriaki Ando and OpenRTM development team,
2024-11-28 15:41:42,236 file.manager INFO   Intelligent Systems Research Institute, AIST,
2024-11-28 15:41:42,236 file.manager INFO Copyright (C) 2022, Noriaki Ando and OpenRTM development team,
2024-11-28 15:41:42,236 file.manager INFO   Industrial Cyber-Physical Research Center, AIST,
2024-11-28 15:41:42,236 file.manager INFO   All right reserved.
2024-11-28 15:41:42,236 file.manager INFO Manager starting.
2024-11-28 15:41:42,236 file.manager INFO Starting local logging.
2024-11-28 15:41:42,262 file.manager.namingmanager INFO NameServer connection succeeded: corba/localhost
2024-11-28 15:41:46,361 file.ManagerServant INFO Master manager not found
2024-11-28 15:41:46,362 file.LocalServiceAdmin INFO All the local services are enabled.
2024-11-28 15:41:46,365 file.manager INFO Component type conf file: selector.conf loaded.
2024-11-28 15:41:46,366 file.ec_base INFO setRate(1000000.000000) done
2024-11-28 15:41:46,366 file.ec_base INFO setRate(1000.000000) done
2024-11-28 15:41:46,366 file.rtobject INFO 1 execution context was created.
2024-11-28 15:41:46,370 file.rtobject INFO Initial active configuration set is default.
2024-11-28 15:42:00,481 file.ManagerServant INFO Master manager not found
2024-11-28 15:42:10,587 file.ManagerServant INFO Master manager not found
2024-11-28 15:42:20,670 file.ManagerServant INFO Master manager not found
2024-11-28 15:42:30,768 file.ManagerServant INFO Master manager not found
2024-11-28 15:42:40,851 file.ManagerServant INFO Master manager not found
2024-11-28 15:42:41,943 file.InPortConnector ERROR unknown error
2024-11-28 15:42:41,943 file.result_t ERROR unknown retern value from buffer.read()
2024-11-28 15:42:41,946 file.rtobject ERROR Traceback (most recent call last):
  File "C:\Users\enshu\AppData\Local\Programs\Python\Python310\lib\site-packages\OpenRTM_aist\DataFlowComponentBase.py", line 123, in on_execute
    ret = self.onExecute(ec_id)
  File "C:\Users\enshu\workspace\selector\selector.py", line 235, in onExecute
    footage = self._t_list[-1].data + ".png"
AttributeError: 'str' object has no attribute 'data'

2024-11-28 15:42:50,913 file.ManagerServant INFO Master manager not found
2024-11-28 15:43:00,985 file.ManagerServant INFO Master manager not found
2024-11-28 15:43:11,072 file.ManagerServant INFO Master manager not found
2024-11-28 15:43:21,187 file.ManagerServant INFO Master manager not found
