2024-11-29 16:00:34,283 file.manager INFO 2.0.0
2024-11-29 16:00:34,299 file.manager INFO Copyright (C) 2003-2022, Noriaki Ando and OpenRTM development team,
2024-11-29 16:00:34,299 file.manager INFO   Intelligent Systems Research Institute, AIST,
2024-11-29 16:00:34,299 file.manager INFO Copyright (C) 2022, Noriaki Ando and OpenRTM development team,
2024-11-29 16:00:34,299 file.manager INFO   Industrial Cyber-Physical Research Center, AIST,
2024-11-29 16:00:34,299 file.manager INFO   All right reserved.
2024-11-29 16:00:34,299 file.manager INFO Manager starting.
2024-11-29 16:00:34,299 file.manager INFO Starting local logging.
2024-11-29 16:00:34,299 file.manager.namingmanager INFO NameServer connection succeeded: corba/localhost
2024-11-29 16:00:38,404 file.ManagerServant INFO Master manager not found
2024-11-29 16:00:38,404 file.LocalServiceAdmin INFO All the local services are enabled.
2024-11-29 16:00:38,404 file.manager INFO Component type conf file: selector.conf loaded.
2024-11-29 16:00:38,404 file.ec_base INFO setRate(1000000.000000) done
2024-11-29 16:00:38,404 file.ec_base INFO setRate(1000.000000) done
2024-11-29 16:00:38,404 file.rtobject INFO 1 execution context was created.
2024-11-29 16:00:38,419 file.rtobject INFO Initial active configuration set is default.
2024-11-29 16:00:52,500 file.ManagerServant INFO Master manager not found
2024-11-29 16:01:02,466 file.ManagerServant INFO Master manager not found
2024-11-29 16:01:12,571 file.ManagerServant INFO Master manager not found
2024-11-29 16:01:22,673 file.ManagerServant INFO Master manager not found
2024-11-29 16:01:32,751 file.ManagerServant INFO Master manager not found
2024-11-29 16:01:42,800 file.ManagerServant INFO Master manager not found
2024-11-29 16:01:52,866 file.ManagerServant INFO Master manager not found
2024-11-29 16:02:02,960 file.ManagerServant INFO Master manager not found
2024-11-29 16:02:13,042 file.ManagerServant INFO Master manager not found
2024-11-29 16:02:23,116 file.ManagerServant INFO Master manager not found
