2024-11-28 16:01:43,478 file.manager INFO 2.0.0
2024-11-28 16:01:43,478 file.manager INFO Copyright (C) 2003-2022, Noriaki Ando and OpenRTM development team,
2024-11-28 16:01:43,478 file.manager INFO   Intelligent Systems Research Institute, AIST,
2024-11-28 16:01:43,479 file.manager INFO Copyright (C) 2022, Noriaki Ando and OpenRTM development team,
2024-11-28 16:01:43,479 file.manager INFO   Industrial Cyber-Physical Research Center, AIST,
2024-11-28 16:01:43,479 file.manager INFO   All right reserved.
2024-11-28 16:01:43,479 file.manager INFO Manager starting.
2024-11-28 16:01:43,479 file.manager INFO Starting local logging.
2024-11-28 16:01:43,485 file.manager.namingmanager INFO NameServer connection succeeded: corba/localhost
2024-11-28 16:01:47,564 file.ManagerServant INFO Master manager not found
2024-11-28 16:01:47,565 file.LocalServiceAdmin INFO All the local services are enabled.
2024-11-28 16:01:47,568 file.manager INFO Component type conf file: selector.conf loaded.
2024-11-28 16:01:47,569 file.ec_base INFO setRate(1000000.000000) done
2024-11-28 16:01:47,569 file.ec_base INFO setRate(1000.000000) done
2024-11-28 16:01:47,569 file.rtobject INFO 1 execution context was created.
2024-11-28 16:01:47,573 file.rtobject INFO Initial active configuration set is default.
2024-11-28 16:02:01,752 file.ManagerServant INFO Master manager not found
2024-11-28 16:02:04,554 file.InPortConnector ERROR unknown error
2024-11-28 16:02:04,554 file.result_t ERROR unknown retern value from buffer.read()
2024-11-28 16:02:11,832 file.ManagerServant INFO Master manager not found
2024-11-28 16:02:21,927 file.ManagerServant INFO Master manager not found
2024-11-28 16:02:31,878 file.ManagerServant INFO Master manager not found
2024-11-28 16:02:41,960 file.ManagerServant INFO Master manager not found
