2024-11-28 15:50:28,294 file.manager INFO 2.0.0
2024-11-28 15:50:28,294 file.manager INFO Copyright (C) 2003-2022, Noriaki Ando and OpenRTM development team,
2024-11-28 15:50:28,294 file.manager INFO   Intelligent Systems Research Institute, AIST,
2024-11-28 15:50:28,294 file.manager INFO Copyright (C) 2022, Noriaki Ando and OpenRTM development team,
2024-11-28 15:50:28,294 file.manager INFO   Industrial Cyber-Physical Research Center, AIST,
2024-11-28 15:50:28,294 file.manager INFO   All right reserved.
2024-11-28 15:50:28,294 file.manager INFO Manager starting.
2024-11-28 15:50:28,294 file.manager INFO Starting local logging.
2024-11-28 15:50:28,300 file.manager.namingmanager INFO NameServer connection succeeded: corba/localhost
2024-11-28 15:50:32,354 file.ManagerServant INFO Master manager not found
2024-11-28 15:50:32,354 file.LocalServiceAdmin INFO All the local services are enabled.
2024-11-28 15:50:32,357 file.manager INFO Component type conf file: selector.conf loaded.
2024-11-28 15:50:32,358 file.ec_base INFO setRate(1000000.000000) done
2024-11-28 15:50:32,358 file.ec_base INFO setRate(1000.000000) done
2024-11-28 15:50:32,359 file.rtobject INFO 1 execution context was created.
2024-11-28 15:50:32,362 file.rtobject INFO Initial active configuration set is default.
2024-11-28 15:50:46,571 file.ManagerServant INFO Master manager not found
2024-11-28 15:50:53,938 file.InPortConnector ERROR unknown error
2024-11-28 15:50:53,938 file.result_t ERROR unknown retern value from buffer.read()
2024-11-28 15:50:56,551 file.ManagerServant INFO Master manager not found
2024-11-28 15:51:06,655 file.ManagerServant INFO Master manager not found
2024-11-28 15:51:16,642 file.ManagerServant INFO Master manager not found
2024-11-28 15:51:26,705 file.ManagerServant INFO Master manager not found
2024-11-28 15:51:36,793 file.ManagerServant INFO Master manager not found
2024-11-28 15:51:46,887 file.ManagerServant INFO Master manager not found
