2024-11-28 15:51:58,230 file.manager INFO 2.0.0
2024-11-28 15:51:58,230 file.manager INFO Copyright (C) 2003-2022, Noriaki Ando and OpenRTM development team,
2024-11-28 15:51:58,230 file.manager INFO   Intelligent Systems Research Institute, AIST,
2024-11-28 15:51:58,230 file.manager INFO Copyright (C) 2022, Noriaki Ando and OpenRTM development team,
2024-11-28 15:51:58,230 file.manager INFO   Industrial Cyber-Physical Research Center, AIST,
2024-11-28 15:51:58,230 file.manager INFO   All right reserved.
2024-11-28 15:51:58,230 file.manager INFO Manager starting.
2024-11-28 15:51:58,230 file.manager INFO Starting local logging.
2024-11-28 15:51:58,237 file.manager.namingmanager INFO NameServer connection succeeded: corba/localhost
2024-11-28 15:52:02,273 file.ManagerServant INFO Master manager not found
2024-11-28 15:52:02,274 file.LocalServiceAdmin INFO All the local services are enabled.
2024-11-28 15:52:02,277 file.manager INFO Component type conf file: selector.conf loaded.
2024-11-28 15:52:02,278 file.ec_base INFO setRate(1000000.000000) done
2024-11-28 15:52:02,278 file.ec_base INFO setRate(1000.000000) done
2024-11-28 15:52:02,279 file.rtobject INFO 1 execution context was created.
2024-11-28 15:52:02,282 file.rtobject INFO Initial active configuration set is default.
2024-11-28 15:52:16,435 file.ManagerServant INFO Master manager not found
2024-11-28 15:52:23,793 file.InPortConnector ERROR unknown error
2024-11-28 15:52:23,793 file.result_t ERROR unknown retern value from buffer.read()
2024-11-28 15:52:26,524 file.ManagerServant INFO Master manager not found
2024-11-28 15:52:36,619 file.ManagerServant INFO Master manager not found
2024-11-28 15:52:46,741 file.ManagerServant INFO Master manager not found
