2024-11-29 17:09:34,735 file.manager INFO 2.0.0
2024-11-29 17:09:34,735 file.manager INFO Copyright (C) 2003-2022, Noriaki Ando and OpenRTM development team,
2024-11-29 17:09:34,735 file.manager INFO   Intelligent Systems Research Institute, AIST,
2024-11-29 17:09:34,735 file.manager INFO Copyright (C) 2022, Noriaki Ando and OpenRTM development team,
2024-11-29 17:09:34,735 file.manager INFO   Industrial Cyber-Physical Research Center, AIST,
2024-11-29 17:09:34,735 file.manager INFO   All right reserved.
2024-11-29 17:09:34,735 file.manager INFO Manager starting.
2024-11-29 17:09:34,735 file.manager INFO Starting local logging.
2024-11-29 17:09:34,750 file.manager.namingmanager INFO NameServer connection succeeded: corba/localhost
2024-11-29 17:09:38,832 file.ManagerServant INFO Master manager not found
2024-11-29 17:09:38,832 file.LocalServiceAdmin INFO All the local services are enabled.
2024-11-29 17:09:38,848 file.manager INFO Component type conf file: selector.conf loaded.
2024-11-29 17:09:38,848 file.ec_base INFO setRate(1000000.000000) done
2024-11-29 17:09:38,848 file.ec_base INFO setRate(1000.000000) done
2024-11-29 17:09:38,848 file.rtobject INFO 1 execution context was created.
2024-11-29 17:09:38,864 file.rtobject INFO Initial active configuration set is default.
2024-11-29 17:09:53,024 file.ManagerServant INFO Master manager not found
2024-11-29 17:10:03,107 file.ManagerServant INFO Master manager not found
2024-11-29 17:10:13,124 file.ManagerServant INFO Master manager not found
2024-11-29 17:10:23,195 file.ManagerServant INFO Master manager not found
2024-11-29 17:10:33,270 file.ManagerServant INFO Master manager not found
2024-11-29 17:10:43,339 file.ManagerServant INFO Master manager not found
2024-11-29 17:10:53,409 file.ManagerServant INFO Master manager not found
2024-11-29 17:11:02,585 file.result_a WARNING Traceback (most recent call last):
  File "C:\Users\enshu\AppData\Local\Programs\Python\Python310\lib\site-packages\OpenRTM_aist\PortBase.py", line 2305, in checkPorts
    if port._non_existent():
  File "C:\Users\enshu\AppData\Local\Programs\Python\Python310\lib\site-packages\omniORB\CORBA.py", line 559, in _non_existent
    return self._obj.nonExistent()
omniORB.CORBA._omni_sys_exc: CORBA.TRANSIENT(omniORB.TRANSIENT_ConnectFailed, CORBA.COMPLETED_NO)

2024-11-29 17:11:02,585 file.result_a WARNING Dead connection: 5ac9af9f-ae29-11ef-ad50-f0f7b08dcc27
2024-11-29 17:11:03,469 file.ManagerServant INFO Master manager not found
2024-11-29 17:11:04,622 file.result_a WARNING Traceback (most recent call last):
  File "C:\Users\enshu\AppData\Local\Programs\Python\Python310\lib\site-packages\OpenRTM_aist\PortBase.py", line 873, in disconnect
    return p.notify_disconnect(connector_id)
  File "C:\Users\enshu\AppData\Local\Programs\Python\Python310\lib\site-packages\OpenRTM_aist\RTM_IDL\RTC_idl.py", line 1207, in notify_disconnect
    return self._obj.invoke("notify_disconnect", _0_RTC.PortService._d_notify_disconnect, args)
omniORB.CORBA._omni_sys_exc: CORBA.TRANSIENT(omniORB.TRANSIENT_ConnectFailed, CORBA.COMPLETED_NO)

2024-11-29 17:11:13,483 file.ManagerServant INFO Master manager not found
2024-11-29 17:11:23,532 file.ManagerServant INFO Master manager not found
2024-11-29 17:11:33,602 file.ManagerServant INFO Master manager not found
