2024-11-28 18:59:19,734 file.manager INFO 2.0.0
2024-11-28 18:59:19,734 file.manager INFO Copyright (C) 2003-2022, Noriaki Ando and OpenRTM development team,
2024-11-28 18:59:19,734 file.manager INFO   Intelligent Systems Research Institute, AIST,
2024-11-28 18:59:19,734 file.manager INFO Copyright (C) 2022, Noriaki Ando and OpenRTM development team,
2024-11-28 18:59:19,734 file.manager INFO   Industrial Cyber-Physical Research Center, AIST,
2024-11-28 18:59:19,734 file.manager INFO   All right reserved.
2024-11-28 18:59:19,734 file.manager INFO Manager starting.
2024-11-28 18:59:19,734 file.manager INFO Starting local logging.
2024-11-28 18:59:19,750 file.manager.namingmanager INFO NameServer connection succeeded: corba/localhost
2024-11-28 18:59:23,814 file.ManagerServant INFO Master manager not found
2024-11-28 18:59:23,814 file.LocalServiceAdmin INFO All the local services are enabled.
2024-11-28 18:59:23,814 file.manager INFO Component type conf file: selector.conf loaded.
2024-11-28 18:59:23,814 file.ec_base INFO setRate(1000000.000000) done
2024-11-28 18:59:23,814 file.ec_base INFO setRate(1000.000000) done
2024-11-28 18:59:23,814 file.rtobject INFO 1 execution context was created.
2024-11-28 18:59:23,830 file.rtobject INFO Initial active configuration set is default.
2024-11-28 18:59:37,992 file.ManagerServant INFO Master manager not found
2024-11-28 18:59:48,053 file.ManagerServant INFO Master manager not found
2024-11-28 18:59:58,156 file.ManagerServant INFO Master manager not found
2024-11-28 19:00:08,159 file.ManagerServant INFO Master manager not found
2024-11-28 19:00:18,247 file.ManagerServant INFO Master manager not found
2024-11-28 19:00:28,235 file.ManagerServant INFO Master manager not found
2024-11-28 19:00:38,251 file.ManagerServant INFO Master manager not found
2024-11-28 19:00:48,336 file.ManagerServant INFO Master manager not found
2024-11-28 19:00:58,357 file.ManagerServant INFO Master manager not found
