2024-11-28 07:43:04,327 file.manager INFO 2.0.0
2024-11-28 07:43:04,327 file.manager INFO Copyright (C) 2003-2022, Noriaki Ando and OpenRTM development team,
2024-11-28 07:43:04,327 file.manager INFO   Intelligent Systems Research Institute, AIST,
2024-11-28 07:43:04,327 file.manager INFO Copyright (C) 2022, Noriaki Ando and OpenRTM development team,
2024-11-28 07:43:04,327 file.manager INFO   Industrial Cyber-Physical Research Center, AIST,
2024-11-28 07:43:04,327 file.manager INFO   All right reserved.
2024-11-28 07:43:04,327 file.manager INFO Manager starting.
2024-11-28 07:43:04,327 file.manager INFO Starting local logging.
2024-11-28 07:43:04,336 file.manager.namingmanager INFO NameServer connection succeeded: corba/localhost
2024-11-28 07:43:08,411 file.ManagerServant INFO Master manager not found
2024-11-28 07:43:08,412 file.LocalServiceAdmin INFO All the local services are enabled.
2024-11-28 07:43:08,419 file.manager INFO Component type conf file: selector.conf loaded.
2024-11-28 07:43:08,420 file.ec_base INFO setRate(1000000.000000) done
2024-11-28 07:43:08,420 file.ec_base INFO setRate(1000.000000) done
2024-11-28 07:43:08,421 file.rtobject INFO 1 execution context was created.
2024-11-28 07:43:08,428 file.rtobject INFO Initial active configuration set is default.
2024-11-28 07:43:22,553 file.ManagerServant INFO Master manager not found
2024-11-28 07:43:32,607 file.ManagerServant INFO Master manager not found
2024-11-28 07:43:42,689 file.ManagerServant INFO Master manager not found
2024-11-28 07:43:46,471 file.SdoServiceAdmin WARNING No available SDO service in the factory: 
2024-11-28 07:43:46,471 file.SdoServiceAdmin ERROR type  not exists.
2024-11-28 07:43:52,761 file.ManagerServant INFO Master manager not found
2024-11-28 07:44:02,842 file.ManagerServant INFO Master manager not found
2024-11-28 07:44:12,895 file.ManagerServant INFO Master manager not found
2024-11-28 07:44:22,955 file.ManagerServant INFO Master manager not found
2024-11-28 07:44:33,077 file.ManagerServant INFO Master manager not found
2024-11-28 07:44:43,093 file.ManagerServant INFO Master manager not found
