2024-11-28 08:22:04,458 file.manager INFO 2.0.0
2024-11-28 08:22:04,458 file.manager INFO Copyright (C) 2003-2022, Noriaki Ando and OpenRTM development team,
2024-11-28 08:22:04,458 file.manager INFO   Intelligent Systems Research Institute, AIST,
2024-11-28 08:22:04,458 file.manager INFO Copyright (C) 2022, Noriaki Ando and OpenRTM development team,
2024-11-28 08:22:04,458 file.manager INFO   Industrial Cyber-Physical Research Center, AIST,
2024-11-28 08:22:04,458 file.manager INFO   All right reserved.
2024-11-28 08:22:04,458 file.manager INFO Manager starting.
2024-11-28 08:22:04,458 file.manager INFO Starting local logging.
2024-11-28 08:22:04,483 file.manager.namingmanager INFO NameServer connection succeeded: corba/localhost
2024-11-28 08:22:08,585 file.ManagerServant INFO Master manager not found
2024-11-28 08:22:08,586 file.LocalServiceAdmin INFO All the local services are enabled.
2024-11-28 08:22:08,592 file.manager INFO Component type conf file: selector.conf loaded.
2024-11-28 08:22:08,593 file.ec_base INFO setRate(1000000.000000) done
2024-11-28 08:22:08,594 file.ec_base INFO setRate(1000.000000) done
2024-11-28 08:22:08,594 file.rtobject INFO 1 execution context was created.
2024-11-28 08:22:08,600 file.rtobject INFO Initial active configuration set is default.
2024-11-28 08:22:22,740 file.ManagerServant INFO Master manager not found
2024-11-28 08:22:32,832 file.ManagerServant INFO Master manager not found
2024-11-28 08:22:42,817 file.ManagerServant INFO Master manager not found
2024-11-28 08:22:52,896 file.ManagerServant INFO Master manager not found
2024-11-28 08:22:54,318 file.InPortConnector ERROR unknown error
2024-11-28 08:22:54,318 file.result_t ERROR unknown retern value from buffer.read()
2024-11-28 08:23:02,988 file.ManagerServant INFO Master manager not found
2024-11-28 08:23:13,063 file.ManagerServant INFO Master manager not found
2024-11-28 08:23:23,123 file.ManagerServant INFO Master manager not found
2024-11-28 08:23:33,233 file.ManagerServant INFO Master manager not found
2024-11-28 08:23:43,242 file.ManagerServant INFO Master manager not found
