2024-11-28 16:22:06,016 file.manager INFO 2.0.0
2024-11-28 16:22:06,016 file.manager INFO Copyright (C) 2003-2022, Noriaki Ando and OpenRTM development team,
2024-11-28 16:22:06,016 file.manager INFO   Intelligent Systems Research Institute, AIST,
2024-11-28 16:22:06,016 file.manager INFO Copyright (C) 2022, Noriaki Ando and OpenRTM development team,
2024-11-28 16:22:06,016 file.manager INFO   Industrial Cyber-Physical Research Center, AIST,
2024-11-28 16:22:06,016 file.manager INFO   All right reserved.
2024-11-28 16:22:06,016 file.manager INFO Manager starting.
2024-11-28 16:22:06,016 file.manager INFO Starting local logging.
2024-11-28 16:22:06,023 file.manager.namingmanager INFO NameServer connection succeeded: corba/localhost
2024-11-28 16:22:10,120 file.ManagerServant INFO Master manager not found
2024-11-28 16:22:10,121 file.LocalServiceAdmin INFO All the local services are enabled.
2024-11-28 16:22:10,132 file.manager INFO Component type conf file: selector.conf loaded.
2024-11-28 16:22:10,133 file.ec_base INFO setRate(1000000.000000) done
2024-11-28 16:22:10,134 file.ec_base INFO setRate(1000.000000) done
2024-11-28 16:22:10,134 file.rtobject INFO 1 execution context was created.
2024-11-28 16:22:10,137 file.rtobject INFO Initial active configuration set is default.
2024-11-28 16:22:24,296 file.ManagerServant INFO Master manager not found
2024-11-28 16:22:31,036 file.InPortConnector ERROR unknown error
2024-11-28 16:22:31,036 file.result_t ERROR unknown retern value from buffer.read()
2024-11-28 16:22:34,296 file.ManagerServant INFO Master manager not found
2024-11-28 16:22:44,291 file.ManagerServant INFO Master manager not found
2024-11-28 16:22:54,379 file.ManagerServant INFO Master manager not found
2024-11-28 16:23:04,450 file.ManagerServant INFO Master manager not found
2024-11-28 16:23:14,544 file.ManagerServant INFO Master manager not found
2024-11-28 16:23:24,669 file.ManagerServant INFO Master manager not found
2024-11-28 16:23:34,627 file.ManagerServant INFO Master manager not found
2024-11-28 16:23:44,646 file.ManagerServant INFO Master manager not found
2024-11-28 16:23:54,740 file.ManagerServant INFO Master manager not found
2024-11-28 16:24:04,750 file.ManagerServant INFO Master manager not found
2024-11-28 16:24:14,828 file.ManagerServant INFO Master manager not found
2024-11-28 16:24:24,950 file.ManagerServant INFO Master manager not found
2024-11-28 16:24:34,956 file.ManagerServant INFO Master manager not found
2024-11-28 16:24:44,946 file.ManagerServant INFO Master manager not found
2024-11-28 16:24:55,031 file.ManagerServant INFO Master manager not found
2024-11-28 16:25:05,118 file.ManagerServant INFO Master manager not found
2024-11-28 16:25:15,133 file.ManagerServant INFO Master manager not found
2024-11-28 16:25:25,162 file.ManagerServant INFO Master manager not found
2024-11-28 16:25:35,218 file.ManagerServant INFO Master manager not found
2024-11-28 16:25:45,247 file.ManagerServant INFO Master manager not found
2024-11-28 16:25:55,319 file.ManagerServant INFO Master manager not found
2024-11-28 16:26:05,317 file.ManagerServant INFO Master manager not found
2024-11-28 16:26:15,431 file.ManagerServant INFO Master manager not found
