2024-11-28 16:29:00,247 file.manager INFO 2.0.0
2024-11-28 16:29:00,248 file.manager INFO Copyright (C) 2003-2022, Noriaki Ando and OpenRTM development team,
2024-11-28 16:29:00,248 file.manager INFO   Intelligent Systems Research Institute, AIST,
2024-11-28 16:29:00,248 file.manager INFO Copyright (C) 2022, Noriaki Ando and OpenRTM development team,
2024-11-28 16:29:00,248 file.manager INFO   Industrial Cyber-Physical Research Center, AIST,
2024-11-28 16:29:00,248 file.manager INFO   All right reserved.
2024-11-28 16:29:00,248 file.manager INFO Manager starting.
2024-11-28 16:29:00,248 file.manager INFO Starting local logging.
2024-11-28 16:29:00,275 file.manager.namingmanager INFO NameServer connection succeeded: corba/localhost
2024-11-28 16:29:04,367 file.ManagerServant INFO Master manager not found
2024-11-28 16:29:04,367 file.LocalServiceAdmin INFO All the local services are enabled.
2024-11-28 16:29:04,371 file.manager INFO Component type conf file: selector.conf loaded.
2024-11-28 16:29:04,372 file.ec_base INFO setRate(1000000.000000) done
2024-11-28 16:29:04,373 file.ec_base INFO setRate(1000.000000) done
2024-11-28 16:29:04,373 file.rtobject INFO 1 execution context was created.
2024-11-28 16:29:04,377 file.rtobject INFO Initial active configuration set is default.
2024-11-28 16:29:18,539 file.ManagerServant INFO Master manager not found
2024-11-28 16:29:28,676 file.ManagerServant INFO Master manager not found
2024-11-28 16:29:38,646 file.ManagerServant INFO Master manager not found
2024-11-28 16:29:48,766 file.ManagerServant INFO Master manager not found
2024-11-28 16:29:58,847 file.ManagerServant INFO Master manager not found
2024-11-28 16:30:08,944 file.ManagerServant INFO Master manager not found
2024-11-28 16:30:19,033 file.ManagerServant INFO Master manager not found
2024-11-28 16:30:29,056 file.ManagerServant INFO Master manager not found
2024-11-28 16:30:39,162 file.ManagerServant INFO Master manager not found
2024-11-28 16:30:49,276 file.ManagerServant INFO Master manager not found
2024-11-28 16:30:59,352 file.ManagerServant INFO Master manager not found
2024-11-28 16:31:09,485 file.ManagerServant INFO Master manager not found
2024-11-28 16:31:19,548 file.ManagerServant INFO Master manager not found
2024-11-28 16:31:29,665 file.ManagerServant INFO Master manager not found
2024-11-28 16:31:39,714 file.ManagerServant INFO Master manager not found
2024-11-28 16:31:49,710 file.ManagerServant INFO Master manager not found
2024-11-28 16:31:59,741 file.ManagerServant INFO Master manager not found
2024-11-28 16:32:09,776 file.ManagerServant INFO Master manager not found
2024-11-28 16:32:19,812 file.ManagerServant INFO Master manager not found
2024-11-28 16:32:29,896 file.ManagerServant INFO Master manager not found
2024-11-28 16:32:39,881 file.ManagerServant INFO Master manager not found
2024-11-28 16:32:49,929 file.ManagerServant INFO Master manager not found
