2024-11-29 07:50:41,653 file.manager INFO 2.0.0
2024-11-29 07:50:41,654 file.manager INFO Copyright (C) 2003-2022, Noriaki Ando and OpenRTM development team,
2024-11-29 07:50:41,654 file.manager INFO   Intelligent Systems Research Institute, AIST,
2024-11-29 07:50:41,654 file.manager INFO Copyright (C) 2022, Noriaki Ando and OpenRTM development team,
2024-11-29 07:50:41,654 file.manager INFO   Industrial Cyber-Physical Research Center, AIST,
2024-11-29 07:50:41,654 file.manager INFO   All right reserved.
2024-11-29 07:50:41,654 file.manager INFO Manager starting.
2024-11-29 07:50:41,654 file.manager INFO Starting local logging.
2024-11-29 07:50:41,663 file.manager.namingmanager INFO NameServer connection succeeded: corba/localhost
2024-11-29 07:50:45,735 file.ManagerServant INFO Master manager not found
2024-11-29 07:50:45,735 file.LocalServiceAdmin INFO All the local services are enabled.
2024-11-29 07:50:45,735 file.manager INFO Component type conf file: selector.conf loaded.
2024-11-29 07:50:45,735 file.ec_base INFO setRate(1000000.000000) done
2024-11-29 07:50:45,735 file.ec_base INFO setRate(1000.000000) done
2024-11-29 07:50:45,735 file.rtobject INFO 1 execution context was created.
2024-11-29 07:50:45,751 file.rtobject INFO Initial active configuration set is default.
2024-11-29 07:50:59,923 file.ManagerServant INFO Master manager not found
2024-11-29 07:51:09,937 file.ManagerServant INFO Master manager not found
2024-11-29 07:51:20,000 file.ManagerServant INFO Master manager not found
2024-11-29 07:51:30,031 file.ManagerServant INFO Master manager not found
2024-11-29 07:51:40,155 file.ManagerServant INFO Master manager not found
2024-11-29 07:51:50,258 file.ManagerServant INFO Master manager not found
2024-11-29 07:52:00,366 file.ManagerServant INFO Master manager not found
