2024-11-28 15:36:55,889 file.manager INFO 2.0.0
2024-11-28 15:36:55,889 file.manager INFO Copyright (C) 2003-2022, Noriaki Ando and OpenRTM development team,
2024-11-28 15:36:55,889 file.manager INFO   Intelligent Systems Research Institute, AIST,
2024-11-28 15:36:55,889 file.manager INFO Copyright (C) 2022, Noriaki Ando and OpenRTM development team,
2024-11-28 15:36:55,889 file.manager INFO   Industrial Cyber-Physical Research Center, AIST,
2024-11-28 15:36:55,889 file.manager INFO   All right reserved.
2024-11-28 15:36:55,889 file.manager INFO Manager starting.
2024-11-28 15:36:55,889 file.manager INFO Starting local logging.
2024-11-28 15:36:55,910 file.manager.namingmanager INFO NameServer connection succeeded: corba/localhost
2024-11-28 15:36:59,981 file.ManagerServant INFO Master manager not found
2024-11-28 15:36:59,981 file.LocalServiceAdmin INFO All the local services are enabled.
2024-11-28 15:36:59,981 file.manager INFO Component type conf file: selector.conf loaded.
2024-11-28 15:36:59,981 file.ec_base INFO setRate(1000000.000000) done
2024-11-28 15:36:59,981 file.ec_base INFO setRate(1000.000000) done
2024-11-28 15:36:59,981 file.rtobject INFO 1 execution context was created.
2024-11-28 15:36:59,991 file.rtobject INFO Initial active configuration set is default.
2024-11-28 15:37:14,175 file.ManagerServant INFO Master manager not found
2024-11-28 15:37:16,927 file.SdoServiceAdmin WARNING No available SDO service in the factory: 
2024-11-28 15:37:16,928 file.SdoServiceAdmin ERROR type  not exists.
2024-11-28 15:37:24,154 file.ManagerServant INFO Master manager not found
2024-11-28 15:37:34,152 file.ManagerServant INFO Master manager not found
2024-11-28 15:37:44,242 file.ManagerServant INFO Master manager not found
2024-11-28 15:37:54,249 file.ManagerServant INFO Master manager not found
2024-11-28 15:38:04,273 file.ManagerServant INFO Master manager not found
2024-11-28 15:38:14,275 file.ManagerServant INFO Master manager not found
2024-11-28 15:38:24,268 file.ManagerServant INFO Master manager not found
2024-11-28 15:38:34,366 file.ManagerServant INFO Master manager not found
2024-11-28 15:38:44,359 file.ManagerServant INFO Master manager not found
2024-11-28 15:38:54,367 file.ManagerServant INFO Master manager not found
2024-11-28 15:39:04,431 file.ManagerServant INFO Master manager not found
2024-11-28 15:39:14,524 file.ManagerServant INFO Master manager not found
2024-11-28 15:39:17,063 file.InPortConnector ERROR unknown error
2024-11-28 15:39:17,063 file.result_t ERROR unknown retern value from buffer.read()
2024-11-28 15:39:17,065 file.rtobject ERROR Traceback (most recent call last):
  File "C:\Users\enshu\AppData\Local\Programs\Python\Python310\lib\site-packages\OpenRTM_aist\DataFlowComponentBase.py", line 123, in on_execute
    ret = self.onExecute(ec_id)
  File "C:\Users\enshu\workspace\selector\selector.py", line 235, in onExecute
    footage = self._t_list[-1] + ".png"
TypeError: unsupported operand type(s) for +: 'TimedString' and 'str'

2024-11-28 15:39:24,496 file.ManagerServant INFO Master manager not found
2024-11-28 15:39:34,506 file.ManagerServant INFO Master manager not found
2024-11-28 15:39:44,526 file.ManagerServant INFO Master manager not found
2024-11-28 15:39:54,595 file.ManagerServant INFO Master manager not found
2024-11-28 15:40:04,610 file.ManagerServant INFO Master manager not found
2024-11-28 15:40:14,633 file.ManagerServant INFO Master manager not found
2024-11-28 15:40:24,699 file.ManagerServant INFO Master manager not found
2024-11-28 15:40:34,723 file.ManagerServant INFO Master manager not found
2024-11-28 15:40:44,741 file.ManagerServant INFO Master manager not found
2024-11-28 15:40:54,815 file.ManagerServant INFO Master manager not found
2024-11-28 15:41:04,865 file.ManagerServant INFO Master manager not found
2024-11-28 15:41:14,905 file.ManagerServant INFO Master manager not found
2024-11-28 15:41:24,946 file.ManagerServant INFO Master manager not found
