2024-11-28 15:56:54,073 file.manager INFO 2.0.0
2024-11-28 15:56:54,073 file.manager INFO Copyright (C) 2003-2022, Noriaki Ando and OpenRTM development team,
2024-11-28 15:56:54,073 file.manager INFO   Intelligent Systems Research Institute, AIST,
2024-11-28 15:56:54,073 file.manager INFO Copyright (C) 2022, Noriaki Ando and OpenRTM development team,
2024-11-28 15:56:54,073 file.manager INFO   Industrial Cyber-Physical Research Center, AIST,
2024-11-28 15:56:54,073 file.manager INFO   All right reserved.
2024-11-28 15:56:54,073 file.manager INFO Manager starting.
2024-11-28 15:56:54,073 file.manager INFO Starting local logging.
2024-11-28 15:56:54,101 file.manager.namingmanager INFO NameServer connection succeeded: corba/localhost
2024-11-28 15:56:58,175 file.ManagerServant INFO Master manager not found
2024-11-28 15:56:58,176 file.LocalServiceAdmin INFO All the local services are enabled.
2024-11-28 15:56:58,179 file.manager INFO Component type conf file: selector.conf loaded.
2024-11-28 15:56:58,180 file.ec_base INFO setRate(1000000.000000) done
2024-11-28 15:56:58,180 file.ec_base INFO setRate(1000.000000) done
2024-11-28 15:56:58,181 file.rtobject INFO 1 execution context was created.
2024-11-28 15:56:58,184 file.rtobject INFO Initial active configuration set is default.
2024-11-28 15:57:12,385 file.ManagerServant INFO Master manager not found
2024-11-28 15:57:16,336 file.InPortConnector ERROR unknown error
2024-11-28 15:57:16,337 file.result_t ERROR unknown retern value from buffer.read()
2024-11-28 15:57:16,338 file.rtobject ERROR Traceback (most recent call last):
  File "C:\Users\enshu\AppData\Local\Programs\Python\Python310\lib\site-packages\OpenRTM_aist\DataFlowComponentBase.py", line 123, in on_execute
    ret = self.onExecute(ec_id)
  File "C:\Users\enshu\workspace\selector\selector.py", line 235, in onExecute
    print(self.t_list[-1])
AttributeError: 'selector' object has no attribute 't_list'

2024-11-28 15:57:22,401 file.ManagerServant INFO Master manager not found
2024-11-28 15:57:32,528 file.ManagerServant INFO Master manager not found
2024-11-28 15:57:42,539 file.ManagerServant INFO Master manager not found
2024-11-28 15:57:52,535 file.ManagerServant INFO Master manager not found
2024-11-28 15:57:59,838 file.SdoServiceAdmin WARNING No available SDO service in the factory: 
2024-11-28 15:57:59,838 file.SdoServiceAdmin ERROR type  not exists.
2024-11-28 15:58:02,631 file.ManagerServant INFO Master manager not found
2024-11-28 15:58:12,636 file.ManagerServant INFO Master manager not found
2024-11-28 15:58:22,767 file.ManagerServant INFO Master manager not found
2024-11-28 15:58:32,741 file.ManagerServant INFO Master manager not found
2024-11-28 15:58:42,822 file.ManagerServant INFO Master manager not found
