2024-11-29 16:12:07,970 file.manager INFO 2.0.0
2024-11-29 16:12:07,970 file.manager INFO Copyright (C) 2003-2022, Noriaki Ando and OpenRTM development team,
2024-11-29 16:12:07,970 file.manager INFO   Intelligent Systems Research Institute, AIST,
2024-11-29 16:12:07,970 file.manager INFO Copyright (C) 2022, Noriaki Ando and OpenRTM development team,
2024-11-29 16:12:07,970 file.manager INFO   Industrial Cyber-Physical Research Center, AIST,
2024-11-29 16:12:07,971 file.manager INFO   All right reserved.
2024-11-29 16:12:07,971 file.manager INFO Manager starting.
2024-11-29 16:12:07,971 file.manager INFO Starting local logging.
2024-11-29 16:12:07,982 file.manager.namingmanager INFO NameServer connection succeeded: corba/localhost
2024-11-29 16:12:12,065 file.ManagerServant INFO Master manager not found
2024-11-29 16:12:12,065 file.LocalServiceAdmin INFO All the local services are enabled.
2024-11-29 16:12:12,065 file.manager INFO Component type conf file: selector.conf loaded.
2024-11-29 16:12:12,065 file.ec_base INFO setRate(1000000.000000) done
2024-11-29 16:12:12,065 file.ec_base INFO setRate(1000.000000) done
2024-11-29 16:12:12,065 file.rtobject INFO 1 execution context was created.
2024-11-29 16:12:12,081 file.rtobject INFO Initial active configuration set is default.
2024-11-29 16:12:26,179 file.ManagerServant INFO Master manager not found
2024-11-29 16:12:36,265 file.ManagerServant INFO Master manager not found
2024-11-29 16:12:46,250 file.ManagerServant INFO Master manager not found
2024-11-29 16:12:56,340 file.ManagerServant INFO Master manager not found
2024-11-29 16:13:06,348 file.ManagerServant INFO Master manager not found
2024-11-29 16:13:16,372 file.ManagerServant INFO Master manager not found
2024-11-29 16:13:26,466 file.ManagerServant INFO Master manager not found
2024-11-29 16:13:36,481 file.ManagerServant INFO Master manager not found
2024-11-29 16:13:46,601 file.ManagerServant INFO Master manager not found
2024-11-29 16:13:56,610 file.ManagerServant INFO Master manager not found
2024-11-29 16:14:06,658 file.ManagerServant INFO Master manager not found
2024-11-29 16:14:16,659 file.ManagerServant INFO Master manager not found
2024-11-29 16:14:26,723 file.ManagerServant INFO Master manager not found
2024-11-29 16:14:36,807 file.ManagerServant INFO Master manager not found
2024-11-29 16:14:46,865 file.ManagerServant INFO Master manager not found
2024-11-29 16:14:56,910 file.ManagerServant INFO Master manager not found
2024-11-29 16:15:06,980 file.ManagerServant INFO Master manager not found
2024-11-29 16:15:17,087 file.ManagerServant INFO Master manager not found
2024-11-29 16:15:27,116 file.ManagerServant INFO Master manager not found
2024-11-29 16:15:37,206 file.ManagerServant INFO Master manager not found
2024-11-29 16:15:47,272 file.ManagerServant INFO Master manager not found
2024-11-29 16:15:57,344 file.ManagerServant INFO Master manager not found
2024-11-29 16:16:07,413 file.ManagerServant INFO Master manager not found
2024-11-29 16:16:17,446 file.ManagerServant INFO Master manager not found
