2024-11-28 08:19:15,977 file.manager INFO 2.0.0
2024-11-28 08:19:15,977 file.manager INFO Copyright (C) 2003-2022, Noriaki Ando and OpenRTM development team,
2024-11-28 08:19:15,977 file.manager INFO   Intelligent Systems Research Institute, AIST,
2024-11-28 08:19:15,977 file.manager INFO Copyright (C) 2022, Noriaki Ando and OpenRTM development team,
2024-11-28 08:19:15,977 file.manager INFO   Industrial Cyber-Physical Research Center, AIST,
2024-11-28 08:19:15,977 file.manager INFO   All right reserved.
2024-11-28 08:19:15,977 file.manager INFO Manager starting.
2024-11-28 08:19:15,977 file.manager INFO Starting local logging.
2024-11-28 08:19:15,990 file.manager.namingmanager INFO NameServer connection succeeded: corba/localhost
2024-11-28 08:19:20,053 file.ManagerServant INFO Master manager not found
2024-11-28 08:19:20,053 file.LocalServiceAdmin INFO All the local services are enabled.
2024-11-28 08:19:20,053 file.manager INFO Component type conf file: selector.conf loaded.
2024-11-28 08:19:20,053 file.ec_base INFO setRate(1000000.000000) done
2024-11-28 08:19:20,053 file.ec_base INFO setRate(1000.000000) done
2024-11-28 08:19:20,053 file.rtobject INFO 1 execution context was created.
2024-11-28 08:19:20,069 file.rtobject INFO Initial active configuration set is default.
2024-11-28 08:19:27,323 file.SdoServiceAdmin WARNING No available SDO service in the factory: 
2024-11-28 08:19:27,323 file.SdoServiceAdmin ERROR type  not exists.
2024-11-28 08:19:34,188 file.ManagerServant INFO Master manager not found
2024-11-28 08:19:44,209 file.ManagerServant INFO Master manager not found
2024-11-28 08:19:54,255 file.ManagerServant INFO Master manager not found
2024-11-28 08:20:04,314 file.ManagerServant INFO Master manager not found
2024-11-28 08:20:14,326 file.ManagerServant INFO Master manager not found
2024-11-28 08:20:24,380 file.ManagerServant INFO Master manager not found
2024-11-28 08:20:34,394 file.ManagerServant INFO Master manager not found
2024-11-28 08:20:44,443 file.ManagerServant INFO Master manager not found
2024-11-28 08:20:54,452 file.ManagerServant INFO Master manager not found
2024-11-28 08:21:04,542 file.ManagerServant INFO Master manager not found
2024-11-28 08:21:14,636 file.ManagerServant INFO Master manager not found
2024-11-28 08:21:24,629 file.ManagerServant INFO Master manager not found
2024-11-28 08:21:34,622 file.ManagerServant INFO Master manager not found
2024-11-28 08:21:44,772 file.ManagerServant INFO Master manager not found
2024-11-28 08:21:54,803 file.ManagerServant INFO Master manager not found
