2024-11-28 08:24:06,878 file.manager INFO 2.0.0
2024-11-28 08:24:06,878 file.manager INFO Copyright (C) 2003-2022, Noriaki Ando and OpenRTM development team,
2024-11-28 08:24:06,878 file.manager INFO   Intelligent Systems Research Institute, AIST,
2024-11-28 08:24:06,878 file.manager INFO Copyright (C) 2022, Noriaki Ando and OpenRTM development team,
2024-11-28 08:24:06,878 file.manager INFO   Industrial Cyber-Physical Research Center, AIST,
2024-11-28 08:24:06,878 file.manager INFO   All right reserved.
2024-11-28 08:24:06,878 file.manager INFO Manager starting.
2024-11-28 08:24:06,878 file.manager INFO Starting local logging.
2024-11-28 08:24:06,893 file.manager.namingmanager INFO NameServer connection succeeded: corba/localhost
2024-11-28 08:24:11,001 file.ManagerServant INFO Master manager not found
2024-11-28 08:24:11,001 file.LocalServiceAdmin INFO All the local services are enabled.
2024-11-28 08:24:11,001 file.manager INFO Component type conf file: selector.conf loaded.
2024-11-28 08:24:11,001 file.ec_base INFO setRate(1000000.000000) done
2024-11-28 08:24:11,001 file.ec_base INFO setRate(1000.000000) done
2024-11-28 08:24:11,001 file.rtobject INFO 1 execution context was created.
2024-11-28 08:24:11,017 file.rtobject INFO Initial active configuration set is default.
2024-11-28 08:24:25,179 file.ManagerServant INFO Master manager not found
2024-11-28 08:24:35,253 file.ManagerServant INFO Master manager not found
2024-11-28 08:24:45,371 file.ManagerServant INFO Master manager not found
2024-11-28 08:24:55,256 file.InPortConnector ERROR unknown error
2024-11-28 08:24:55,257 file.result_t ERROR unknown retern value from buffer.read()
2024-11-28 08:24:55,445 file.ManagerServant INFO Master manager not found
2024-11-28 08:25:05,479 file.ManagerServant INFO Master manager not found
2024-11-28 08:25:15,449 file.ManagerServant INFO Master manager not found
2024-11-28 08:25:25,542 file.ManagerServant INFO Master manager not found
2024-11-28 08:25:35,663 file.ManagerServant INFO Master manager not found
2024-11-28 08:25:45,689 file.ManagerServant INFO Master manager not found
2024-11-28 08:25:55,713 file.ManagerServant INFO Master manager not found
