2024-11-29 07:52:26,060 file.manager INFO 2.0.0
2024-11-29 07:52:26,060 file.manager INFO Copyright (C) 2003-2022, Noriaki Ando and OpenRTM development team,
2024-11-29 07:52:26,060 file.manager INFO   Intelligent Systems Research Institute, AIST,
2024-11-29 07:52:26,060 file.manager INFO Copyright (C) 2022, Noriaki Ando and OpenRTM development team,
2024-11-29 07:52:26,060 file.manager INFO   Industrial Cyber-Physical Research Center, AIST,
2024-11-29 07:52:26,060 file.manager INFO   All right reserved.
2024-11-29 07:52:26,060 file.manager INFO Manager starting.
2024-11-29 07:52:26,060 file.manager INFO Starting local logging.
2024-11-29 07:52:26,076 file.manager.namingmanager INFO NameServer connection succeeded: corba/localhost
2024-11-29 07:52:30,190 file.ManagerServant INFO Master manager not found
2024-11-29 07:52:30,192 file.LocalServiceAdmin INFO All the local services are enabled.
2024-11-29 07:52:30,197 file.manager INFO Component type conf file: selector.conf loaded.
2024-11-29 07:52:30,199 file.ec_base INFO setRate(1000000.000000) done
2024-11-29 07:52:30,199 file.ec_base INFO setRate(1000.000000) done
2024-11-29 07:52:30,200 file.rtobject INFO 1 execution context was created.
2024-11-29 07:52:30,207 file.rtobject INFO Initial active configuration set is default.
2024-11-29 07:52:44,314 file.ManagerServant INFO Master manager not found
2024-11-29 07:52:54,286 file.ManagerServant INFO Master manager not found
2024-11-29 07:53:04,294 file.ManagerServant INFO Master manager not found
2024-11-29 07:53:14,402 file.ManagerServant INFO Master manager not found
2024-11-29 07:53:24,445 file.ManagerServant INFO Master manager not found
2024-11-29 07:53:34,503 file.ManagerServant INFO Master manager not found
2024-11-29 07:53:44,621 file.ManagerServant INFO Master manager not found
