2024-11-28 15:53:47,323 file.manager INFO 2.0.0
2024-11-28 15:53:47,323 file.manager INFO Copyright (C) 2003-2022, Noriaki Ando and OpenRTM development team,
2024-11-28 15:53:47,323 file.manager INFO   Intelligent Systems Research Institute, AIST,
2024-11-28 15:53:47,323 file.manager INFO Copyright (C) 2022, Noriaki Ando and OpenRTM development team,
2024-11-28 15:53:47,323 file.manager INFO   Industrial Cyber-Physical Research Center, AIST,
2024-11-28 15:53:47,323 file.manager INFO   All right reserved.
2024-11-28 15:53:47,323 file.manager INFO Manager starting.
2024-11-28 15:53:47,323 file.manager INFO Starting local logging.
2024-11-28 15:53:47,332 file.manager.namingmanager INFO NameServer connection succeeded: corba/localhost
2024-11-28 15:53:51,430 file.ManagerServant INFO Master manager not found
2024-11-28 15:53:51,431 file.LocalServiceAdmin INFO All the local services are enabled.
2024-11-28 15:53:51,435 file.manager INFO Component type conf file: selector.conf loaded.
2024-11-28 15:53:51,436 file.ec_base INFO setRate(1000000.000000) done
2024-11-28 15:53:51,436 file.ec_base INFO setRate(1000.000000) done
2024-11-28 15:53:51,437 file.rtobject INFO 1 execution context was created.
2024-11-28 15:53:51,440 file.rtobject INFO Initial active configuration set is default.
2024-11-28 15:54:05,599 file.ManagerServant INFO Master manager not found
2024-11-28 15:54:13,655 file.InPortConnector ERROR unknown error
2024-11-28 15:54:13,655 file.result_t ERROR unknown retern value from buffer.read()
2024-11-28 15:54:13,657 file.rtobject ERROR Traceback (most recent call last):
  File "C:\Users\enshu\AppData\Local\Programs\Python\Python310\lib\site-packages\OpenRTM_aist\DataFlowComponentBase.py", line 123, in on_execute
    ret = self.onExecute(ec_id)
  File "C:\Users\enshu\workspace\selector\selector.py", line 236, in onExecute
    print(self.t_list[-1])
AttributeError: 'selector' object has no attribute 't_list'

2024-11-28 15:54:15,634 file.ManagerServant INFO Master manager not found
2024-11-28 15:54:25,638 file.ManagerServant INFO Master manager not found
2024-11-28 15:54:35,726 file.ManagerServant INFO Master manager not found
2024-11-28 15:54:45,809 file.ManagerServant INFO Master manager not found
2024-11-28 15:54:55,881 file.ManagerServant INFO Master manager not found
2024-11-28 15:55:05,993 file.ManagerServant INFO Master manager not found
2024-11-28 15:55:15,983 file.ManagerServant INFO Master manager not found
2024-11-28 15:55:26,018 file.ManagerServant INFO Master manager not found
2024-11-28 15:55:36,117 file.ManagerServant INFO Master manager not found
2024-11-28 15:55:46,147 file.ManagerServant INFO Master manager not found
2024-11-28 15:55:50,418 file.SdoServiceAdmin WARNING No available SDO service in the factory: 
2024-11-28 15:55:50,418 file.SdoServiceAdmin ERROR type  not exists.
