2024-11-28 08:15:39,032 file.manager INFO 2.0.0
2024-11-28 08:15:39,032 file.manager INFO Copyright (C) 2003-2022, Noriaki Ando and OpenRTM development team,
2024-11-28 08:15:39,032 file.manager INFO   Intelligent Systems Research Institute, AIST,
2024-11-28 08:15:39,032 file.manager INFO Copyright (C) 2022, Noriaki Ando and OpenRTM development team,
2024-11-28 08:15:39,032 file.manager INFO   Industrial Cyber-Physical Research Center, AIST,
2024-11-28 08:15:39,032 file.manager INFO   All right reserved.
2024-11-28 08:15:39,032 file.manager INFO Manager starting.
2024-11-28 08:15:39,032 file.manager INFO Starting local logging.
2024-11-28 08:15:39,032 file.manager.namingmanager INFO NameServer connection succeeded: corba/localhost
2024-11-28 08:15:43,137 file.ManagerServant INFO Master manager not found
2024-11-28 08:15:43,137 file.LocalServiceAdmin INFO All the local services are enabled.
2024-11-28 08:15:43,137 file.manager INFO Component type conf file: selector.conf loaded.
2024-11-28 08:15:43,137 file.ec_base INFO setRate(1000000.000000) done
2024-11-28 08:15:43,137 file.ec_base INFO setRate(1000.000000) done
2024-11-28 08:15:43,137 file.rtobject INFO 1 execution context was created.
2024-11-28 08:15:43,152 file.rtobject INFO Initial active configuration set is default.
2024-11-28 08:15:57,272 file.ManagerServant INFO Master manager not found
2024-11-28 08:16:07,363 file.ManagerServant INFO Master manager not found
2024-11-28 08:17:03,038 file.ManagerServant INFO Master manager not found
2024-11-28 08:17:08,057 file.SdoServiceAdmin WARNING No available SDO service in the factory: 
2024-11-28 08:17:08,058 file.SdoServiceAdmin ERROR type  not exists.
2024-11-28 08:17:13,019 file.ManagerServant INFO Master manager not found
2024-11-28 08:17:23,111 file.ManagerServant INFO Master manager not found
2024-11-28 08:17:33,093 file.ManagerServant INFO Master manager not found
2024-11-28 08:17:43,153 file.ManagerServant INFO Master manager not found
2024-11-28 08:17:53,233 file.ManagerServant INFO Master manager not found
2024-11-28 08:18:03,319 file.ManagerServant INFO Master manager not found
