2024-11-30 15:51:00,117 file.manager INFO 2.0.0
2024-11-30 15:51:00,117 file.manager INFO Copyright (C) 2003-2022, Noriaki Ando and OpenRTM development team,
2024-11-30 15:51:00,117 file.manager INFO   Intelligent Systems Research Institute, AIST,
2024-11-30 15:51:00,117 file.manager INFO Copyright (C) 2022, Noriaki Ando and OpenRTM development team,
2024-11-30 15:51:00,117 file.manager INFO   Industrial Cyber-Physical Research Center, AIST,
2024-11-30 15:51:00,119 file.manager INFO   All right reserved.
2024-11-30 15:51:00,119 file.manager INFO Manager starting.
2024-11-30 15:51:00,119 file.manager INFO Starting local logging.
2024-11-30 15:51:00,127 file.manager.namingmanager INFO NameServer connection succeeded: corba/localhost
2024-11-30 15:51:04,209 file.ManagerServant INFO Master manager not found
2024-11-30 15:51:04,209 file.LocalServiceAdmin INFO All the local services are enabled.
2024-11-30 15:51:04,209 file.manager INFO Component type conf file: selector.conf loaded.
2024-11-30 15:51:04,209 file.ec_base INFO setRate(1000000.000000) done
2024-11-30 15:51:04,209 file.ec_base INFO setRate(1000.000000) done
2024-11-30 15:51:04,209 file.rtobject INFO 1 execution context was created.
2024-11-30 15:51:04,225 file.rtobject INFO Initial active configuration set is default.
2024-11-30 15:51:18,308 file.ManagerServant INFO Master manager not found
2024-11-30 15:51:28,327 file.ManagerServant INFO Master manager not found
2024-11-30 15:51:38,428 file.ManagerServant INFO Master manager not found
2024-11-30 15:51:48,527 file.ManagerServant INFO Master manager not found
2024-11-30 15:51:58,541 file.ManagerServant INFO Master manager not found
2024-11-30 15:52:08,547 file.ManagerServant INFO Master manager not found
2024-11-30 15:52:18,590 file.ManagerServant INFO Master manager not found
2024-11-30 15:52:28,659 file.ManagerServant INFO Master manager not found
2024-11-30 15:52:38,668 file.ManagerServant INFO Master manager not found
2024-11-30 15:52:48,778 file.ManagerServant INFO Master manager not found
2024-11-30 15:52:58,744 file.ManagerServant INFO Master manager not found
2024-11-30 15:53:08,808 file.ManagerServant INFO Master manager not found
2024-11-30 15:53:18,918 file.ManagerServant INFO Master manager not found
2024-11-30 15:53:28,903 file.ManagerServant INFO Master manager not found
2024-11-30 15:53:38,994 file.ManagerServant INFO Master manager not found
2024-11-30 15:53:49,117 file.ManagerServant INFO Master manager not found
2024-11-30 15:53:59,217 file.ManagerServant INFO Master manager not found
2024-11-30 15:54:09,310 file.ManagerServant INFO Master manager not found
2024-11-30 15:54:19,414 file.ManagerServant INFO Master manager not found
2024-11-30 15:54:29,499 file.ManagerServant INFO Master manager not found
2024-11-30 15:54:39,586 file.ManagerServant INFO Master manager not found
2024-11-30 15:54:49,678 file.ManagerServant INFO Master manager not found
2024-11-30 15:54:59,684 file.ManagerServant INFO Master manager not found
2024-11-30 15:55:09,769 file.ManagerServant INFO Master manager not found
2024-11-30 15:55:19,862 file.ManagerServant INFO Master manager not found
2024-11-30 15:55:29,914 file.ManagerServant INFO Master manager not found
2024-11-30 15:55:39,990 file.ManagerServant INFO Master manager not found
2024-11-30 15:55:50,036 file.ManagerServant INFO Master manager not found
2024-11-30 15:56:00,161 file.ManagerServant INFO Master manager not found
2024-11-30 15:56:10,147 file.ManagerServant INFO Master manager not found
2024-11-30 15:56:20,256 file.ManagerServant INFO Master manager not found
2024-11-30 15:56:30,229 file.ManagerServant INFO Master manager not found
2024-11-30 15:56:40,340 file.ManagerServant INFO Master manager not found
2024-11-30 15:56:50,334 file.ManagerServant INFO Master manager not found
2024-11-30 15:57:00,446 file.ManagerServant INFO Master manager not found
2024-11-30 15:57:10,551 file.ManagerServant INFO Master manager not found
2024-11-30 15:57:20,611 file.ManagerServant INFO Master manager not found
2024-11-30 15:57:30,648 file.ManagerServant INFO Master manager not found
