2024-11-28 17:13:58,986 file.manager INFO 2.0.0
2024-11-28 17:13:58,986 file.manager INFO Copyright (C) 2003-2022, Noriaki Ando and OpenRTM development team,
2024-11-28 17:13:58,986 file.manager INFO   Intelligent Systems Research Institute, AIST,
2024-11-28 17:13:58,986 file.manager INFO Copyright (C) 2022, Noriaki Ando and OpenRTM development team,
2024-11-28 17:13:58,986 file.manager INFO   Industrial Cyber-Physical Research Center, AIST,
2024-11-28 17:13:58,986 file.manager INFO   All right reserved.
2024-11-28 17:13:58,986 file.manager INFO Manager starting.
2024-11-28 17:13:58,986 file.manager INFO Starting local logging.
2024-11-28 17:13:59,016 file.manager.namingmanager INFO NameServer connection succeeded: corba/localhost
2024-11-28 17:14:03,133 file.ManagerServant INFO Master manager not found
2024-11-28 17:14:03,135 file.LocalServiceAdmin INFO All the local services are enabled.
2024-11-28 17:14:03,137 file.manager INFO Component type conf file: selector.conf loaded.
2024-11-28 17:14:03,137 file.ec_base INFO setRate(1000000.000000) done
2024-11-28 17:14:03,140 file.ec_base INFO setRate(1000.000000) done
2024-11-28 17:14:03,140 file.rtobject INFO 1 execution context was created.
2024-11-28 17:14:03,143 file.rtobject INFO Initial active configuration set is default.
2024-11-28 17:14:15,430 file.SdoServiceAdmin WARNING No available SDO service in the factory: 
2024-11-28 17:14:15,430 file.SdoServiceAdmin ERROR type  not exists.
2024-11-28 17:14:17,245 file.ManagerServant INFO Master manager not found
2024-11-28 17:14:27,344 file.ManagerServant INFO Master manager not found
2024-11-28 17:14:37,340 file.ManagerServant INFO Master manager not found
2024-11-28 17:14:47,421 file.ManagerServant INFO Master manager not found
2024-11-28 17:14:57,411 file.ManagerServant INFO Master manager not found
2024-11-28 17:15:07,485 file.ManagerServant INFO Master manager not found
2024-11-28 17:15:17,576 file.ManagerServant INFO Master manager not found
